{"C:\\Dev\\Projects\\chayns-helper\\src\\globals.d.ts": {"path":"C:\\Dev\\Projects\\chayns-helper\\src\\globals.d.ts","statementMap":{},"fnMap":{},"branchMap":{},"s":{},"f":{},"b":{},"inputSourceMap":null}
,"C:\\Dev\\Projects\\chayns-helper\\src\\index.ts": {"path":"C:\\Dev\\Projects\\chayns-helper\\src\\index.ts","statementMap":{"0":{"start":{"line":2,"column":0},"end":{"line":2,"column":9}},"1":{"start":{"line":2,"column":9},"end":{"line":2,"column":62}},"2":{"start":{"line":4,"column":0},"end":{"line":4,"column":9}},"3":{"start":{"line":4,"column":9},"end":{"line":4,"column":40}},"4":{"start":{"line":5,"column":0},"end":{"line":5,"column":9}},"5":{"start":{"line":5,"column":9},"end":{"line":5,"column":37}},"6":{"start":{"line":6,"column":0},"end":{"line":6,"column":9}},"7":{"start":{"line":6,"column":9},"end":{"line":6,"column":38}},"8":{"start":{"line":7,"column":0},"end":{"line":7,"column":9}},"9":{"start":{"line":7,"column":9},"end":{"line":7,"column":27}},"10":{"start":{"line":8,"column":0},"end":{"line":8,"column":9}},"11":{"start":{"line":8,"column":9},"end":{"line":8,"column":33}},"12":{"start":{"line":9,"column":0},"end":{"line":9,"column":9}},"13":{"start":{"line":9,"column":9},"end":{"line":9,"column":27}},"14":{"start":{"line":10,"column":0},"end":{"line":10,"column":9}},"15":{"start":{"line":10,"column":9},"end":{"line":10,"column":27}},"16":{"start":{"line":11,"column":0},"end":{"line":11,"column":9}},"17":{"start":{"line":11,"column":9},"end":{"line":11,"column":39}},"18":{"start":{"line":12,"column":0},"end":{"line":12,"column":9}},"19":{"start":{"line":12,"column":9},"end":{"line":12,"column":38}},"20":{"start":{"line":13,"column":0},"end":{"line":13,"column":9}},"21":{"start":{"line":13,"column":9},"end":{"line":13,"column":39}},"22":{"start":{"line":14,"column":0},"end":{"line":14,"column":9}},"23":{"start":{"line":14,"column":9},"end":{"line":14,"column":28}},"24":{"start":{"line":15,"column":0},"end":{"line":15,"column":9}},"25":{"start":{"line":15,"column":9},"end":{"line":15,"column":32}},"26":{"start":{"line":17,"column":0},"end":{"line":17,"column":9}},"27":{"start":{"line":17,"column":9},"end":{"line":17,"column":31}},"28":{"start":{"line":18,"column":0},"end":{"line":18,"column":9}},"29":{"start":{"line":18,"column":9},"end":{"line":18,"column":32}},"30":{"start":{"line":19,"column":0},"end":{"line":19,"column":null}},"31":{"start":{"line":20,"column":4},"end":{"line":20,"column":31}},"32":{"start":{"line":20,"column":33},"end":{"line":20,"column":57}},"33":{"start":{"line":20,"column":57},"end":{"line":20,"column":null}},"34":{"start":{"line":23,"column":0},"end":{"line":23,"column":9}},"35":{"start":{"line":23,"column":9},"end":{"line":23,"column":32}},"36":{"start":{"line":24,"column":0},"end":{"line":24,"column":9}},"37":{"start":{"line":24,"column":9},"end":{"line":24,"column":61}},"38":{"start":{"line":25,"column":0},"end":{"line":25,"column":9}},"39":{"start":{"line":25,"column":9},"end":{"line":25,"column":31}},"40":{"start":{"line":26,"column":0},"end":{"line":26,"column":9}},"41":{"start":{"line":26,"column":9},"end":{"line":26,"column":33}},"42":{"start":{"line":27,"column":0},"end":{"line":27,"column":9}},"43":{"start":{"line":27,"column":9},"end":{"line":27,"column":31}},"44":{"start":{"line":27,"column":33},"end":{"line":27,"column":92}},"45":{"start":{"line":28,"column":0},"end":{"line":28,"column":9}},"46":{"start":{"line":28,"column":9},"end":{"line":28,"column":32}},"47":{"start":{"line":28,"column":34},"end":{"line":28,"column":95}},"48":{"start":{"line":29,"column":0},"end":{"line":29,"column":null}},"49":{"start":{"line":30,"column":4},"end":{"line":30,"column":33}},"50":{"start":{"line":30,"column":35},"end":{"line":30,"column":54}},"51":{"start":{"line":30,"column":54},"end":{"line":30,"column":70}},"52":{"start":{"line":30,"column":70},"end":{"line":30,"column":null}},"53":{"start":{"line":32,"column":0},"end":{"line":32,"column":9}},"54":{"start":{"line":32,"column":9},"end":{"line":32,"column":37}},"55":{"start":{"line":33,"column":0},"end":{"line":33,"column":9}},"56":{"start":{"line":33,"column":9},"end":{"line":33,"column":36}},"57":{"start":{"line":34,"column":0},"end":{"line":34,"column":9}},"58":{"start":{"line":34,"column":9},"end":{"line":34,"column":32}},"59":{"start":{"line":35,"column":0},"end":{"line":35,"column":9}},"60":{"start":{"line":35,"column":9},"end":{"line":35,"column":32}},"61":{"start":{"line":35,"column":34},"end":{"line":35,"column":46}},"62":{"start":{"line":35,"column":46},"end":{"line":35,"column":111}},"63":{"start":{"line":37,"column":0},"end":{"line":37,"column":9}},"64":{"start":{"line":37,"column":9},"end":{"line":37,"column":35}},"65":{"start":{"line":38,"column":0},"end":{"line":38,"column":9}},"66":{"start":{"line":38,"column":9},"end":{"line":38,"column":25}},"67":{"start":{"line":39,"column":0},"end":{"line":39,"column":9}},"68":{"start":{"line":39,"column":9},"end":{"line":39,"column":34}},"69":{"start":{"line":40,"column":0},"end":{"line":40,"column":9}},"70":{"start":{"line":40,"column":9},"end":{"line":40,"column":32}},"71":{"start":{"line":41,"column":0},"end":{"line":41,"column":9}},"72":{"start":{"line":41,"column":9},"end":{"line":41,"column":32}},"73":{"start":{"line":42,"column":0},"end":{"line":42,"column":9}},"74":{"start":{"line":42,"column":9},"end":{"line":42,"column":32}},"75":{"start":{"line":42,"column":34},"end":{"line":42,"column":78}},"76":{"start":{"line":43,"column":0},"end":{"line":43,"column":9}},"77":{"start":{"line":43,"column":9},"end":{"line":43,"column":29}},"78":{"start":{"line":44,"column":0},"end":{"line":44,"column":9}},"79":{"start":{"line":44,"column":9},"end":{"line":44,"column":29}},"80":{"start":{"line":45,"column":0},"end":{"line":45,"column":9}},"81":{"start":{"line":45,"column":9},"end":{"line":45,"column":33}},"82":{"start":{"line":46,"column":0},"end":{"line":46,"column":9}},"83":{"start":{"line":46,"column":9},"end":{"line":46,"column":28}},"84":{"start":{"line":47,"column":0},"end":{"line":47,"column":9}},"85":{"start":{"line":47,"column":9},"end":{"line":47,"column":30}},"86":{"start":{"line":48,"column":0},"end":{"line":48,"column":9}},"87":{"start":{"line":48,"column":9},"end":{"line":48,"column":33}},"88":{"start":{"line":49,"column":0},"end":{"line":49,"column":9}},"89":{"start":{"line":49,"column":9},"end":{"line":49,"column":35}},"90":{"start":{"line":49,"column":37},"end":{"line":49,"column":95}},"91":{"start":{"line":50,"column":0},"end":{"line":50,"column":9}},"92":{"start":{"line":50,"column":9},"end":{"line":50,"column":28}},"93":{"start":{"line":50,"column":28},"end":{"line":50,"column":86}},"94":{"start":{"line":52,"column":0},"end":{"line":52,"column":9}},"95":{"start":{"line":52,"column":9},"end":{"line":52,"column":40}},"96":{"start":{"line":53,"column":0},"end":{"line":53,"column":9}},"97":{"start":{"line":53,"column":9},"end":{"line":53,"column":35}},"98":{"start":{"line":53,"column":37},"end":{"line":53,"column":100}},"99":{"start":{"line":55,"column":0},"end":{"line":55,"column":9}},"100":{"start":{"line":55,"column":9},"end":{"line":55,"column":27}},"101":{"start":{"line":56,"column":0},"end":{"line":56,"column":9}},"102":{"start":{"line":56,"column":9},"end":{"line":56,"column":73}},"103":{"start":{"line":57,"column":0},"end":{"line":57,"column":9}},"104":{"start":{"line":57,"column":9},"end":{"line":57,"column":64}},"105":{"start":{"line":58,"column":0},"end":{"line":58,"column":9}},"106":{"start":{"line":58,"column":9},"end":{"line":58,"column":32}},"107":{"start":{"line":59,"column":0},"end":{"line":59,"column":9}},"108":{"start":{"line":59,"column":9},"end":{"line":59,"column":68}},"109":{"start":{"line":60,"column":0},"end":{"line":60,"column":9}},"110":{"start":{"line":60,"column":9},"end":{"line":60,"column":60}},"111":{"start":{"line":61,"column":0},"end":{"line":61,"column":9}},"112":{"start":{"line":61,"column":9},"end":{"line":61,"column":38}},"113":{"start":{"line":62,"column":0},"end":{"line":62,"column":9}},"114":{"start":{"line":62,"column":9},"end":{"line":62,"column":33}},"115":{"start":{"line":63,"column":0},"end":{"line":63,"column":9}},"116":{"start":{"line":63,"column":9},"end":{"line":63,"column":31}},"117":{"start":{"line":65,"column":0},"end":{"line":65,"column":9}},"118":{"start":{"line":65,"column":9},"end":{"line":65,"column":35}},"119":{"start":{"line":66,"column":0},"end":{"line":66,"column":9}},"120":{"start":{"line":66,"column":9},"end":{"line":66,"column":37}},"121":{"start":{"line":67,"column":0},"end":{"line":67,"column":9}},"122":{"start":{"line":67,"column":9},"end":{"line":67,"column":36}},"123":{"start":{"line":68,"column":0},"end":{"line":68,"column":9}},"124":{"start":{"line":68,"column":9},"end":{"line":68,"column":37}},"125":{"start":{"line":69,"column":0},"end":{"line":69,"column":9}},"126":{"start":{"line":69,"column":9},"end":{"line":69,"column":27}},"127":{"start":{"line":70,"column":0},"end":{"line":70,"column":9}},"128":{"start":{"line":70,"column":9},"end":{"line":70,"column":39}},"129":{"start":{"line":71,"column":0},"end":{"line":71,"column":9}},"130":{"start":{"line":71,"column":9},"end":{"line":71,"column":31}},"131":{"start":{"line":72,"column":0},"end":{"line":72,"column":9}},"132":{"start":{"line":72,"column":9},"end":{"line":72,"column":37}},"133":{"start":{"line":73,"column":0},"end":{"line":73,"column":9}},"134":{"start":{"line":73,"column":9},"end":{"line":73,"column":35}},"135":{"start":{"line":74,"column":0},"end":{"line":74,"column":9}},"136":{"start":{"line":74,"column":9},"end":{"line":74,"column":33}},"137":{"start":{"line":74,"column":35},"end":{"line":74,"column":80}},"138":{"start":{"line":75,"column":0},"end":{"line":75,"column":9}},"139":{"start":{"line":75,"column":9},"end":{"line":75,"column":36}},"140":{"start":{"line":77,"column":0},"end":{"line":77,"column":9}},"141":{"start":{"line":77,"column":9},"end":{"line":77,"column":37}},"142":{"start":{"line":78,"column":0},"end":{"line":78,"column":9}},"143":{"start":{"line":78,"column":9},"end":{"line":78,"column":30}},"144":{"start":{"line":79,"column":0},"end":{"line":79,"column":9}},"145":{"start":{"line":79,"column":9},"end":{"line":79,"column":34}},"146":{"start":{"line":80,"column":0},"end":{"line":80,"column":9}},"147":{"start":{"line":80,"column":9},"end":{"line":80,"column":34}},"148":{"start":{"line":81,"column":0},"end":{"line":81,"column":9}},"149":{"start":{"line":81,"column":9},"end":{"line":81,"column":64}},"150":{"start":{"line":83,"column":0},"end":{"line":83,"column":9}},"151":{"start":{"line":83,"column":9},"end":{"line":83,"column":35}},"152":{"start":{"line":84,"column":0},"end":{"line":84,"column":9}},"153":{"start":{"line":84,"column":9},"end":{"line":84,"column":36}},"154":{"start":{"line":85,"column":0},"end":{"line":85,"column":9}},"155":{"start":{"line":85,"column":9},"end":{"line":85,"column":24}}},"fnMap":{"0":{"name":"(anonymous_1)","decl":{"start":{"line":2,"column":9},"end":{"line":2,"column":24}},"loc":{"start":{"line":2,"column":9},"end":{"line":2,"column":62}}},"1":{"name":"(anonymous_2)","decl":{"start":{"line":4,"column":9},"end":{"line":4,"column":16}},"loc":{"start":{"line":4,"column":9},"end":{"line":4,"column":40}}},"2":{"name":"(anonymous_3)","decl":{"start":{"line":5,"column":9},"end":{"line":5,"column":16}},"loc":{"start":{"line":5,"column":9},"end":{"line":5,"column":37}}},"3":{"name":"(anonymous_4)","decl":{"start":{"line":6,"column":9},"end":{"line":6,"column":16}},"loc":{"start":{"line":6,"column":9},"end":{"line":6,"column":38}}},"4":{"name":"(anonymous_5)","decl":{"start":{"line":7,"column":9},"end":{"line":7,"column":16}},"loc":{"start":{"line":7,"column":9},"end":{"line":7,"column":27}}},"5":{"name":"(anonymous_6)","decl":{"start":{"line":8,"column":9},"end":{"line":8,"column":16}},"loc":{"start":{"line":8,"column":9},"end":{"line":8,"column":33}}},"6":{"name":"(anonymous_7)","decl":{"start":{"line":9,"column":9},"end":{"line":9,"column":16}},"loc":{"start":{"line":9,"column":9},"end":{"line":9,"column":27}}},"7":{"name":"(anonymous_8)","decl":{"start":{"line":10,"column":9},"end":{"line":10,"column":16}},"loc":{"start":{"line":10,"column":9},"end":{"line":10,"column":27}}},"8":{"name":"(anonymous_9)","decl":{"start":{"line":11,"column":9},"end":{"line":11,"column":16}},"loc":{"start":{"line":11,"column":9},"end":{"line":11,"column":39}}},"9":{"name":"(anonymous_10)","decl":{"start":{"line":12,"column":9},"end":{"line":12,"column":16}},"loc":{"start":{"line":12,"column":9},"end":{"line":12,"column":38}}},"10":{"name":"(anonymous_11)","decl":{"start":{"line":13,"column":9},"end":{"line":13,"column":16}},"loc":{"start":{"line":13,"column":9},"end":{"line":13,"column":39}}},"11":{"name":"(anonymous_12)","decl":{"start":{"line":14,"column":9},"end":{"line":14,"column":16}},"loc":{"start":{"line":14,"column":9},"end":{"line":14,"column":28}}},"12":{"name":"(anonymous_13)","decl":{"start":{"line":15,"column":9},"end":{"line":15,"column":16}},"loc":{"start":{"line":15,"column":9},"end":{"line":15,"column":32}}},"13":{"name":"(anonymous_14)","decl":{"start":{"line":17,"column":9},"end":{"line":17,"column":16}},"loc":{"start":{"line":17,"column":9},"end":{"line":17,"column":31}}},"14":{"name":"(anonymous_15)","decl":{"start":{"line":18,"column":9},"end":{"line":18,"column":16}},"loc":{"start":{"line":18,"column":9},"end":{"line":18,"column":32}}},"15":{"name":"(anonymous_16)","decl":{"start":{"line":20,"column":4},"end":{"line":20,"column":11}},"loc":{"start":{"line":20,"column":4},"end":{"line":20,"column":31}}},"16":{"name":"(anonymous_17)","decl":{"start":{"line":20,"column":33},"end":{"line":20,"column":55}},"loc":{"start":{"line":20,"column":33},"end":{"line":20,"column":57}}},"17":{"name":"(anonymous_18)","decl":{"start":{"line":20,"column":57},"end":{"line":20,"column":82}},"loc":{"start":{"line":20,"column":57},"end":{"line":20,"column":null}}},"18":{"name":"(anonymous_19)","decl":{"start":{"line":23,"column":9},"end":{"line":23,"column":16}},"loc":{"start":{"line":23,"column":9},"end":{"line":23,"column":32}}},"19":{"name":"(anonymous_20)","decl":{"start":{"line":24,"column":9},"end":{"line":24,"column":19}},"loc":{"start":{"line":24,"column":9},"end":{"line":24,"column":61}}},"20":{"name":"(anonymous_21)","decl":{"start":{"line":25,"column":9},"end":{"line":25,"column":16}},"loc":{"start":{"line":25,"column":9},"end":{"line":25,"column":31}}},"21":{"name":"(anonymous_22)","decl":{"start":{"line":26,"column":9},"end":{"line":26,"column":16}},"loc":{"start":{"line":26,"column":9},"end":{"line":26,"column":33}}},"22":{"name":"(anonymous_23)","decl":{"start":{"line":27,"column":9},"end":{"line":27,"column":16}},"loc":{"start":{"line":27,"column":9},"end":{"line":27,"column":31}}},"23":{"name":"(anonymous_24)","decl":{"start":{"line":27,"column":33},"end":{"line":27,"column":42}},"loc":{"start":{"line":27,"column":33},"end":{"line":27,"column":92}}},"24":{"name":"(anonymous_25)","decl":{"start":{"line":28,"column":9},"end":{"line":28,"column":16}},"loc":{"start":{"line":28,"column":9},"end":{"line":28,"column":32}}},"25":{"name":"(anonymous_26)","decl":{"start":{"line":28,"column":34},"end":{"line":28,"column":44}},"loc":{"start":{"line":28,"column":34},"end":{"line":28,"column":95}}},"26":{"name":"(anonymous_27)","decl":{"start":{"line":30,"column":4},"end":{"line":30,"column":11}},"loc":{"start":{"line":30,"column":4},"end":{"line":30,"column":33}}},"27":{"name":"(anonymous_28)","decl":{"start":{"line":30,"column":35},"end":{"line":30,"column":52}},"loc":{"start":{"line":30,"column":35},"end":{"line":30,"column":54}}},"28":{"name":"(anonymous_29)","decl":{"start":{"line":30,"column":54},"end":{"line":30,"column":68}},"loc":{"start":{"line":30,"column":54},"end":{"line":30,"column":70}}},"29":{"name":"(anonymous_30)","decl":{"start":{"line":30,"column":70},"end":{"line":30,"column":78}},"loc":{"start":{"line":30,"column":70},"end":{"line":30,"column":null}}},"30":{"name":"(anonymous_31)","decl":{"start":{"line":32,"column":9},"end":{"line":32,"column":16}},"loc":{"start":{"line":32,"column":9},"end":{"line":32,"column":37}}},"31":{"name":"(anonymous_32)","decl":{"start":{"line":33,"column":9},"end":{"line":33,"column":16}},"loc":{"start":{"line":33,"column":9},"end":{"line":33,"column":36}}},"32":{"name":"(anonymous_33)","decl":{"start":{"line":34,"column":9},"end":{"line":34,"column":16}},"loc":{"start":{"line":34,"column":9},"end":{"line":34,"column":32}}},"33":{"name":"(anonymous_34)","decl":{"start":{"line":35,"column":9},"end":{"line":35,"column":16}},"loc":{"start":{"line":35,"column":9},"end":{"line":35,"column":32}}},"34":{"name":"(anonymous_35)","decl":{"start":{"line":35,"column":34},"end":{"line":35,"column":44}},"loc":{"start":{"line":35,"column":34},"end":{"line":35,"column":46}}},"35":{"name":"(anonymous_36)","decl":{"start":{"line":35,"column":46},"end":{"line":35,"column":62}},"loc":{"start":{"line":35,"column":46},"end":{"line":35,"column":111}}},"36":{"name":"(anonymous_37)","decl":{"start":{"line":37,"column":9},"end":{"line":37,"column":16}},"loc":{"start":{"line":37,"column":9},"end":{"line":37,"column":35}}},"37":{"name":"(anonymous_38)","decl":{"start":{"line":38,"column":9},"end":{"line":38,"column":16}},"loc":{"start":{"line":38,"column":9},"end":{"line":38,"column":25}}},"38":{"name":"(anonymous_39)","decl":{"start":{"line":39,"column":9},"end":{"line":39,"column":16}},"loc":{"start":{"line":39,"column":9},"end":{"line":39,"column":34}}},"39":{"name":"(anonymous_40)","decl":{"start":{"line":40,"column":9},"end":{"line":40,"column":16}},"loc":{"start":{"line":40,"column":9},"end":{"line":40,"column":32}}},"40":{"name":"(anonymous_41)","decl":{"start":{"line":41,"column":9},"end":{"line":41,"column":16}},"loc":{"start":{"line":41,"column":9},"end":{"line":41,"column":32}}},"41":{"name":"(anonymous_42)","decl":{"start":{"line":42,"column":9},"end":{"line":42,"column":16}},"loc":{"start":{"line":42,"column":9},"end":{"line":42,"column":32}}},"42":{"name":"(anonymous_43)","decl":{"start":{"line":42,"column":34},"end":{"line":42,"column":43}},"loc":{"start":{"line":42,"column":34},"end":{"line":42,"column":78}}},"43":{"name":"(anonymous_44)","decl":{"start":{"line":43,"column":9},"end":{"line":43,"column":16}},"loc":{"start":{"line":43,"column":9},"end":{"line":43,"column":29}}},"44":{"name":"(anonymous_45)","decl":{"start":{"line":44,"column":9},"end":{"line":44,"column":16}},"loc":{"start":{"line":44,"column":9},"end":{"line":44,"column":29}}},"45":{"name":"(anonymous_46)","decl":{"start":{"line":45,"column":9},"end":{"line":45,"column":16}},"loc":{"start":{"line":45,"column":9},"end":{"line":45,"column":33}}},"46":{"name":"(anonymous_47)","decl":{"start":{"line":46,"column":9},"end":{"line":46,"column":16}},"loc":{"start":{"line":46,"column":9},"end":{"line":46,"column":28}}},"47":{"name":"(anonymous_48)","decl":{"start":{"line":47,"column":9},"end":{"line":47,"column":16}},"loc":{"start":{"line":47,"column":9},"end":{"line":47,"column":30}}},"48":{"name":"(anonymous_49)","decl":{"start":{"line":48,"column":9},"end":{"line":48,"column":16}},"loc":{"start":{"line":48,"column":9},"end":{"line":48,"column":33}}},"49":{"name":"(anonymous_50)","decl":{"start":{"line":49,"column":9},"end":{"line":49,"column":16}},"loc":{"start":{"line":49,"column":9},"end":{"line":49,"column":35}}},"50":{"name":"(anonymous_51)","decl":{"start":{"line":49,"column":37},"end":{"line":49,"column":57}},"loc":{"start":{"line":49,"column":37},"end":{"line":49,"column":95}}},"51":{"name":"(anonymous_52)","decl":{"start":{"line":50,"column":9},"end":{"line":50,"column":26}},"loc":{"start":{"line":50,"column":9},"end":{"line":50,"column":28}}},"52":{"name":"(anonymous_53)","decl":{"start":{"line":50,"column":28},"end":{"line":50,"column":46}},"loc":{"start":{"line":50,"column":28},"end":{"line":50,"column":86}}},"53":{"name":"(anonymous_54)","decl":{"start":{"line":52,"column":9},"end":{"line":52,"column":16}},"loc":{"start":{"line":52,"column":9},"end":{"line":52,"column":40}}},"54":{"name":"(anonymous_55)","decl":{"start":{"line":53,"column":9},"end":{"line":53,"column":16}},"loc":{"start":{"line":53,"column":9},"end":{"line":53,"column":35}}},"55":{"name":"(anonymous_56)","decl":{"start":{"line":53,"column":37},"end":{"line":53,"column":57}},"loc":{"start":{"line":53,"column":37},"end":{"line":53,"column":100}}},"56":{"name":"(anonymous_57)","decl":{"start":{"line":55,"column":9},"end":{"line":55,"column":16}},"loc":{"start":{"line":55,"column":9},"end":{"line":55,"column":27}}},"57":{"name":"(anonymous_58)","decl":{"start":{"line":56,"column":9},"end":{"line":56,"column":23}},"loc":{"start":{"line":56,"column":9},"end":{"line":56,"column":73}}},"58":{"name":"(anonymous_59)","decl":{"start":{"line":57,"column":9},"end":{"line":57,"column":19}},"loc":{"start":{"line":57,"column":9},"end":{"line":57,"column":64}}},"59":{"name":"(anonymous_60)","decl":{"start":{"line":58,"column":9},"end":{"line":58,"column":16}},"loc":{"start":{"line":58,"column":9},"end":{"line":58,"column":32}}},"60":{"name":"(anonymous_61)","decl":{"start":{"line":59,"column":9},"end":{"line":59,"column":21}},"loc":{"start":{"line":59,"column":9},"end":{"line":59,"column":68}}},"61":{"name":"(anonymous_62)","decl":{"start":{"line":60,"column":9},"end":{"line":60,"column":17}},"loc":{"start":{"line":60,"column":9},"end":{"line":60,"column":60}}},"62":{"name":"(anonymous_63)","decl":{"start":{"line":61,"column":9},"end":{"line":61,"column":16}},"loc":{"start":{"line":61,"column":9},"end":{"line":61,"column":38}}},"63":{"name":"(anonymous_64)","decl":{"start":{"line":62,"column":9},"end":{"line":62,"column":16}},"loc":{"start":{"line":62,"column":9},"end":{"line":62,"column":33}}},"64":{"name":"(anonymous_65)","decl":{"start":{"line":63,"column":9},"end":{"line":63,"column":16}},"loc":{"start":{"line":63,"column":9},"end":{"line":63,"column":31}}},"65":{"name":"(anonymous_66)","decl":{"start":{"line":65,"column":9},"end":{"line":65,"column":16}},"loc":{"start":{"line":65,"column":9},"end":{"line":65,"column":35}}},"66":{"name":"(anonymous_67)","decl":{"start":{"line":66,"column":9},"end":{"line":66,"column":16}},"loc":{"start":{"line":66,"column":9},"end":{"line":66,"column":37}}},"67":{"name":"(anonymous_68)","decl":{"start":{"line":67,"column":9},"end":{"line":67,"column":16}},"loc":{"start":{"line":67,"column":9},"end":{"line":67,"column":36}}},"68":{"name":"(anonymous_69)","decl":{"start":{"line":68,"column":9},"end":{"line":68,"column":16}},"loc":{"start":{"line":68,"column":9},"end":{"line":68,"column":37}}},"69":{"name":"(anonymous_70)","decl":{"start":{"line":69,"column":9},"end":{"line":69,"column":16}},"loc":{"start":{"line":69,"column":9},"end":{"line":69,"column":27}}},"70":{"name":"(anonymous_71)","decl":{"start":{"line":70,"column":9},"end":{"line":70,"column":16}},"loc":{"start":{"line":70,"column":9},"end":{"line":70,"column":39}}},"71":{"name":"(anonymous_72)","decl":{"start":{"line":71,"column":9},"end":{"line":71,"column":16}},"loc":{"start":{"line":71,"column":9},"end":{"line":71,"column":31}}},"72":{"name":"(anonymous_73)","decl":{"start":{"line":72,"column":9},"end":{"line":72,"column":16}},"loc":{"start":{"line":72,"column":9},"end":{"line":72,"column":37}}},"73":{"name":"(anonymous_74)","decl":{"start":{"line":73,"column":9},"end":{"line":73,"column":16}},"loc":{"start":{"line":73,"column":9},"end":{"line":73,"column":35}}},"74":{"name":"(anonymous_75)","decl":{"start":{"line":74,"column":9},"end":{"line":74,"column":16}},"loc":{"start":{"line":74,"column":9},"end":{"line":74,"column":33}}},"75":{"name":"(anonymous_76)","decl":{"start":{"line":74,"column":35},"end":{"line":74,"column":48}},"loc":{"start":{"line":74,"column":35},"end":{"line":74,"column":80}}},"76":{"name":"(anonymous_77)","decl":{"start":{"line":75,"column":9},"end":{"line":75,"column":16}},"loc":{"start":{"line":75,"column":9},"end":{"line":75,"column":36}}},"77":{"name":"(anonymous_78)","decl":{"start":{"line":77,"column":9},"end":{"line":77,"column":16}},"loc":{"start":{"line":77,"column":9},"end":{"line":77,"column":37}}},"78":{"name":"(anonymous_79)","decl":{"start":{"line":78,"column":9},"end":{"line":78,"column":16}},"loc":{"start":{"line":78,"column":9},"end":{"line":78,"column":30}}},"79":{"name":"(anonymous_80)","decl":{"start":{"line":79,"column":9},"end":{"line":79,"column":16}},"loc":{"start":{"line":79,"column":9},"end":{"line":79,"column":34}}},"80":{"name":"(anonymous_81)","decl":{"start":{"line":80,"column":9},"end":{"line":80,"column":16}},"loc":{"start":{"line":80,"column":9},"end":{"line":80,"column":34}}},"81":{"name":"(anonymous_82)","decl":{"start":{"line":81,"column":9},"end":{"line":81,"column":24}},"loc":{"start":{"line":81,"column":9},"end":{"line":81,"column":64}}},"82":{"name":"(anonymous_83)","decl":{"start":{"line":83,"column":9},"end":{"line":83,"column":16}},"loc":{"start":{"line":83,"column":9},"end":{"line":83,"column":35}}},"83":{"name":"(anonymous_84)","decl":{"start":{"line":84,"column":9},"end":{"line":84,"column":16}},"loc":{"start":{"line":84,"column":9},"end":{"line":84,"column":36}}},"84":{"name":"(anonymous_85)","decl":{"start":{"line":85,"column":9},"end":{"line":85,"column":16}},"loc":{"start":{"line":85,"column":9},"end":{"line":85,"column":24}}}},"branchMap":{},"s":{"0":0,"1":0,"2":0,"3":0,"4":0,"5":0,"6":0,"7":0,"8":0,"9":0,"10":0,"11":0,"12":0,"13":0,"14":0,"15":0,"16":0,"17":0,"18":0,"19":0,"20":0,"21":0,"22":0,"23":0,"24":0,"25":0,"26":0,"27":0,"28":0,"29":0,"30":0,"31":0,"32":0,"33":0,"34":0,"35":0,"36":0,"37":0,"38":0,"39":0,"40":0,"41":0,"42":0,"43":0,"44":0,"45":0,"46":0,"47":0,"48":0,"49":0,"50":0,"51":0,"52":0,"53":0,"54":0,"55":0,"56":0,"57":0,"58":0,"59":0,"60":0,"61":0,"62":0,"63":0,"64":0,"65":0,"66":0,"67":0,"68":0,"69":0,"70":0,"71":0,"72":0,"73":0,"74":0,"75":0,"76":0,"77":0,"78":0,"79":0,"80":0,"81":0,"82":0,"83":0,"84":0,"85":0,"86":0,"87":0,"88":0,"89":0,"90":0,"91":0,"92":0,"93":0,"94":0,"95":0,"96":0,"97":0,"98":0,"99":0,"100":0,"101":0,"102":0,"103":0,"104":0,"105":0,"106":0,"107":0,"108":0,"109":0,"110":0,"111":0,"112":0,"113":0,"114":0,"115":0,"116":0,"117":0,"118":0,"119":0,"120":0,"121":0,"122":0,"123":0,"124":0,"125":0,"126":0,"127":0,"128":0,"129":0,"130":0,"131":0,"132":0,"133":0,"134":0,"135":0,"136":0,"137":0,"138":0,"139":0,"140":0,"141":0,"142":0,"143":0,"144":0,"145":0,"146":0,"147":0,"148":0,"149":0,"150":0,"151":0,"152":0,"153":0,"154":0,"155":0},"f":{"0":0,"1":0,"2":0,"3":0,"4":0,"5":0,"6":0,"7":0,"8":0,"9":0,"10":0,"11":0,"12":0,"13":0,"14":0,"15":0,"16":0,"17":0,"18":0,"19":0,"20":0,"21":0,"22":0,"23":0,"24":0,"25":0,"26":0,"27":0,"28":0,"29":0,"30":0,"31":0,"32":0,"33":0,"34":0,"35":0,"36":0,"37":0,"38":0,"39":0,"40":0,"41":0,"42":0,"43":0,"44":0,"45":0,"46":0,"47":0,"48":0,"49":0,"50":0,"51":0,"52":0,"53":0,"54":0,"55":0,"56":0,"57":0,"58":0,"59":0,"60":0,"61":0,"62":0,"63":0,"64":0,"65":0,"66":0,"67":0,"68":0,"69":0,"70":0,"71":0,"72":0,"73":0,"74":0,"75":0,"76":0,"77":0,"78":0,"79":0,"80":0,"81":0,"82":0,"83":0,"84":0},"b":{}}
,"C:\\Dev\\Projects\\chayns-helper\\src\\components\\buttons\\UACGroupChooseButton.tsx": {"path":"C:\\Dev\\Projects\\chayns-helper\\src\\components\\buttons\\UACGroupChooseButton.tsx","statementMap":{"0":{"start":{"line":1,"column":0},"end":{"line":1,"column":70}},"1":{"start":{"line":3,"column":0},"end":{"line":3,"column":49}},"2":{"start":{"line":4,"column":0},"end":{"line":4,"column":62}},"3":{"start":{"line":5,"column":0},"end":{"line":5,"column":64}},"4":{"start":{"line":6,"column":0},"end":{"line":6,"column":72}},"5":{"start":{"line":7,"column":0},"end":{"line":7,"column":69}},"6":{"start":{"line":8,"column":0},"end":{"line":8,"column":44}},"7":{"start":{"line":26,"column":70},"end":{"line":95,"column":1}},"8":{"start":{"line":28,"column":8},"end":{"line":28,"column":13}},"9":{"start":{"line":28,"column":13},"end":{"line":28,"column":null}},"10":{"start":{"line":29,"column":16},"end":{"line":29,"column":null}},"11":{"start":{"line":30,"column":8},"end":{"line":30,"column":19}},"12":{"start":{"line":30,"column":19},"end":{"line":30,"column":null}},"13":{"start":{"line":31,"column":8},"end":{"line":31,"column":16}},"14":{"start":{"line":31,"column":16},"end":{"line":31,"column":null}},"15":{"start":{"line":32,"column":16},"end":{"line":33,"column":null}},"16":{"start":{"line":35,"column":38},"end":{"line":35,"column":84}},"17":{"start":{"line":35,"column":20},"end":{"line":35,"column":22}},"18":{"start":{"line":35,"column":34},"end":{"line":35,"column":38}},"19":{"start":{"line":36,"column":4},"end":{"line":53,"column":11}},"20":{"start":{"line":37,"column":8},"end":{"line":52,"column":null}},"21":{"start":{"line":49,"column":27},"end":{"line":49,"column":45}},"22":{"start":{"line":51,"column":16},"end":{"line":51,"column":109}},"23":{"start":{"line":55,"column":4},"end":{"line":94,"column":43}},"24":{"start":{"line":58,"column":16},"end":{"line":81,"column":23}},"25":{"start":{"line":59,"column":47},"end":{"line":64,"column":22}},"26":{"start":{"line":68,"column":39},"end":{"line":68,"column":41}},"27":{"start":{"line":68,"column":50},"end":{"line":68,"column":null}},"28":{"start":{"line":78,"column":24},"end":{"line":80,"column":null}},"29":{"start":{"line":79,"column":28},"end":{"line":79,"column":48}},"30":{"start":{"line":90,"column":20},"end":{"line":90,"column":71}},"31":{"start":{"line":97,"column":0},"end":{"line":97,"column":36}}},"fnMap":{"0":{"name":"(anonymous_0)","decl":{"start":{"line":26,"column":70},"end":{"line":26,"column":null}},"loc":{"start":{"line":33,"column":5},"end":{"line":95,"column":1}}},"1":{"name":"(anonymous_1)","decl":{"start":{"line":36,"column":14},"end":{"line":36,"column":null}},"loc":{"start":{"line":36,"column":14},"end":{"line":53,"column":5}}},"2":{"name":"(anonymous_2)","decl":{"start":{"line":49,"column":18},"end":{"line":49,"column":19}},"loc":{"start":{"line":49,"column":22},"end":{"line":49,"column":39}}},"3":{"name":"(anonymous_3)","decl":{"start":{"line":50,"column":19},"end":{"line":50,"column":20}},"loc":{"start":{"line":50,"column":22},"end":{"line":52,"column":13}}},"4":{"name":"(anonymous_4)","decl":{"start":{"line":57,"column":21},"end":{"line":57,"column":null}},"loc":{"start":{"line":57,"column":21},"end":{"line":82,"column":13}}},"5":{"name":"(anonymous_5)","decl":{"start":{"line":59,"column":40},"end":{"line":59,"column":41}},"loc":{"start":{"line":59,"column":42},"end":{"line":59,"column":48}}},"6":{"name":"(anonymous_6)","decl":{"start":{"line":68,"column":26},"end":{"line":68,"column":27}},"loc":{"start":{"line":77,"column":21},"end":{"line":81,"column":21}}},"7":{"name":"(anonymous_7)","decl":{"start":{"line":89,"column":38},"end":{"line":89,"column":39}},"loc":{"start":{"line":89,"column":40},"end":{"line":90,"column":21}}}},"branchMap":{"0":{"loc":{"start":{"line":28,"column":16},"end":{"line":28,"column":20}},"type":"cond-expr","locations":[{"start":{"line":28,"column":16},"end":{"line":28,"column":20}},{"start":{"line":28,"column":20},"end":{"line":28,"column":null}}]},"1":{"loc":{"start":{"line":30,"column":22},"end":{"line":30,"column":27}},"type":"cond-expr","locations":[{"start":{"line":30,"column":22},"end":{"line":30,"column":27}},{"start":{"line":30,"column":27},"end":{"line":30,"column":null}}]},"2":{"loc":{"start":{"line":31,"column":19},"end":{"line":31,"column":24}},"type":"cond-expr","locations":[{"start":{"line":31,"column":19},"end":{"line":31,"column":24}},{"start":{"line":31,"column":24},"end":{"line":31,"column":null}}]},"3":{"loc":{"start":{"line":56,"column":8},"end":{"line":90,"column":null}},"type":"cond-expr","locations":[{"start":{"line":56,"column":8},"end":{"line":90,"column":null}},{"start":{"line":94,"column":9},"end":{"line":94,"column":41}}]},"4":{"loc":{"start":{"line":62,"column":40},"end":{"line":62,"column":60}},"type":"binary-expr","locations":[{"start":{"line":62,"column":40},"end":{"line":62,"column":60}},{"start":{"line":62,"column":64},"end":{"line":62,"column":84}}]},"5":{"loc":{"start":{"line":66,"column":31},"end":{"line":66,"column":55}},"type":"binary-expr","locations":[{"start":{"line":66,"column":31},"end":{"line":66,"column":55}},{"start":{"line":66,"column":59},"end":{"line":66,"column":79}}]},"6":{"loc":{"start":{"line":78,"column":24},"end":{"line":80,"column":null}},"type":"if","locations":[{"start":{"line":78,"column":24},"end":{"line":80,"column":null}},{"start":{"line":78,"column":24},"end":{"line":80,"column":null}}]},"7":{"loc":{"start":{"line":88,"column":25},"end":{"line":88,"column":47}},"type":"cond-expr","locations":[{"start":{"line":88,"column":25},"end":{"line":88,"column":47}},{"start":{"line":89,"column":22},"end":{"line":90,"column":99}}]},"8":{"loc":{"start":{"line":87,"column":16},"end":{"line":87,"column":36}},"type":"binary-expr","locations":[{"start":{"line":87,"column":16},"end":{"line":87,"column":36}},{"start":{"line":87,"column":40},"end":{"line":87,"column":56}}]},"9":{"loc":{"start":{"line":89,"column":22},"end":{"line":90,"column":87}},"type":"binary-expr","locations":[{"start":{"line":89,"column":22},"end":{"line":90,"column":87}},{"start":{"line":90,"column":91},"end":{"line":90,"column":99}}]},"10":{"loc":{"start":{"line":89,"column":23},"end":{"line":90,"column":71}},"type":"binary-expr","locations":[{"start":{"line":89,"column":23},"end":{"line":90,"column":71}},{"start":{"line":90,"column":75},"end":{"line":90,"column":77}}]},"11":{"loc":{"start":{"line":90,"column":53},"end":{"line":90,"column":61}},"type":"cond-expr","locations":[{"start":{"line":90,"column":53},"end":{"line":90,"column":61}},{"start":{"line":90,"column":64},"end":{"line":90,"column":69}}]}},"s":{"0":1,"1":1,"2":1,"3":1,"4":1,"5":1,"6":1,"7":1,"8":2,"9":2,"10":2,"11":2,"12":2,"13":2,"14":2,"15":2,"16":2,"17":2,"18":2,"19":2,"20":1,"21":1,"22":0,"23":2,"24":0,"25":0,"26":0,"27":0,"28":0,"29":0,"30":1,"31":1},"f":{"0":2,"1":1,"2":1,"3":0,"4":0,"5":0,"6":0,"7":1},"b":{"0":[0,2],"1":[2,0],"2":[2,0],"3":[1,1],"4":[0,0],"5":[0,0],"6":[0,0],"7":[0,1],"8":[1,0],"9":[1,0],"10":[1,0],"11":[0,1]}}
,"C:\\Dev\\Projects\\chayns-helper\\src\\components\\containers\\CenteredContainer.tsx": {"path":"C:\\Dev\\Projects\\chayns-helper\\src\\components\\containers\\CenteredContainer.tsx","statementMap":{"0":{"start":{"line":1,"column":0},"end":{"line":1,"column":72}},"1":{"start":{"line":2,"column":0},"end":{"line":2,"column":24}},"2":{"start":{"line":3,"column":0},"end":{"line":3,"column":35}},"3":{"start":{"line":22,"column":64},"end":{"line":50,"column":1}},"4":{"start":{"line":24,"column":8},"end":{"line":24,"column":17}},"5":{"start":{"line":24,"column":17},"end":{"line":24,"column":null}},"6":{"start":{"line":25,"column":8},"end":{"line":25,"column":13}},"7":{"start":{"line":25,"column":13},"end":{"line":25,"column":null}},"8":{"start":{"line":26,"column":8},"end":{"line":26,"column":16}},"9":{"start":{"line":26,"column":16},"end":{"line":26,"column":null}},"10":{"start":{"line":27,"column":8},"end":{"line":27,"column":11}},"11":{"start":{"line":27,"column":11},"end":{"line":27,"column":null}},"12":{"start":{"line":28,"column":8},"end":{"line":28,"column":19}},"13":{"start":{"line":28,"column":19},"end":{"line":28,"column":null}},"14":{"start":{"line":29,"column":16},"end":{"line":30,"column":null}},"15":{"start":{"line":32,"column":22},"end":{"line":32,"column":33}},"16":{"start":{"line":33,"column":4},"end":{"line":49,"column":6}},"17":{"start":{"line":52,"column":0},"end":{"line":52,"column":33}}},"fnMap":{"0":{"name":"(anonymous_0)","decl":{"start":{"line":22,"column":64},"end":{"line":22,"column":null}},"loc":{"start":{"line":30,"column":5},"end":{"line":50,"column":1}}}},"branchMap":{"0":{"loc":{"start":{"line":24,"column":20},"end":{"line":24,"column":22}},"type":"cond-expr","locations":[{"start":{"line":24,"column":20},"end":{"line":24,"column":22}},{"start":{"line":24,"column":22},"end":{"line":24,"column":null}}]},"1":{"loc":{"start":{"line":25,"column":16},"end":{"line":25,"column":18}},"type":"cond-expr","locations":[{"start":{"line":25,"column":16},"end":{"line":25,"column":18}},{"start":{"line":25,"column":18},"end":{"line":25,"column":null}}]},"2":{"loc":{"start":{"line":26,"column":19},"end":{"line":26,"column":23}},"type":"cond-expr","locations":[{"start":{"line":26,"column":19},"end":{"line":26,"column":23}},{"start":{"line":26,"column":23},"end":{"line":26,"column":null}}]},"3":{"loc":{"start":{"line":27,"column":14},"end":{"line":27,"column":19}},"type":"cond-expr","locations":[{"start":{"line":27,"column":14},"end":{"line":27,"column":19}},{"start":{"line":27,"column":19},"end":{"line":27,"column":null}}]},"4":{"loc":{"start":{"line":28,"column":22},"end":{"line":28,"column":27}},"type":"cond-expr","locations":[{"start":{"line":28,"column":22},"end":{"line":28,"column":27}},{"start":{"line":28,"column":27},"end":{"line":28,"column":null}}]}},"s":{"0":2,"1":2,"2":2,"3":2,"4":1,"5":1,"6":1,"7":1,"8":1,"9":1,"10":1,"11":1,"12":1,"13":1,"14":1,"15":1,"16":1,"17":2},"f":{"0":1},"b":{"0":[1,0],"1":[1,0],"2":[1,0],"3":[0,1],"4":[1,0]}}
,"C:\\Dev\\Projects\\chayns-helper\\src\\components\\containers\\DataRow.tsx": {"path":"C:\\Dev\\Projects\\chayns-helper\\src\\components\\containers\\DataRow.tsx","statementMap":{"0":{"start":{"line":1,"column":0},"end":{"line":1,"column":83}},"1":{"start":{"line":2,"column":0},"end":{"line":2,"column":24}},"2":{"start":{"line":3,"column":0},"end":{"line":3,"column":25}},"3":{"start":{"line":22,"column":44},"end":{"line":47,"column":1}},"4":{"start":{"line":24,"column":8},"end":{"line":24,"column":17}},"5":{"start":{"line":24,"column":17},"end":{"line":24,"column":null}},"6":{"start":{"line":25,"column":8},"end":{"line":25,"column":13}},"7":{"start":{"line":25,"column":13},"end":{"line":25,"column":null}},"8":{"start":{"line":26,"column":8},"end":{"line":26,"column":16}},"9":{"start":{"line":26,"column":16},"end":{"line":26,"column":null}},"10":{"start":{"line":27,"column":8},"end":{"line":27,"column":19}},"11":{"start":{"line":27,"column":19},"end":{"line":27,"column":null}},"12":{"start":{"line":28,"column":16},"end":{"line":29,"column":null}},"13":{"start":{"line":31,"column":22},"end":{"line":31,"column":33}},"14":{"start":{"line":32,"column":4},"end":{"line":46,"column":6}},"15":{"start":{"line":49,"column":0},"end":{"line":49,"column":23}}},"fnMap":{"0":{"name":"(anonymous_0)","decl":{"start":{"line":22,"column":44},"end":{"line":22,"column":null}},"loc":{"start":{"line":29,"column":5},"end":{"line":47,"column":1}}}},"branchMap":{"0":{"loc":{"start":{"line":24,"column":20},"end":{"line":24,"column":22}},"type":"cond-expr","locations":[{"start":{"line":24,"column":20},"end":{"line":24,"column":22}},{"start":{"line":24,"column":22},"end":{"line":24,"column":null}}]},"1":{"loc":{"start":{"line":25,"column":16},"end":{"line":25,"column":18}},"type":"cond-expr","locations":[{"start":{"line":25,"column":16},"end":{"line":25,"column":18}},{"start":{"line":25,"column":18},"end":{"line":25,"column":null}}]},"2":{"loc":{"start":{"line":26,"column":19},"end":{"line":26,"column":23}},"type":"cond-expr","locations":[{"start":{"line":26,"column":19},"end":{"line":26,"column":23}},{"start":{"line":26,"column":23},"end":{"line":26,"column":null}}]},"3":{"loc":{"start":{"line":27,"column":22},"end":{"line":27,"column":27}},"type":"cond-expr","locations":[{"start":{"line":27,"column":22},"end":{"line":27,"column":27}},{"start":{"line":27,"column":27},"end":{"line":27,"column":null}}]},"4":{"loc":{"start":{"line":42,"column":39},"end":{"line":42,"column":58}},"type":"cond-expr","locations":[{"start":{"line":42,"column":39},"end":{"line":42,"column":58}},{"start":{"line":42,"column":61},"end":{"line":42,"column":69}}]},"5":{"loc":{"start":{"line":42,"column":39},"end":{"line":42,"column":50}},"type":"binary-expr","locations":[{"start":{"line":42,"column":39},"end":{"line":42,"column":50}},{"start":{"line":42,"column":54},"end":{"line":42,"column":58}}]},"6":{"loc":{"start":{"line":43,"column":13},"end":{"line":43,"column":36}},"type":"binary-expr","locations":[{"start":{"line":43,"column":13},"end":{"line":43,"column":36}},{"start":{"line":44,"column":16},"end":{"line":44,"column":99}}]}},"s":{"0":1,"1":1,"2":1,"3":1,"4":1,"5":1,"6":1,"7":1,"8":1,"9":1,"10":1,"11":1,"12":1,"13":1,"14":1,"15":1},"f":{"0":1},"b":{"0":[1,0],"1":[1,0],"2":[1,0],"3":[1,0],"4":[0,1],"5":[0,0],"6":[1,0]}}
,"C:\\Dev\\Projects\\chayns-helper\\src\\components\\error-boundary\\ErrorBoundary.tsx": {"path":"C:\\Dev\\Projects\\chayns-helper\\src\\components\\error-boundary\\ErrorBoundary.tsx","statementMap":{"0":{"start":{"line":1,"column":0},"end":{"line":1,"column":94}},"1":{"start":{"line":2,"column":0},"end":{"line":2,"column":31}},"2":{"start":{"line":4,"column":0},"end":{"line":4,"column":43}},"3":{"start":{"line":5,"column":0},"end":{"line":5,"column":53}},"4":{"start":{"line":6,"column":0},"end":{"line":6,"column":64}},"5":{"start":{"line":15,"column":0},"end":{"line":15,"column":null}},"6":{"start":{"line":15,"column":28},"end":{"line":15,"column":33}},"7":{"start":{"line":20,"column":8},"end":{"line":20,"column":null}},"8":{"start":{"line":21,"column":8},"end":{"line":24,"column":10}},"9":{"start":{"line":28,"column":11},"end":{"line":36,"column":null}},"10":{"start":{"line":30,"column":8},"end":{"line":30,"column":29}},"11":{"start":{"line":32,"column":8},"end":{"line":35,"column":10}},"12":{"start":{"line":38,"column":11},"end":{"line":47,"column":null}},"13":{"start":{"line":39,"column":54},"end":{"line":45,"column":9}},"14":{"start":{"line":40,"column":12},"end":{"line":44,"column":null}},"15":{"start":{"line":46,"column":8},"end":{"line":46,"column":29}},"16":{"start":{"line":49,"column":4},"end":{"line":55,"column":null}},"17":{"start":{"line":51,"column":8},"end":{"line":54,"column":18}},"18":{"start":{"line":57,"column":4},"end":{"line":99,"column":null}},"19":{"start":{"line":61,"column":12},"end":{"line":61,"column":16}},"20":{"start":{"line":59,"column":17},"end":{"line":59,"column":null}},"21":{"start":{"line":60,"column":17},"end":{"line":60,"column":null}},"22":{"start":{"line":65,"column":12},"end":{"line":65,"column":18}},"23":{"start":{"line":67,"column":34},"end":{"line":67,"column":42}},"24":{"start":{"line":68,"column":8},"end":{"line":96,"column":null}},"25":{"start":{"line":70,"column":12},"end":{"line":95,"column":18}},"26":{"start":{"line":85,"column":40},"end":{"line":85,"column":91}},"27":{"start":{"line":87,"column":40},"end":{"line":87,"column":58}},"28":{"start":{"line":98,"column":8},"end":{"line":98,"column":24}},"29":{"start":{"line":100,"column":0},"end":{"line":100,"column":null}},"30":{"start":{"line":102,"column":0},"end":{"line":102,"column":29}}},"fnMap":{"0":{"name":"(anonymous_0)","decl":{"start":{"line":15,"column":0},"end":{"line":15,"column":28}},"loc":{"start":{"line":15,"column":0},"end":{"line":100,"column":null}}},"1":{"name":"ErrorBoundary","decl":{"start":{"line":19,"column":4},"end":{"line":19,"column":16}},"loc":{"start":{"line":19,"column":26},"end":{"line":25,"column":5}}},"2":{"name":"(anonymous_2)","decl":{"start":{"line":28,"column":4},"end":{"line":28,"column":11}},"loc":{"start":{"line":28,"column":48},"end":{"line":36,"column":5}}},"3":{"name":"(anonymous_3)","decl":{"start":{"line":38,"column":4},"end":{"line":38,"column":11}},"loc":{"start":{"line":38,"column":99},"end":{"line":47,"column":5}}},"4":{"name":"(anonymous_4)","decl":{"start":{"line":39,"column":54},"end":{"line":39,"column":55}},"loc":{"start":{"line":39,"column":65},"end":{"line":45,"column":9}}},"5":{"name":"(anonymous_5)","decl":{"start":{"line":49,"column":4},"end":{"line":49,"column":21}},"loc":{"start":{"line":49,"column":56},"end":{"line":55,"column":5}}},"6":{"name":"(anonymous_6)","decl":{"start":{"line":57,"column":4},"end":{"line":57,"column":10}},"loc":{"start":{"line":57,"column":4},"end":{"line":99,"column":5}}},"7":{"name":"(anonymous_7)","decl":{"start":{"line":84,"column":45},"end":{"line":84,"column":null}},"loc":{"start":{"line":84,"column":45},"end":{"line":88,"column":37}}}},"branchMap":{"0":{"loc":{"start":{"line":20,"column":8},"end":{"line":20,"column":20}},"type":"binary-expr","locations":[{"start":{"line":20,"column":8},"end":{"line":20,"column":20}},{"start":{"line":20,"column":20},"end":{"line":20,"column":null}}]},"1":{"loc":{"start":{"line":68,"column":8},"end":{"line":96,"column":null}},"type":"if","locations":[{"start":{"line":68,"column":8},"end":{"line":96,"column":null}},{"start":{"line":68,"column":8},"end":{"line":96,"column":null}}]},"2":{"loc":{"start":{"line":71,"column":19},"end":{"line":71,"column":59}},"type":"cond-expr","locations":[{"start":{"line":71,"column":19},"end":{"line":71,"column":59}},{"start":{"line":73,"column":20},"end":{"line":93,"column":null}}]},"3":{"loc":{"start":{"line":77,"column":29},"end":{"line":77,"column":67}},"type":"binary-expr","locations":[{"start":{"line":77,"column":29},"end":{"line":77,"column":67}},{"start":{"line":78,"column":32},"end":{"line":79,"column":null}}]}},"s":{"0":1,"1":1,"2":1,"3":1,"4":1,"5":1,"6":1,"7":1,"8":1,"9":1,"10":0,"11":0,"12":1,"13":0,"14":0,"15":0,"16":1,"17":0,"18":1,"19":1,"20":1,"21":1,"22":2,"23":1,"24":1,"25":0,"26":0,"27":0,"28":1,"29":1,"30":1},"f":{"0":1,"1":1,"2":0,"3":0,"4":0,"5":0,"6":1,"7":0},"b":{"0":[1,1],"1":[0,1],"2":[0,0],"3":[0,0]}}
,"C:\\Dev\\Projects\\chayns-helper\\src\\components\\recharts-axis\\RechartsAxis.tsx": {"path":"C:\\Dev\\Projects\\chayns-helper\\src\\components\\recharts-axis\\RechartsAxis.tsx","statementMap":{"0":{"start":{"line":1,"column":0},"end":{"line":1,"column":49}},"1":{"start":{"line":2,"column":0},"end":{"line":2,"column":67}},"2":{"start":{"line":39,"column":75},"end":{"line":67,"column":1}},"3":{"start":{"line":40,"column":9},"end":{"line":40,"column":null}},"4":{"start":{"line":41,"column":7},"end":{"line":41,"column":null}},"5":{"start":{"line":42,"column":11},"end":{"line":42,"column":null}},"6":{"start":{"line":43,"column":12},"end":{"line":43,"column":null}},"7":{"start":{"line":44,"column":12},"end":{"line":44,"column":null}},"8":{"start":{"line":45,"column":17},"end":{"line":45,"column":null}},"9":{"start":{"line":46,"column":12},"end":{"line":46,"column":null}},"10":{"start":{"line":48,"column":21},"end":{"line":55,"column":59}},"11":{"start":{"line":56,"column":44},"end":{"line":56,"column":92}},"12":{"start":{"line":57,"column":4},"end":{"line":66,"column":null}},"13":{"start":{"line":69,"column":0},"end":{"line":69,"column":28}}},"fnMap":{"0":{"name":"(anonymous_0)","decl":{"start":{"line":39,"column":75},"end":{"line":39,"column":76}},"loc":{"start":{"line":47,"column":1},"end":{"line":67,"column":1}}}},"branchMap":{"0":{"loc":{"start":{"line":56,"column":70},"end":{"line":56,"column":81}},"type":"cond-expr","locations":[{"start":{"line":56,"column":70},"end":{"line":56,"column":81}},{"start":{"line":56,"column":84},"end":{"line":56,"column":92}}]}},"s":{"0":1,"1":1,"2":1,"3":1,"4":1,"5":1,"6":1,"7":1,"8":1,"9":1,"10":1,"11":1,"12":1,"13":1},"f":{"0":1},"b":{"0":[0,1]}}
,"C:\\Dev\\Projects\\chayns-helper\\src\\components\\rerender\\RefreshComponent.tsx": {"path":"C:\\Dev\\Projects\\chayns-helper\\src\\components\\rerender\\RefreshComponent.tsx","statementMap":{"0":{"start":{"line":1,"column":0},"end":{"line":1,"column":89}},"1":{"start":{"line":2,"column":0},"end":{"line":2,"column":48}},"2":{"start":{"line":16,"column":5},"end":{"line":32,"column":1}},"3":{"start":{"line":18,"column":8},"end":{"line":18,"column":16}},"4":{"start":{"line":18,"column":16},"end":{"line":18,"column":null}},"5":{"start":{"line":19,"column":16},"end":{"line":19,"column":null}},"6":{"start":{"line":20,"column":8},"end":{"line":20,"column":19}},"7":{"start":{"line":20,"column":19},"end":{"line":20,"column":null}},"8":{"start":{"line":21,"column":16},"end":{"line":22,"column":null}},"9":{"start":{"line":24,"column":24},"end":{"line":24,"column":45}},"10":{"start":{"line":25,"column":22},"end":{"line":25,"column":33}},"11":{"start":{"line":27,"column":4},"end":{"line":31,"column":6}},"12":{"start":{"line":34,"column":0},"end":{"line":34,"column":29}}},"fnMap":{"0":{"name":"(anonymous_0)","decl":{"start":{"line":16,"column":5},"end":{"line":16,"column":null}},"loc":{"start":{"line":22,"column":5},"end":{"line":32,"column":1}}}},"branchMap":{"0":{"loc":{"start":{"line":18,"column":19},"end":{"line":18,"column":24}},"type":"cond-expr","locations":[{"start":{"line":18,"column":19},"end":{"line":18,"column":24}},{"start":{"line":18,"column":24},"end":{"line":18,"column":null}}]},"1":{"loc":{"start":{"line":20,"column":22},"end":{"line":20,"column":27}},"type":"cond-expr","locations":[{"start":{"line":20,"column":22},"end":{"line":20,"column":27}},{"start":{"line":20,"column":27},"end":{"line":20,"column":null}}]}},"s":{"0":1,"1":1,"2":1,"3":1,"4":1,"5":1,"6":1,"7":1,"8":1,"9":1,"10":1,"11":1,"12":1},"f":{"0":1},"b":{"0":[0,1],"1":[1,0]}}
,"C:\\Dev\\Projects\\chayns-helper\\src\\components\\rerender\\refresh.tsx": {"path":"C:\\Dev\\Projects\\chayns-helper\\src\\components\\rerender\\refresh.tsx","statementMap":{"0":{"start":{"line":1,"column":0},"end":{"line":1,"column":59}},"1":{"start":{"line":2,"column":0},"end":{"line":2,"column":48}},"2":{"start":{"line":10,"column":16},"end":{"line":10,"column":96}},"3":{"start":{"line":10,"column":63},"end":{"line":10,"column":92}},"4":{"start":{"line":10,"column":92},"end":{"line":13,"column":3}},"5":{"start":{"line":11,"column":35},"end":{"line":11,"column":55}},"6":{"start":{"line":11,"column":20},"end":{"line":11,"column":22}},"7":{"start":{"line":11,"column":31},"end":{"line":11,"column":35}},"8":{"start":{"line":12,"column":4},"end":{"line":12,"column":96}},"9":{"start":{"line":15,"column":0},"end":{"line":15,"column":23}}},"fnMap":{"0":{"name":"(anonymous_0)","decl":{"start":{"line":10,"column":16},"end":{"line":10,"column":17}},"loc":{"start":{"line":10,"column":87},"end":{"line":10,"column":96}}},"1":{"name":"(anonymous_1)","decl":{"start":{"line":10,"column":97},"end":{"line":10,"column":98}},"loc":{"start":{"line":10,"column":103},"end":{"line":13,"column":1}}}},"branchMap":{"0":{"loc":{"start":{"line":10,"column":63},"end":{"line":10,"column":92}},"type":"if","locations":[{"start":{"line":10,"column":63},"end":{"line":10,"column":92}},{"start":{"line":10,"column":63},"end":{"line":10,"column":92}}]}},"s":{"0":1,"1":1,"2":1,"3":1,"4":1,"5":1,"6":1,"7":1,"8":1,"9":1},"f":{"0":1,"1":1},"b":{"0":[0,1]}}
,"C:\\Dev\\Projects\\chayns-helper\\src\\components\\rerender\\rerender.tsx": {"path":"C:\\Dev\\Projects\\chayns-helper\\src\\components\\rerender\\rerender.tsx","statementMap":{"0":{"start":{"line":1,"column":0},"end":{"line":1,"column":76}},"1":{"start":{"line":2,"column":0},"end":{"line":2,"column":56}},"2":{"start":{"line":10,"column":4},"end":{"line":16,"column":6}},"3":{"start":{"line":11,"column":44},"end":{"line":11,"column":66}},"4":{"start":{"line":11,"column":25},"end":{"line":11,"column":27}},"5":{"start":{"line":11,"column":40},"end":{"line":11,"column":44}},"6":{"start":{"line":12,"column":34},"end":{"line":14,"column":14}},"7":{"start":{"line":13,"column":12},"end":{"line":13,"column":42}},"8":{"start":{"line":15,"column":8},"end":{"line":15,"column":107}},"9":{"start":{"line":9,"column":0},"end":{"line":9,"column":24}}},"fnMap":{"0":{"name":"rerender","decl":{"start":{"line":9,"column":24},"end":{"line":9,"column":32}},"loc":{"start":{"line":9,"column":77},"end":{"line":17,"column":1}}},"1":{"name":"(anonymous_1)","decl":{"start":{"line":10,"column":11},"end":{"line":10,"column":12}},"loc":{"start":{"line":10,"column":22},"end":{"line":16,"column":5}}},"2":{"name":"(anonymous_2)","decl":{"start":{"line":12,"column":46},"end":{"line":12,"column":null}},"loc":{"start":{"line":12,"column":46},"end":{"line":14,"column":9}}}},"branchMap":{},"s":{"0":1,"1":1,"2":1,"3":1,"4":1,"5":1,"6":1,"7":0,"8":1,"9":1},"f":{"0":1,"1":1,"2":0},"b":{}}
,"C:\\Dev\\Projects\\chayns-helper\\src\\components\\restricted-accordion\\RestrictedAccordion.tsx": {"path":"C:\\Dev\\Projects\\chayns-helper\\src\\components\\restricted-accordion\\RestrictedAccordion.tsx","statementMap":{"0":{"start":{"line":1,"column":0},"end":{"line":1,"column":60}},"1":{"start":{"line":3,"column":0},"end":{"line":3,"column":52}},"2":{"start":{"line":4,"column":0},"end":{"line":4,"column":24}},"3":{"start":{"line":5,"column":0},"end":{"line":5,"column":37}},"4":{"start":{"line":17,"column":5},"end":{"line":38,"column":2}},"5":{"start":{"line":19,"column":17},"end":{"line":19,"column":null}},"6":{"start":{"line":20,"column":16},"end":{"line":20,"column":null}},"7":{"start":{"line":21,"column":16},"end":{"line":21,"column":null}},"8":{"start":{"line":22,"column":21},"end":{"line":22,"column":null}},"9":{"start":{"line":23,"column":8},"end":{"line":23,"column":21}},"10":{"start":{"line":23,"column":21},"end":{"line":23,"column":null}},"11":{"start":{"line":24,"column":16},"end":{"line":25,"column":null}},"12":{"start":{"line":26,"column":5},"end":{"line":38,"column":2}},"13":{"start":{"line":40,"column":0},"end":{"line":40,"column":35}}},"fnMap":{"0":{"name":"(anonymous_0)","decl":{"start":{"line":17,"column":5},"end":{"line":17,"column":null}},"loc":{"start":{"line":25,"column":5},"end":{"line":38,"column":2}}}},"branchMap":{"0":{"loc":{"start":{"line":23,"column":24},"end":{"line":23,"column":28}},"type":"cond-expr","locations":[{"start":{"line":23,"column":24},"end":{"line":23,"column":28}},{"start":{"line":23,"column":28},"end":{"line":23,"column":null}}]},"1":{"loc":{"start":{"line":28,"column":45},"end":{"line":28,"column":71}},"type":"cond-expr","locations":[{"start":{"line":28,"column":45},"end":{"line":28,"column":71}},{"start":{"line":28,"column":75},"end":{"line":28,"column":79}}]},"2":{"loc":{"start":{"line":32,"column":46},"end":{"line":32,"column":54}},"type":"binary-expr","locations":[{"start":{"line":32,"column":46},"end":{"line":32,"column":54}},{"start":{"line":32,"column":58},"end":{"line":32,"column":71}}]}},"s":{"0":1,"1":1,"2":1,"3":1,"4":1,"5":1,"6":1,"7":1,"8":1,"9":1,"10":1,"11":1,"12":1,"13":1},"f":{"0":1},"b":{"0":[1,0],"1":[1,0],"2":[1,1]}}
,"C:\\Dev\\Projects\\chayns-helper\\src\\components\\wait-cursor\\CenteredWaitCursor.tsx": {"path":"C:\\Dev\\Projects\\chayns-helper\\src\\components\\wait-cursor\\CenteredWaitCursor.tsx","statementMap":{"0":{"start":{"line":1,"column":0},"end":{"line":1,"column":72}},"1":{"start":{"line":2,"column":0},"end":{"line":2,"column":24}},"2":{"start":{"line":4,"column":0},"end":{"line":4,"column":52}},"3":{"start":{"line":5,"column":0},"end":{"line":5,"column":37}},"4":{"start":{"line":22,"column":5},"end":{"line":50,"column":1}},"5":{"start":{"line":24,"column":8},"end":{"line":24,"column":17}},"6":{"start":{"line":24,"column":17},"end":{"line":24,"column":null}},"7":{"start":{"line":25,"column":8},"end":{"line":25,"column":13}},"8":{"start":{"line":25,"column":13},"end":{"line":25,"column":null}},"9":{"start":{"line":26,"column":8},"end":{"line":26,"column":16}},"10":{"start":{"line":26,"column":16},"end":{"line":26,"column":null}},"11":{"start":{"line":27,"column":8},"end":{"line":27,"column":19}},"12":{"start":{"line":27,"column":19},"end":{"line":27,"column":null}},"13":{"start":{"line":28,"column":8},"end":{"line":28,"column":13}},"14":{"start":{"line":28,"column":13},"end":{"line":28,"column":null}},"15":{"start":{"line":29,"column":16},"end":{"line":30,"column":null}},"16":{"start":{"line":32,"column":22},"end":{"line":32,"column":33}},"17":{"start":{"line":33,"column":4},"end":{"line":49,"column":6}},"18":{"start":{"line":52,"column":0},"end":{"line":52,"column":34}}},"fnMap":{"0":{"name":"(anonymous_0)","decl":{"start":{"line":22,"column":5},"end":{"line":22,"column":null}},"loc":{"start":{"line":30,"column":5},"end":{"line":50,"column":1}}}},"branchMap":{"0":{"loc":{"start":{"line":24,"column":20},"end":{"line":24,"column":22}},"type":"cond-expr","locations":[{"start":{"line":24,"column":20},"end":{"line":24,"column":22}},{"start":{"line":24,"column":22},"end":{"line":24,"column":null}}]},"1":{"loc":{"start":{"line":25,"column":16},"end":{"line":25,"column":18}},"type":"cond-expr","locations":[{"start":{"line":25,"column":16},"end":{"line":25,"column":18}},{"start":{"line":25,"column":18},"end":{"line":25,"column":null}}]},"2":{"loc":{"start":{"line":26,"column":19},"end":{"line":26,"column":23}},"type":"cond-expr","locations":[{"start":{"line":26,"column":19},"end":{"line":26,"column":23}},{"start":{"line":26,"column":23},"end":{"line":26,"column":null}}]},"3":{"loc":{"start":{"line":27,"column":22},"end":{"line":27,"column":27}},"type":"cond-expr","locations":[{"start":{"line":27,"column":22},"end":{"line":27,"column":27}},{"start":{"line":27,"column":27},"end":{"line":27,"column":null}}]},"4":{"loc":{"start":{"line":28,"column":16},"end":{"line":28,"column":19}},"type":"cond-expr","locations":[{"start":{"line":28,"column":16},"end":{"line":28,"column":19}},{"start":{"line":28,"column":19},"end":{"line":28,"column":null}}]},"5":{"loc":{"start":{"line":47,"column":13},"end":{"line":47,"column":21}},"type":"cond-expr","locations":[{"start":{"line":47,"column":13},"end":{"line":47,"column":21}},{"start":{"line":47,"column":25},"end":{"line":47,"column":48}}]},"6":{"loc":{"start":{"line":47,"column":13},"end":{"line":47,"column":25}},"type":"binary-expr","locations":[{"start":{"line":47,"column":13},"end":{"line":47,"column":25}},{"start":{"line":47,"column":13},"end":{"line":47,"column":25}}]}},"s":{"0":2,"1":2,"2":2,"3":2,"4":2,"5":1,"6":1,"7":1,"8":1,"9":1,"10":1,"11":1,"12":1,"13":1,"14":1,"15":1,"16":1,"17":1,"18":2},"f":{"0":1},"b":{"0":[1,0],"1":[1,0],"2":[1,0],"3":[1,0],"4":[1,0],"5":[0,1],"6":[1,0]}}
,"C:\\Dev\\Projects\\chayns-helper\\src\\components\\wait-cursor\\ResizableWaitCursor.tsx": {"path":"C:\\Dev\\Projects\\chayns-helper\\src\\components\\wait-cursor\\ResizableWaitCursor.tsx","statementMap":{"0":{"start":{"line":1,"column":0},"end":{"line":1,"column":60}},"1":{"start":{"line":2,"column":0},"end":{"line":2,"column":38}},"2":{"start":{"line":4,"column":0},"end":{"line":4,"column":52}},"3":{"start":{"line":5,"column":0},"end":{"line":5,"column":24}},"4":{"start":{"line":20,"column":5},"end":{"line":48,"column":1}},"5":{"start":{"line":21,"column":4},"end":{"line":21,"column":8}},"6":{"start":{"line":21,"column":8},"end":{"line":21,"column":null}},"7":{"start":{"line":22,"column":4},"end":{"line":22,"column":13}},"8":{"start":{"line":22,"column":13},"end":{"line":22,"column":null}},"9":{"start":{"line":23,"column":4},"end":{"line":23,"column":9}},"10":{"start":{"line":23,"column":9},"end":{"line":23,"column":null}},"11":{"start":{"line":24,"column":12},"end":{"line":25,"column":null}},"12":{"start":{"line":26,"column":4},"end":{"line":35,"column":15}},"13":{"start":{"line":27,"column":8},"end":{"line":30,"column":null}},"14":{"start":{"line":29,"column":12},"end":{"line":29,"column":108}},"15":{"start":{"line":31,"column":8},"end":{"line":34,"column":null}},"16":{"start":{"line":33,"column":12},"end":{"line":33,"column":110}},"17":{"start":{"line":36,"column":4},"end":{"line":47,"column":6}},"18":{"start":{"line":50,"column":0},"end":{"line":50,"column":47}}},"fnMap":{"0":{"name":"(anonymous_0)","decl":{"start":{"line":20,"column":5},"end":{"line":20,"column":6}},"loc":{"start":{"line":25,"column":1},"end":{"line":48,"column":1}}},"1":{"name":"(anonymous_1)","decl":{"start":{"line":26,"column":14},"end":{"line":26,"column":null}},"loc":{"start":{"line":26,"column":14},"end":{"line":35,"column":5}}}},"branchMap":{"0":{"loc":{"start":{"line":21,"column":11},"end":{"line":21,"column":13}},"type":"cond-expr","locations":[{"start":{"line":21,"column":11},"end":{"line":21,"column":13}},{"start":{"line":21,"column":13},"end":{"line":21,"column":null}}]},"1":{"loc":{"start":{"line":22,"column":16},"end":{"line":22,"column":18}},"type":"cond-expr","locations":[{"start":{"line":22,"column":16},"end":{"line":22,"column":18}},{"start":{"line":22,"column":18},"end":{"line":22,"column":null}}]},"2":{"loc":{"start":{"line":23,"column":12},"end":{"line":23,"column":14}},"type":"cond-expr","locations":[{"start":{"line":23,"column":12},"end":{"line":23,"column":14}},{"start":{"line":23,"column":14},"end":{"line":23,"column":null}}]},"3":{"loc":{"start":{"line":27,"column":8},"end":{"line":30,"column":null}},"type":"if","locations":[{"start":{"line":27,"column":8},"end":{"line":30,"column":null}},{"start":{"line":27,"column":8},"end":{"line":30,"column":null}}]},"4":{"loc":{"start":{"line":31,"column":8},"end":{"line":34,"column":null}},"type":"if","locations":[{"start":{"line":31,"column":8},"end":{"line":34,"column":null}},{"start":{"line":31,"column":8},"end":{"line":34,"column":null}}]}},"s":{"0":2,"1":2,"2":2,"3":2,"4":2,"5":2,"6":2,"7":2,"8":2,"9":2,"10":2,"11":2,"12":2,"13":2,"14":0,"15":2,"16":0,"17":2,"18":2},"f":{"0":2,"1":2},"b":{"0":[0,2],"1":[2,0],"2":[2,0],"3":[0,2],"4":[0,2]}}
,"C:\\Dev\\Projects\\chayns-helper\\src\\components\\wait-cursor\\SuspenseWaitCursor.tsx": {"path":"C:\\Dev\\Projects\\chayns-helper\\src\\components\\wait-cursor\\SuspenseWaitCursor.tsx","statementMap":{"0":{"start":{"line":1,"column":0},"end":{"line":1,"column":81}},"1":{"start":{"line":2,"column":0},"end":{"line":2,"column":56}},"2":{"start":{"line":3,"column":0},"end":{"line":3,"column":54}},"3":{"start":{"line":17,"column":5},"end":{"line":17,"column":null}},"4":{"start":{"line":17,"column":16},"end":{"line":17,"column":18}},"5":{"start":{"line":17,"column":18},"end":{"line":17,"column":24}},"6":{"start":{"line":17,"column":24},"end":{"line":17,"column":34}},"7":{"start":{"line":17,"column":39},"end":{"line":21,"column":2}},"8":{"start":{"line":23,"column":0},"end":{"line":23,"column":54}},"9":{"start":{"line":25,"column":0},"end":{"line":25,"column":34}},"10":{"start":{"line":29,"column":5},"end":{"line":38,"column":1}},"11":{"start":{"line":29,"column":8},"end":{"line":29,"column":14}},"12":{"start":{"line":29,"column":14},"end":{"line":29,"column":24}},"13":{"start":{"line":30,"column":4},"end":{"line":35,"column":11}},"14":{"start":{"line":31,"column":8},"end":{"line":33,"column":null}},"15":{"start":{"line":32,"column":12},"end":{"line":32,"column":73}},"16":{"start":{"line":34,"column":8},"end":{"line":34,"column":26}},"17":{"start":{"line":34,"column":21},"end":{"line":34,"column":26}},"18":{"start":{"line":36,"column":4},"end":{"line":37,"column":49}}},"fnMap":{"0":{"name":"(anonymous_0)","decl":{"start":{"line":17,"column":5},"end":{"line":17,"column":6}},"loc":{"start":{"line":17,"column":34},"end":{"line":17,"column":null}}},"1":{"name":"(anonymous_1)","decl":{"start":{"line":29,"column":5},"end":{"line":29,"column":6}},"loc":{"start":{"line":29,"column":24},"end":{"line":38,"column":1}}},"2":{"name":"(anonymous_2)","decl":{"start":{"line":30,"column":14},"end":{"line":30,"column":null}},"loc":{"start":{"line":30,"column":14},"end":{"line":35,"column":5}}},"3":{"name":"(anonymous_3)","decl":{"start":{"line":34,"column":15},"end":{"line":34,"column":21}},"loc":{"start":{"line":34,"column":15},"end":{"line":34,"column":25}}}},"branchMap":{"0":{"loc":{"start":{"line":17,"column":27},"end":{"line":17,"column":32}},"type":"cond-expr","locations":[{"start":{"line":17,"column":27},"end":{"line":17,"column":32}},{"start":{"line":17,"column":32},"end":{"line":17,"column":34}}]},"1":{"loc":{"start":{"line":29,"column":17},"end":{"line":29,"column":22}},"type":"cond-expr","locations":[{"start":{"line":29,"column":17},"end":{"line":29,"column":22}},{"start":{"line":29,"column":22},"end":{"line":29,"column":24}}]},"2":{"loc":{"start":{"line":31,"column":8},"end":{"line":33,"column":null}},"type":"if","locations":[{"start":{"line":31,"column":8},"end":{"line":33,"column":null}},{"start":{"line":31,"column":8},"end":{"line":33,"column":null}}]},"3":{"loc":{"start":{"line":36,"column":21},"end":{"line":36,"column":75}},"type":"cond-expr","locations":[{"start":{"line":36,"column":21},"end":{"line":36,"column":75}},{"start":{"line":37,"column":8},"end":{"line":37,"column":47}}]}},"s":{"0":1,"1":1,"2":1,"3":1,"4":1,"5":1,"6":1,"7":1,"8":1,"9":1,"10":1,"11":0,"12":0,"13":0,"14":0,"15":0,"16":0,"17":0,"18":0},"f":{"0":1,"1":0,"2":0,"3":0},"b":{"0":[1,0],"1":[0,0],"2":[0,0],"3":[0,0]}}
,"C:\\Dev\\Projects\\chayns-helper\\src\\constants\\statusAnimations.ts": {"path":"C:\\Dev\\Projects\\chayns-helper\\src\\constants\\statusAnimations.ts","statementMap":{"0":{"start":{"line":4,"column":25},"end":{"line":61,"column":2}},"1":{"start":{"line":63,"column":0},"end":{"line":63,"column":32}}},"fnMap":{},"branchMap":{},"s":{"0":0,"1":0},"f":{},"b":{}}
,"C:\\Dev\\Projects\\chayns-helper\\src\\constants\\time.ts": {"path":"C:\\Dev\\Projects\\chayns-helper\\src\\constants\\time.ts","statementMap":{"0":{"start":{"line":9,"column":4},"end":{"line":14,"column":2}},"1":{"start":{"line":16,"column":0},"end":{"line":16,"column":20}}},"fnMap":{},"branchMap":{},"s":{"0":4,"1":4},"f":{},"b":{}}
,"C:\\Dev\\Projects\\chayns-helper\\src\\functions\\copyToClipboard.ts": {"path":"C:\\Dev\\Projects\\chayns-helper\\src\\functions\\copyToClipboard.ts","statementMap":{"0":{"start":{"line":4,"column":24},"end":{"line":13,"column":1}},"1":{"start":{"line":5,"column":18},"end":{"line":5,"column":52}},"2":{"start":{"line":6,"column":4},"end":{"line":6,"column":65}},"3":{"start":{"line":7,"column":4},"end":{"line":7,"column":24}},"4":{"start":{"line":8,"column":4},"end":{"line":8,"column":32}},"5":{"start":{"line":9,"column":4},"end":{"line":9,"column":19}},"6":{"start":{"line":10,"column":4},"end":{"line":10,"column":56}},"7":{"start":{"line":11,"column":4},"end":{"line":11,"column":33}},"8":{"start":{"line":12,"column":4},"end":{"line":12,"column":37}},"9":{"start":{"line":15,"column":0},"end":{"line":15,"column":31}}},"fnMap":{"0":{"name":"(anonymous_0)","decl":{"start":{"line":4,"column":24},"end":{"line":4,"column":25}},"loc":{"start":{"line":4,"column":38},"end":{"line":13,"column":1}}}},"branchMap":{},"s":{"0":1,"1":1,"2":1,"3":1,"4":1,"5":1,"6":1,"7":1,"8":1,"9":1},"f":{"0":1},"b":{}}
,"C:\\Dev\\Projects\\chayns-helper\\src\\functions\\generateGuid.ts": {"path":"C:\\Dev\\Projects\\chayns-helper\\src\\functions\\generateGuid.ts","statementMap":{"0":{"start":{"line":6,"column":12},"end":{"line":6,"column":22}},"1":{"start":{"line":7,"column":4},"end":{"line":9,"column":null}},"2":{"start":{"line":8,"column":8},"end":{"line":8,"column":31}},"3":{"start":{"line":10,"column":4},"end":{"line":16,"column":7}},"4":{"start":{"line":12,"column":18},"end":{"line":12,"column":51}},"5":{"start":{"line":13,"column":8},"end":{"line":13,"column":31}},"6":{"start":{"line":15,"column":8},"end":{"line":15,"column":62}},"7":{"start":{"line":5,"column":0},"end":{"line":5,"column":24}}},"fnMap":{"0":{"name":"generateGuid","decl":{"start":{"line":5,"column":24},"end":{"line":5,"column":36}},"loc":{"start":{"line":5,"column":36},"end":{"line":17,"column":1}}},"1":{"name":"(anonymous_1)","decl":{"start":{"line":10,"column":67},"end":{"line":10,"column":68}},"loc":{"start":{"line":10,"column":69},"end":{"line":16,"column":5}}}},"branchMap":{"0":{"loc":{"start":{"line":7,"column":4},"end":{"line":9,"column":null}},"type":"if","locations":[{"start":{"line":7,"column":4},"end":{"line":9,"column":null}},{"start":{"line":7,"column":4},"end":{"line":9,"column":null}}]},"1":{"loc":{"start":{"line":7,"column":8},"end":{"line":7,"column":37}},"type":"binary-expr","locations":[{"start":{"line":7,"column":8},"end":{"line":7,"column":37}},{"start":{"line":7,"column":41},"end":{"line":7,"column":59}},{"start":{"line":7,"column":63},"end":{"line":7,"column":107}}]},"2":{"loc":{"start":{"line":15,"column":28},"end":{"line":15,"column":29}},"type":"cond-expr","locations":[{"start":{"line":15,"column":28},"end":{"line":15,"column":29}},{"start":{"line":15,"column":33},"end":{"line":15,"column":46}}]}},"s":{"0":9,"1":9,"2":9,"3":9,"4":279,"5":279,"6":279,"7":4},"f":{"0":9,"1":279},"b":{"0":[9,0],"1":[9,9,9],"2":[270,9]}}
,"C:\\Dev\\Projects\\chayns-helper\\src\\functions\\generateRechartsAxis.ts": {"path":"C:\\Dev\\Projects\\chayns-helper\\src\\functions\\generateRechartsAxis.ts","statementMap":{"0":{"start":{"line":1,"column":0},"end":{"line":1,"column":32}},"1":{"start":{"line":31,"column":9},"end":{"line":31,"column":null}},"2":{"start":{"line":32,"column":7},"end":{"line":32,"column":null}},"3":{"start":{"line":33,"column":11},"end":{"line":33,"column":null}},"4":{"start":{"line":34,"column":12},"end":{"line":34,"column":null}},"5":{"start":{"line":35,"column":12},"end":{"line":35,"column":null}},"6":{"start":{"line":36,"column":17},"end":{"line":36,"column":null}},"7":{"start":{"line":46,"column":4},"end":{"line":46,"column":105}},"8":{"start":{"line":46,"column":24},"end":{"line":46,"column":105}},"9":{"start":{"line":46,"column":69},"end":{"line":46,"column":105}},"10":{"start":{"line":48,"column":46},"end":{"line":48,"column":55}},"11":{"start":{"line":49,"column":4},"end":{"line":61,"column":null}},"12":{"start":{"line":50,"column":28},"end":{"line":50,"column":73}},"13":{"start":{"line":50,"column":67},"end":{"line":50,"column":73}},"14":{"start":{"line":51,"column":8},"end":{"line":57,"column":null}},"15":{"start":{"line":51,"column":21},"end":{"line":51,"column":22}},"16":{"start":{"line":52,"column":22},"end":{"line":52,"column":36}},"17":{"start":{"line":53,"column":12},"end":{"line":56,"column":null}},"18":{"start":{"line":54,"column":16},"end":{"line":54,"column":44}},"19":{"start":{"line":55,"column":16},"end":{"line":55,"column":22}},"20":{"start":{"line":58,"column":8},"end":{"line":58,"column":84}},"21":{"start":{"line":58,"column":30},"end":{"line":58,"column":84}},"22":{"start":{"line":60,"column":8},"end":{"line":60,"column":42}},"23":{"start":{"line":63,"column":31},"end":{"line":63,"column":50}},"24":{"start":{"line":64,"column":27},"end":{"line":64,"column":95}},"25":{"start":{"line":65,"column":26},"end":{"line":65,"column":84}},"26":{"start":{"line":67,"column":18},"end":{"line":67,"column":20}},"27":{"start":{"line":68,"column":4},"end":{"line":70,"column":null}},"28":{"start":{"line":68,"column":17},"end":{"line":68,"column":18}},"29":{"start":{"line":69,"column":8},"end":{"line":69,"column":60}},"30":{"start":{"line":72,"column":4},"end":{"line":78,"column":6}},"31":{"start":{"line":30,"column":0},"end":{"line":30,"column":16}},"32":{"start":{"line":101,"column":24},"end":{"line":117,"column":29}},"33":{"start":{"line":103,"column":13},"end":{"line":103,"column":null}},"34":{"start":{"line":104,"column":11},"end":{"line":104,"column":null}},"35":{"start":{"line":105,"column":15},"end":{"line":105,"column":null}},"36":{"start":{"line":106,"column":16},"end":{"line":106,"column":null}},"37":{"start":{"line":107,"column":8},"end":{"line":107,"column":16}},"38":{"start":{"line":107,"column":16},"end":{"line":107,"column":null}},"39":{"start":{"line":108,"column":21},"end":{"line":108,"column":null}},"40":{"start":{"line":117,"column":22},"end":{"line":119,"column":10}},"41":{"start":{"line":117,"column":36},"end":{"line":119,"column":4}},"42":{"start":{"line":121,"column":0},"end":{"line":121,"column":31}}},"fnMap":{"0":{"name":"generateRechartsAxis","decl":{"start":{"line":30,"column":16},"end":{"line":30,"column":36}},"loc":{"start":{"line":44,"column":1},"end":{"line":79,"column":1}}},"1":{"name":"(anonymous_1)","decl":{"start":{"line":46,"column":40},"end":{"line":46,"column":41}},"loc":{"start":{"line":46,"column":64},"end":{"line":46,"column":78}}},"2":{"name":"(anonymous_2)","decl":{"start":{"line":50,"column":41},"end":{"line":50,"column":42}},"loc":{"start":{"line":50,"column":62},"end":{"line":50,"column":68}}},"3":{"name":"(anonymous_3)","decl":{"start":{"line":101,"column":24},"end":{"line":101,"column":null}},"loc":{"start":{"line":116,"column":23},"end":{"line":117,"column":29}}},"4":{"name":"(anonymous_4)","decl":{"start":{"line":117,"column":30},"end":{"line":117,"column":36}},"loc":{"start":{"line":117,"column":30},"end":{"line":117,"column":56}}}},"branchMap":{"0":{"loc":{"start":{"line":46,"column":4},"end":{"line":46,"column":105}},"type":"if","locations":[{"start":{"line":46,"column":4},"end":{"line":46,"column":105}},{"start":{"line":46,"column":4},"end":{"line":46,"column":105}}]},"1":{"loc":{"start":{"line":49,"column":4},"end":{"line":61,"column":null}},"type":"if","locations":[{"start":{"line":49,"column":4},"end":{"line":61,"column":null}},{"start":{"line":49,"column":4},"end":{"line":61,"column":null}}]},"2":{"loc":{"start":{"line":53,"column":12},"end":{"line":56,"column":null}},"type":"if","locations":[{"start":{"line":53,"column":12},"end":{"line":56,"column":null}},{"start":{"line":53,"column":12},"end":{"line":56,"column":null}}]},"3":{"loc":{"start":{"line":58,"column":8},"end":{"line":58,"column":84}},"type":"if","locations":[{"start":{"line":58,"column":8},"end":{"line":58,"column":84}},{"start":{"line":58,"column":8},"end":{"line":58,"column":84}}]},"4":{"loc":{"start":{"line":107,"column":19},"end":{"line":107,"column":20}},"type":"cond-expr","locations":[{"start":{"line":107,"column":19},"end":{"line":107,"column":20}},{"start":{"line":107,"column":20},"end":{"line":107,"column":null}}]}},"s":{"0":2,"1":5,"2":5,"3":5,"4":5,"5":5,"6":5,"7":5,"8":5,"9":28,"10":5,"11":5,"12":2,"13":4,"14":2,"15":2,"16":6,"17":6,"18":2,"19":2,"20":2,"21":0,"22":3,"23":5,"24":5,"25":5,"26":5,"27":5,"28":5,"29":23,"30":5,"31":2,"32":2,"33":1,"34":1,"35":1,"36":1,"37":1,"38":1,"39":1,"40":1,"41":1,"42":2},"f":{"0":5,"1":28,"2":4,"3":1,"4":1},"b":{"0":[5,0],"1":[2,3],"2":[2,4],"3":[0,2],"4":[0,1]}}
,"C:\\Dev\\Projects\\chayns-helper\\src\\functions\\getHookState.ts": {"path":"C:\\Dev\\Projects\\chayns-helper\\src\\functions\\getHookState.ts","statementMap":{"0":{"start":{"line":6,"column":21},"end":{"line":6,"column":93}},"1":{"start":{"line":6,"column":89},"end":{"line":11,"column":3}},"2":{"start":{"line":7,"column":4},"end":{"line":10,"column":7}},"3":{"start":{"line":8,"column":8},"end":{"line":8,"column":23}},"4":{"start":{"line":9,"column":8},"end":{"line":9,"column":21}},"5":{"start":{"line":13,"column":0},"end":{"line":13,"column":28}}},"fnMap":{"0":{"name":"(anonymous_0)","decl":{"start":{"line":6,"column":21},"end":{"line":6,"column":25}},"loc":{"start":{"line":6,"column":72},"end":{"line":6,"column":93}}},"1":{"name":"(anonymous_1)","decl":{"start":{"line":6,"column":101},"end":{"line":6,"column":102}},"loc":{"start":{"line":6,"column":109},"end":{"line":11,"column":1}}},"2":{"name":"(anonymous_2)","decl":{"start":{"line":7,"column":11},"end":{"line":7,"column":12}},"loc":{"start":{"line":7,"column":20},"end":{"line":10,"column":5}}}},"branchMap":{},"s":{"0":1,"1":3,"2":3,"3":3,"4":3,"5":1},"f":{"0":3,"1":3,"2":3},"b":{}}
,"C:\\Dev\\Projects\\chayns-helper\\src\\functions\\getJsonSettings.ts": {"path":"C:\\Dev\\Projects\\chayns-helper\\src\\functions\\getJsonSettings.ts","statementMap":{"0":{"start":{"line":1,"column":0},"end":{"line":1,"column":37}},"1":{"start":{"line":3,"column":0},"end":{"line":3,"column":null}},"2":{"start":{"line":4,"column":4},"end":{"line":4,"column":null}},"3":{"start":{"line":5,"column":4},"end":{"line":5,"column":null}},"4":{"start":{"line":6,"column":4},"end":{"line":6,"column":null}},"5":{"start":{"line":28,"column":8},"end":{"line":28,"column":16}},"6":{"start":{"line":23,"column":24},"end":{"line":23,"column":null}},"7":{"start":{"line":24,"column":24},"end":{"line":24,"column":null}},"8":{"start":{"line":25,"column":30},"end":{"line":25,"column":null}},"9":{"start":{"line":26,"column":19},"end":{"line":26,"column":null}},"10":{"start":{"line":27,"column":28},"end":{"line":27,"column":null}},"11":{"start":{"line":29,"column":4},"end":{"line":70,"column":6}},"12":{"start":{"line":32,"column":22},"end":{"line":32,"column":64}},"13":{"start":{"line":33,"column":8},"end":{"line":35,"column":null}},"14":{"start":{"line":34,"column":12},"end":{"line":34,"column":29}},"15":{"start":{"line":36,"column":8},"end":{"line":38,"column":null}},"16":{"start":{"line":37,"column":12},"end":{"line":37,"column":29}},"17":{"start":{"line":39,"column":8},"end":{"line":41,"column":null}},"18":{"start":{"line":40,"column":12},"end":{"line":40,"column":24}},"19":{"start":{"line":42,"column":8},"end":{"line":44,"column":null}},"20":{"start":{"line":43,"column":12},"end":{"line":43,"column":64}},"21":{"start":{"line":43,"column":46},"end":{"line":43,"column":63}},"22":{"start":{"line":45,"column":8},"end":{"line":53,"column":null}},"23":{"start":{"line":48,"column":27},"end":{"line":48,"column":57}},"24":{"start":{"line":49,"column":31},"end":{"line":49,"column":81}},"25":{"start":{"line":50,"column":33},"end":{"line":50,"column":83}},"26":{"start":{"line":51,"column":12},"end":{"line":52,"column":92}},"27":{"start":{"line":54,"column":8},"end":{"line":65,"column":null}},"28":{"start":{"line":55,"column":12},"end":{"line":64,"column":null}},"29":{"start":{"line":63,"column":16},"end":{"line":63,"column":34}},"30":{"start":{"line":66,"column":8},"end":{"line":68,"column":null}},"31":{"start":{"line":67,"column":12},"end":{"line":67,"column":34}},"32":{"start":{"line":69,"column":8},"end":{"line":69,"column":21}},"33":{"start":{"line":21,"column":0},"end":{"line":21,"column":24}}},"fnMap":{"0":{"name":"(anonymous_0)","decl":{"start":{"line":3,"column":0},"end":{"line":3,"column":12}},"loc":{"start":{"line":3,"column":32},"end":{"line":7,"column":1}}},"1":{"name":"getJsonSettings","decl":{"start":{"line":21,"column":24},"end":{"line":21,"column":39}},"loc":{"start":{"line":21,"column":61},"end":{"line":71,"column":1}}},"2":{"name":"replacer","decl":{"start":{"line":29,"column":20},"end":{"line":29,"column":28}},"loc":{"start":{"line":29,"column":37},"end":{"line":70,"column":5}}},"3":{"name":"(anonymous_3)","decl":{"start":{"line":43,"column":29},"end":{"line":43,"column":30}},"loc":{"start":{"line":43,"column":36},"end":{"line":43,"column":54}}}},"branchMap":{"0":{"loc":{"start":{"line":3,"column":12},"end":{"line":3,"column":32}},"type":"binary-expr","locations":[{"start":{"line":3,"column":12},"end":{"line":3,"column":32}},{"start":{"line":3,"column":12},"end":{"line":3,"column":null}}]},"1":{"loc":{"start":{"line":23,"column":27},"end":{"line":23,"column":32}},"type":"cond-expr","locations":[{"start":{"line":23,"column":27},"end":{"line":23,"column":32}},{"start":{"line":23,"column":32},"end":{"line":23,"column":null}}]},"2":{"loc":{"start":{"line":24,"column":27},"end":{"line":24,"column":32}},"type":"cond-expr","locations":[{"start":{"line":24,"column":27},"end":{"line":24,"column":32}},{"start":{"line":24,"column":32},"end":{"line":24,"column":null}}]},"3":{"loc":{"start":{"line":25,"column":33},"end":{"line":25,"column":38}},"type":"cond-expr","locations":[{"start":{"line":25,"column":33},"end":{"line":25,"column":38}},{"start":{"line":25,"column":38},"end":{"line":25,"column":null}}]},"4":{"loc":{"start":{"line":26,"column":22},"end":{"line":26,"column":24}},"type":"cond-expr","locations":[{"start":{"line":26,"column":22},"end":{"line":26,"column":24}},{"start":{"line":26,"column":24},"end":{"line":26,"column":null}}]},"5":{"loc":{"start":{"line":27,"column":31},"end":{"line":27,"column":59}},"type":"cond-expr","locations":[{"start":{"line":27,"column":31},"end":{"line":27,"column":59}},{"start":{"line":27,"column":59},"end":{"line":27,"column":null}}]},"6":{"loc":{"start":{"line":32,"column":49},"end":{"line":32,"column":58}},"type":"cond-expr","locations":[{"start":{"line":32,"column":49},"end":{"line":32,"column":58}},{"start":{"line":32,"column":61},"end":{"line":32,"column":64}}]},"7":{"loc":{"start":{"line":33,"column":8},"end":{"line":35,"column":null}},"type":"if","locations":[{"start":{"line":33,"column":8},"end":{"line":35,"colum
[...]
9}},{"start":{"line":35,"column":29},"end":{"line":35,"column":null}}]},"1":{"loc":{"start":{"line":36,"column":15},"end":{"line":36,"column":29}},"type":"cond-expr","locations":[{"start":{"line":36,"column":15},"end":{"line":36,"column":29}},{"start":{"line":36,"column":29},"end":{"line":36,"column":null}}]},"2":{"loc":{"start":{"line":37,"column":37},"end":{"line":37,"column":42}},"type":"cond-expr","locations":[{"start":{"line":37,"column":37},"end":{"line":37,"column":42}},{"start":{"line":37,"column":42},"end":{"line":37,"column":null}}]},"3":{"loc":{"start":{"line":50,"column":13},"end":{"line":50,"column":32}},"type":"binary-expr","locations":[{"start":{"line":50,"column":13},"end":{"line":50,"column":32}},{"start":{"line":50,"column":36},"end":{"line":51,"column":97}}]},"4":{"loc":{"start":{"line":51,"column":18},"end":{"line":51,"column":41}},"type":"binary-expr","locations":[{"start":{"line":51,"column":18},"end":{"line":51,"column":41}},{"start":{"line":51,"column":46},"end":{"line":51,"column":94}}]},"5":{"loc":{"start":{"line":51,"column":59},"end":{"line":51,"column":72}},"type":"cond-expr","locations":[{"start":{"line":51,"column":59},"end":{"line":51,"column":72}},{"start":{"line":51,"column":75},"end":{"line":51,"column":94}}]},"6":{"loc":{"start":{"line":54,"column":12},"end":{"line":61,"column":null}},"type":"if","locations":[{"start":{"line":54,"column":12},"end":{"line":61,"column":null}},{"start":{"line":54,"column":12},"end":{"line":61,"column":null}}]},"7":{"loc":{"start":{"line":64,"column":17},"end":{"line":64,"column":40}},"type":"binary-expr","locations":[{"start":{"line":64,"column":17},"end":{"line":64,"column":40}},{"start":{"line":64,"column":45},"end":{"line":64,"column":93}}]},"8":{"loc":{"start":{"line":64,"column":58},"end":{"line":64,"column":71}},"type":"cond-expr","locations":[{"start":{"line":64,"column":58},"end":{"line":64,"column":71}},{"start":{"line":64,"column":74},"end":{"line":64,"column":93}}]},"9":{"loc":{"start":{"line":71,"column":12},"end":{"line":80,"column":null}},"type":"if","locations":[{"start":{"line":71,"column":12},"end":{"line":80,"column":null}},{"start":{"line":71,"column":12},"end":{"line":80,"column":null}}]},"10":{"loc":{"start":{"line":81,"column":12},"end":{"line":87,"column":null}},"type":"if","locations":[{"start":{"line":81,"column":12},"end":{"line":87,"column":null}},{"start":{"line":81,"column":12},"end":{"line":87,"column":null}}]},"11":{"loc":{"start":{"line":84,"column":37},"end":{"line":84,"column":62}},"type":"cond-expr","locations":[{"start":{"line":84,"column":37},"end":{"line":84,"column":62}},{"start":{"line":84,"column":65},"end":{"line":84,"column":67}}]},"12":{"loc":{"start":{"line":85,"column":43},"end":{"line":85,"column":48}},"type":"cond-expr","locations":[{"start":{"line":85,"column":43},"end":{"line":85,"column":48}},{"start":{"line":85,"column":51},"end":{"line":85,"column":58}}]},"13":{"loc":{"start":{"line":88,"column":12},"end":{"line":113,"column":null}},"type":"if","locations":[{"start":{"line":88,"column":12},"end":{"line":113,"column":null}},{"start":{"line":88,"column":12},"end":{"line":113,"column":null}}]},"14":{"loc":{"start":{"line":89,"column":85},"end":{"line":89,"column":90}},"type":"cond-expr","locations":[{"start":{"line":89,"column":85},"end":{"line":89,"column":90}},{"start":{"line":89,"column":93},"end":{"line":89,"column":100}}]},"15":{"loc":{"start":{"line":91,"column":16},"end":{"line":93,"column":null}},"type":"if","locations":[{"start":{"line":91,"column":16},"end":{"line":93,"column":null}},{"start":{"line":91,"column":16},"end":{"line":93,"column":null}}]},"16":{"loc":{"start":{"line":91,"column":20},"end":{"line":91,"column":46}},"type":"binary-expr","locations":[{"start":{"line":91,"column":20},"end":{"line":91,"column":46}},{"start":{"line":91,"column":50},"end":{"line":91,"column":86}}]},"17":{"loc":{"start":{"line":99,"column":26},"end":{"line":106,"column":26}},"type":"cond-expr","locations":[{"start":{"line":99,"column":26},"end":{"line":106,"column":26}},{"start":{"line":106,"column":28},"end":{"line":110,"column":26}}]},"18":{"loc":{"start":{"line":98,"column":24},"end":{"line":98,"column":38}},"type":"binary-expr","locations":[{"start":{"line":98,"column":24},"end":{"line":98,"column":38}},{"start":{"line":98,"column":42},"end":{"line":98,"column":78}}]},"19":{"loc":{"start":{"line":103,"column":34},"end":{"line":103,"column":86}},"type":"cond-expr","locations":[{"start":{"line":103,"column":34},"end":{"line":103,"column":86}},{"start":{"line":104,"column":34},"end":{"line":104,"column":98}}]},"20":{"loc":{"start":{"line":116,"column":4},"end":{"line":130,"column":null}},"type":"if","locations":[{"start":{"line":116,"column":4},"end":{"line":130,"column":null}},{"start":{"line":116,"column":4},"end":{"line":130,"column":null}}]},"21":{"loc":{"start":{"line":120,"column":16},"end":{"line":127,"column":null}},"type":"if","locations":[{"start":{"line":120,"column":16},"end":{"line":127,"column":null}},{"start":{"line":120,"column":16},"end":{"line":127,"column":null}}]},"22":{"loc":{"start":{"line":120,"column":20},"end":{"line":120,"column":42}},"type":"binary-expr","locations":[{"start":{"line":120,"column":20},"end":{"line":120,"column":42}},{"start":{"line":120,"column":47},"end":{"line":120,"column":91}}]},"23":{"loc":{"start":{"line":122,"column":37},"end":{"line":122,"column":52}},"type":"binary-expr","locations":[{"start":{"line":122,"column":37},"end":{"line":122,"column":52}},{"start":{"line":122,"column":56},"end":{"line":122,"column":89}}]},"24":{"loc":{"start":{"line":123,"column":20},"end":{"line":126,"column":null}},"type":"if","locations":[{"start":{"line":123,"column":20},"end":{"line":126,"column":null}},{"start":{"line":123,"column":20},"end":{"line":126,"column":null}}]}},"s":{"0":0,"1":0,"2":0,"3":0,"4":0,"5":0,"6":0,"7":0,"8":0,"9":0,"10":0,"11":0,"12":0,"13":0,"14":0,"15":0,"16":0,"17":0,"18":0,"19":0,"20":0,"21":0,"22":0,"23":0,"24":0,"25":0,"26":0,"27":0,"28":0,"29":0,"30":0,"31":0,"32":0,"33":0,"34":0,"35":0,"36":0,"37":0,"38":0,"39":0,"40":0,"41":0,"42":0,"43":0,"44":0,"45":0,"46":0,"47":0,"48":0,"49":0,"50":0,"51":0,"52":0,"53":0,"54":0,"55":0,"56":0,"57":0,"58":0,"59":0,"60":0},"f":{"0":0,"1":0,"2":0,"3":0,"4":0},"b":{"0":[0,0],"1":[0,0],"2":[0,0],"3":[0,0],"4":[0,0],"5":[0,0],"6":[0,0],"7":[0,0],"8":[0,0],"9":[0,0],"10":[0,0],"11":[0,0],"12":[0,0],"13":[0,0],"14":[0,0],"15":[0,0],"16":[0,0],"17":[0,0],"18":[0,0],"19":[0,0],"20":[0,0],"21":[0,0],"22":[0,0],"23":[0,0],"24":[0,0]}}
,"C:\\Dev\\Projects\\chayns-helper\\src\\textstring\\textstringConfig.ts": {"path":"C:\\Dev\\Projects\\chayns-helper\\src\\textstring\\textstringConfig.ts","statementMap":{"0":{"start":{"line":1,"column":26},"end":{"line":4,"column":2}},"1":{"start":{"line":21,"column":31},"end":{"line":28,"column":1}},"2":{"start":{"line":25,"column":8},"end":{"line":25,"column":20}},"3":{"start":{"line":23,"column":8},"end":{"line":23,"column":14}},"4":{"start":{"line":23,"column":14},"end":{"line":23,"column":null}},"5":{"start":{"line":24,"column":8},"end":{"line":24,"column":15}},"6":{"start":{"line":24,"column":15},"end":{"line":24,"column":null}},"7":{"start":{"line":26,"column":4},"end":{"line":26,"column":38}},"8":{"start":{"line":27,"column":4},"end":{"line":27,"column":40}},"9":{"start":{"line":21,"column":13},"end":{"line":21,"column":31}},"10":{"start":{"line":30,"column":0},"end":{"line":30,"column":33}}},"fnMap":{"0":{"name":"(anonymous_0)","decl":{"start":{"line":21,"column":31},"end":{"line":21,"column":32}},"loc":{"start":{"line":21,"column":54},"end":{"line":28,"column":1}}}},"branchMap":{"0":{"loc":{"start":{"line":25,"column":8},"end":{"line":25,"column":14}},"type":"binary-expr","locations":[{"start":{"line":25,"column":8},"end":{"line":25,"column":14}},{"start":{"line":25,"column":18},"end":{"line":25,"column":20}}]},"1":{"loc":{"start":{"line":23,"column":17},"end":{"line":23,"column":19}},"type":"cond-expr","locations":[{"start":{"line":23,"column":17},"end":{"line":23,"column":19}},{"start":{"line":23,"column":19},"end":{"line":23,"column":null}}]},"2":{"loc":{"start":{"line":24,"column":18},"end":{"line":24,"column":20}},"type":"cond-expr","locations":[{"start":{"line":24,"column":18},"end":{"line":24,"column":20}},{"start":{"line":24,"column":20},"end":{"line":24,"column":null}}]}},"s":{"0":1,"1":1,"2":0,"3":0,"4":0,"5":0,"6":0,"7":0,"8":0,"9":1,"10":1},"f":{"0":0},"b":{"0":[0,0],"1":[0,0],"2":[0,0]}}
,"C:\\Dev\\Projects\\chayns-helper\\src\\textstring\\useTextStrings.ts": {"path":"C:\\Dev\\Projects\\chayns-helper\\src\\textstring\\useTextStrings.ts","statementMap":{"0":{"start":{"line":1,"column":0},"end":{"line":1,"column":32}},"1":{"start":{"line":2,"column":0},"end":{"line":2,"column":46}},"2":{"start":{"line":34,"column":4},"end":{"line":36,"column":33}},"3":{"start":{"line":35,"column":8},"end":{"line":35,"column":54}},"4":{"start":{"line":39,"column":0},"end":{"line":39,"column":30}}},"fnMap":{"0":{"name":"useTextStrings","decl":{"start":{"line":30,"column":9},"end":{"line":30,"column":23}},"loc":{"start":{"line":32,"column":21},"end":{"line":37,"column":1}}},"1":{"name":"(anonymous_1)","decl":{"start":{"line":34,"column":19},"end":{"line":34,"column":null}},"loc":{"start":{"line":34,"column":19},"end":{"line":36,"column":5}}}},"branchMap":{},"s":{"0":0,"1":0,"2":0,"3":0,"4":0},"f":{"0":0,"1":0},"b":{}}
,"C:\\Dev\\Projects\\chayns-helper\\src\\utils\\colorLog.ts": {"path":"C:\\Dev\\Projects\\chayns-helper\\src\\utils\\colorLog.ts","statementMap":{"0":{"start":{"line":2,"column":22},"end":{"line":2,"column":37}},"1":{"start":{"line":4,"column":18},"end":{"line":4,"column":55}},"2":{"start":{"line":8,"column":4},"end":{"line":8,"column":79}},"3":{"start":{"line":8,"column":38},"end":{"line":8,"column":79}},"4":{"start":{"line":9,"column":17},"end":{"line":9,"column":19}},"5":{"start":{"line":10,"column":19},"end":{"line":10,"column":21}},"6":{"start":{"line":11,"column":17},"end":{"line":11,"column":38}},"7":{"start":{"line":12,"column":4},"end":{"line":15,"column":null}},"8":{"start":{"line":12,"column":17},"end":{"line":12,"column":18}},"9":{"start":{"line":13,"column":8},"end":{"line":13,"column":34}},"10":{"start":{"line":14,"column":8},"end":{"line":14,"column":39}},"11":{"start":{"line":17,"column":4},"end":{"line":17,"column":39}},"12":{"start":{"line":7,"column":0},"end":{"line":7,"column":16}},"13":{"start":{"line":26,"column":27},"end":{"line":30,"column":2}},"14":{"start":{"line":28,"column":25},"end":{"line":28,"column":null}},"15":{"start":{"line":29,"column":41},"end":{"line":29,"column":null}},"16":{"start":{"line":32,"column":0},"end":{"line":32,"column":24}}},"fnMap":{"0":{"name":"createColorLog","decl":{"start":{"line":7,"column":16},"end":{"line":7,"column":30}},"loc":{"start":{"line":7,"column":70},"end":{"line":18,"column":1}}},"1":{"name":"(anonymous_1)","decl":{"start":{"line":28,"column":10},"end":{"line":28,"column":11}},"loc":{"start":{"line":28,"column":20},"end":{"line":28,"column":39}}},"2":{"name":"(anonymous_2)","decl":{"start":{"line":29,"column":11},"end":{"line":29,"column":12}},"loc":{"start":{"line":29,"column":36},"end":{"line":29,"column":55}}}},"branchMap":{"0":{"loc":{"start":{"line":8,"column":4},"end":{"line":8,"column":79}},"type":"if","locations":[{"start":{"line":8,"column":4},"end":{"line":8,"column":79}},{"start":{"line":8,"column":4},"end":{"line":8,"column":79}}]},"1":{"loc":{"start":{"line":8,"column":8},"end":{"line":8,"column":22}},"type":"binary-expr","locations":[{"start":{"line":8,"column":8},"end":{"line":8,"column":22}},{"start":{"line":8,"column":26},"end":{"line":8,"column":36}}]}},"s":{"0":2,"1":2,"2":6,"3":6,"4":0,"5":0,"6":0,"7":0,"8":0,"9":0,"10":0,"11":0,"12":2,"13":2,"14":6,"15":0,"16":2},"f":{"0":6,"1":6,"2":0},"b":{"0":[6,0],"1":[6,6]}}
,"C:\\Dev\\Projects\\chayns-helper\\src\\utils\\isNullOrWhiteSpace.ts": {"path":"C:\\Dev\\Projects\\chayns-helper\\src\\utils\\isNullOrWhiteSpace.ts","statementMap":{"0":{"start":{"line":2,"column":4},"end":{"line":2,"column":103}},"1":{"start":{"line":1,"column":0},"end":{"line":1,"column":24}}},"fnMap":{"0":{"name":"isNullOrWhiteSpace","decl":{"start":{"line":1,"column":24},"end":{"line":1,"column":42}},"loc":{"start":{"line":1,"column":53},"end":{"line":3,"column":1}}}},"branchMap":{"0":{"loc":{"start":{"line":2,"column":11},"end":{"line":2,"column":30}},"type":"binary-expr","locations":[{"start":{"line":2,"column":11},"end":{"line":2,"column":30}},{"start":{"line":2,"column":34},"end":{"line":2,"column":48}},{"start":{"line":2,"column":53},"end":{"line":2,"column":78}},{"start":{"line":2,"column":82},"end":{"line":2,"column":101}}]}},"s":{"0":33,"1":3},"f":{"0":33},"b":{"0":[33,33,33,33]}}
,"C:\\Dev\\Projects\\chayns-helper\\src\\utils\\requireChaynsLogger.ts": {"path":"C:\\Dev\\Projects\\chayns-helper\\src\\utils\\requireChaynsLogger.ts","statementMap":{"0":{"start":{"line":28,"column":33},"end":{"line":34,"column":null}},"1":{"start":{"line":41,"column":22},"end":{"line":43,"column":null}},"2":{"start":{"line":45,"column":4},"end":{"line":45,"column":44}},"3":{"start":{"line":46,"column":4},"end":{"line":46,"column":42}},"4":{"start":{"line":47,"column":4},"end":{"line":47,"column":48}},"5":{"start":{"line":48,"column":4},"end":{"line":48,"column":44}},"6":{"start":{"line":49,"column":4},"end":{"line":49,"column":50}},"7":{"start":{"line":40,"column":0},"end":{"line":40,"column":16}},"8":{"start":{"line":52,"column":0},"end":{"line":58,"column":null}},"9":{"start":{"line":53,"column":4},"end":{"line":55,"column":6}},"10":{"start":{"line":60,"column":0},"end":{"line":60,"column":28}}},"fnMap":{"0":{"name":"setCustomLogger","decl":{"start":{"line":40,"column":16},"end":{"line":40,"column":31}},"loc":{"start":{"line":40,"column":52},"end":{"line":50,"column":1}}}},"branchMap":{},"s":{"0":25,"1":25,"2":25,"3":25,"4":25,"5":25,"6":25,"7":25,"8":25,"9":25,"10":25},"f":{"0":25},"b":{}}
,"C:\\Dev\\Projects\\chayns-helper\\src\\utils\\requireUseSelector.ts": {"path":"C:\\Dev\\Projects\\chayns-helper\\src\\utils\\requireUseSelector.ts","statementMap":{"0":{"start":{"line":5,"column":18},"end":{"line":7,"column":1}},"1":{"start":{"line":6,"column":4},"end":{"line":6,"column":87}},"2":{"start":{"line":9,"column":0},"end":{"line":14,"column":null}},"3":{"start":{"line":11,"column":4},"end":{"line":11,"column":75}},"4":{"start":{"line":16,"column":0},"end":{"line":16,"column":27}}},"fnMap":{"0":{"name":"(anonymous_0)","decl":{"start":{"line":5,"column":18},"end":{"line":5,"column":null}},"loc":{"start":{"line":5,"column":18},"end":{"line":7,"column":1}}}},"branchMap":{"0":{"loc":{"start":{"line":11,"column":61},"end":{"line":11,"column":63}},"type":"cond-expr","locations":[{"start":{"line":11,"column":61},"end":{"line":11,"column":63}},{"start":{"line":11,"column":61},"end":{"line":11,"column":74}}]},"1":{"loc":{"start":{"line":11,"column":15},"end":{"line":11,"column":63}},"type":"binary-expr","locations":[{"start":{"line":11,"column":15},"end":{"line":11,"column":63}},{"start":{"line":11,"column":61},"end":{"line":11,"column":63}}]}},"s":{"0":0,"1":0,"2":0,"3":0,"4":0},"f":{"0":0},"b":{"0":[0,0],"1":[0,0]}}
,"C:\\Dev\\Projects\\chayns-helper\\src\\utils\\stringToRegex.ts": {"path":"C:\\Dev\\Projects\\chayns-helper\\src\\utils\\stringToRegex.ts","statementMap":{"0":{"start":{"line":1,"column":13},"end":{"line":1,"column":69}},"1":{"start":{"line":2,"column":23},"end":{"line":2,"column":37}},"2":{"start":{"line":8,"column":22},"end":{"line":15,"column":1}},"3":{"start":{"line":8,"column":36},"end":{"line":8,"column":null}},"4":{"start":{"line":9,"column":4},"end":{"line":11,"column":null}},"5":{"start":{"line":10,"column":8},"end":{"line":10,"column":84}},"6":{"start":{"line":12,"column":16},"end":{"line":12,"column":41}},"7":{"start":{"line":13,"column":19},"end":{"line":13,"column":57}},"8":{"start":{"line":14,"column":4},"end":{"line":14,"column":107}},"9":{"start":{"line":17,"column":0},"end":{"line":17,"column":29}}},"fnMap":{"0":{"name":"(anonymous_0)","decl":{"start":{"line":8,"column":22},"end":{"line":8,"column":23}},"loc":{"start":{"line":8,"column":53},"end":{"line":15,"column":1}}}},"branchMap":{"0":{"loc":{"start":{"line":8,"column":36},"end":{"line":8,"column":null}},"type":"if","locations":[{"start":{"line":8,"column":36},"end":{"line":8,"column":null}},{"start":{"line":8,"column":36},"end":{"line":8,"column":null}}]},"1":{"loc":{"start":{"line":9,"column":4},"end":{"line":11,"column":null}},"type":"if","locations":[{"start":{"line":9,"column":4},"end":{"line":11,"column":null}},{"start":{"line":9,"column":4},"end":{"line":11,"column":null}}]},"2":{"loc":{"start":{"line":10,"column":38},"end":{"line":10,"column":76}},"type":"cond-expr","locations":[{"start":{"line":10,"column":38},"end":{"line":10,"column":76}},{"start":{"line":10,"column":79},"end":{"line":10,"column":82}}]},"3":{"loc":{"start":{"line":14,"column":34},"end":{"line":14,"column":75}},"type":"cond-expr","locations":[{"start":{"line":14,"column":34},"end":{"line":14,"column":75}},{"start":{"line":14,"column":78},"end":{"line":14,"column":84}}]}},"s":{"0":2,"1":2,"2":2,"3":50,"4":25,"5":0,"6":25,"7":25,"8":25,"9":2},"f":{"0":25},"b":{"0":[25,0],"1":[0,25],"2":[0,0],"3":[0,25]}}
,"C:\\Dev\\Projects\\chayns-helper\\src\\utils\\useRefresh.ts": {"path":"C:\\Dev\\Projects\\chayns-helper\\src\\utils\\useRefresh.ts","statementMap":{"0":{"start":{"line":1,"column":0},"end":{"line":1,"column":57}},"1":{"start":{"line":8,"column":19},"end":{"line":28,"column":1}},"2":{"start":{"line":9,"column":34},"end":{"line":9,"column":45}},"3":{"start":{"line":9,"column":18},"end":{"line":9,"column":20}},"4":{"start":{"line":9,"column":30},"end":{"line":9,"column":34}},"5":{"start":{"line":11,"column":26},"end":{"line":13,"column":10}},"6":{"start":{"line":12,"column":8},"end":{"line":12,"column":34}},"7":{"start":{"line":15,"column":4},"end":{"line":25,"column":24}},"8":{"start":{"line":17,"column":8},"end":{"line":21,"column":null}},"9":{"start":{"line":18,"column":12},"end":{"line":20,"column":25}},"10":{"start":{"line":19,"column":16},"end":{"line":19,"column":32}},"11":{"start":{"line":22,"column":8},"end":{"line":24,"column":10}},"12":{"start":{"line":23,"column":12},"end":{"line":23,"column":56}},"13":{"start":{"line":27,"column":4},"end":{"line":27,"column":36}},"14":{"start":{"line":30,"column":0},"end":{"line":30,"column":26}}},"fnMap":{"0":{"name":"(anonymous_0)","decl":{"start":{"line":8,"column":19},"end":{"line":8,"column":20}},"loc":{"start":{"line":8,"column":36},"end":{"line":28,"column":1}}},"1":{"name":"(anonymous_1)","decl":{"start":{"line":11,"column":38},"end":{"line":11,"column":null}},"loc":{"start":{"line":11,"column":38},"end":{"line":13,"column":5}}},"2":{"name":"(anonymous_2)","decl":{"start":{"line":15,"column":14},"end":{"line":15,"column":null}},"loc":{"start":{"line":15,"column":14},"end":{"line":25,"column":5}}},"3":{"name":"(anonymous_3)","decl":{"start":{"line":18,"column":30},"end":{"line":18,"column":null}},"loc":{"start":{"line":18,"column":30},"end":{"line":20,"column":13}}},"4":{"name":"(anonymous_4)","decl":{"start":{"line":22,"column":15},"end":{"line":22,"column":null}},"loc":{"start":{"line":22,"column":15},"end":{"line":24,"column":9}}}},"branchMap":{"0":{"loc":{"start":{"line":17,"column":8},"end":{"line":21,"column":null}},"type":"if","locations":[{"start":{"line":17,"column":8},"end":{"line":21,"column":null}},{"start":{"line":17,"column":8},"end":{"line":21,"column":null}}]},"1":{"loc":{"start":{"line":23,"column":27},"end":{"line":23,"column":49}},"type":"binary-expr","locations":[{"start":{"line":23,"column":27},"end":{"line":23,"column":49}},{"start":{"line":23,"column":53},"end":{"line":23,"column":54}}]}},"s":{"0":2,"1":2,"2":2,"3":2,"4":2,"5":2,"6":0,"7":2,"8":2,"9":2,"10":0,"11":2,"12":0,"13":2,"14":2},"f":{"0":2,"1":0,"2":2,"3":0,"4":0},"b":{"0":[2,0],"1":[0,0]}}
}
