TN:
SF:src\globals.d.ts
FNF:0
FNH:0
LF:0
LH:0
BRF:0
BRH:0
end_of_record
TN:
SF:src\index.ts
FN:2,(anonymous_1)
FN:4,(anonymous_2)
FN:5,(anonymous_3)
FN:6,(anonymous_4)
FN:7,(anonymous_5)
FN:8,(anonymous_6)
FN:9,(anonymous_7)
FN:10,(anonymous_8)
FN:11,(anonymous_9)
FN:12,(anonymous_10)
FN:13,(anonymous_11)
FN:14,(anonymous_12)
FN:15,(anonymous_13)
FN:17,(anonymous_14)
FN:18,(anonymous_15)
FN:20,(anonymous_16)
FN:20,(anonymous_17)
FN:20,(anonymous_18)
FN:23,(anonymous_19)
FN:24,(anonymous_20)
FN:25,(anonymous_21)
FN:26,(anonymous_22)
FN:27,(anonymous_23)
FN:27,(anonymous_24)
FN:28,(anonymous_25)
FN:28,(anonymous_26)
FN:30,(anonymous_27)
FN:30,(anonymous_28)
FN:30,(anonymous_29)
FN:30,(anonymous_30)
FN:32,(anonymous_31)
FN:33,(anonymous_32)
FN:34,(anonymous_33)
FN:35,(anonymous_34)
FN:35,(anonymous_35)
FN:35,(anonymous_36)
FN:37,(anonymous_37)
FN:38,(anonymous_38)
FN:39,(anonymous_39)
FN:40,(anonymous_40)
FN:41,(anonymous_41)
FN:42,(anonymous_42)
FN:42,(anonymous_43)
FN:43,(anonymous_44)
FN:44,(anonymous_45)
FN:45,(anonymous_46)
FN:46,(anonymous_47)
FN:47,(anonymous_48)
FN:48,(anonymous_49)
FN:49,(anonymous_50)
FN:49,(anonymous_51)
FN:50,(anonymous_52)
FN:50,(anonymous_53)
FN:52,(anonymous_54)
FN:53,(anonymous_55)
FN:53,(anonymous_56)
FN:55,(anonymous_57)
FN:56,(anonymous_58)
FN:57,(anonymous_59)
FN:58,(anonymous_60)
FN:59,(anonymous_61)
FN:60,(anonymous_62)
FN:61,(anonymous_63)
FN:62,(anonymous_64)
FN:63,(anonymous_65)
FN:65,(anonymous_66)
FN:66,(anonymous_67)
FN:67,(anonymous_68)
FN:68,(anonymous_69)
FN:69,(anonymous_70)
FN:70,(anonymous_71)
FN:71,(anonymous_72)
FN:72,(anonymous_73)
FN:73,(anonymous_74)
FN:74,(anonymous_75)
FN:74,(anonymous_76)
FN:75,(anonymous_77)
FN:77,(anonymous_78)
FN:78,(anonymous_79)
FN:79,(anonymous_80)
FN:80,(anonymous_81)
FN:81,(anonymous_82)
FN:83,(anonymous_83)
FN:84,(anonymous_84)
FN:85,(anonymous_85)
FNF:85
FNH:0
FNDA:0,(anonymous_1)
FNDA:0,(anonymous_2)
FNDA:0,(anonymous_3)
FNDA:0,(anonymous_4)
FNDA:0,(anonymous_5)
FNDA:0,(anonymous_6)
FNDA:0,(anonymous_7)
FNDA:0,(anonymous_8)
FNDA:0,(anonymous_9)
FNDA:0,(anonymous_10)
FNDA:0,(anonymous_11)
FNDA:0,(anonymous_12)
FNDA:0,(anonymous_13)
FNDA:0,(anonymous_14)
FNDA:0,(anonymous_15)
FNDA:0,(anonymous_16)
FNDA:0,(anonymous_17)
FNDA:0,(anonymous_18)
FNDA:0,(anonymous_19)
FNDA:0,(anonymous_20)
FNDA:0,(anonymous_21)
FNDA:0,(anonymous_22)
FNDA:0,(anonymous_23)
FNDA:0,(anonymous_24)
FNDA:0,(anonymous_25)
FNDA:0,(anonymous_26)
FNDA:0,(anonymous_27)
FNDA:0,(anonymous_28)
FNDA:0,(anonymous_29)
FNDA:0,(anonymous_30)
FNDA:0,(anonymous_31)
FNDA:0,(anonymous_32)
FNDA:0,(anonymous_33)
FNDA:0,(anonymous_34)
FNDA:0,(anonymous_35)
FNDA:0,(anonymous_36)
FNDA:0,(anonymous_37)
FNDA:0,(anonymous_38)
FNDA:0,(anonymous_39)
FNDA:0,(anonymous_40)
FNDA:0,(anonymous_41)
FNDA:0,(anonymous_42)
FNDA:0,(anonymous_43)
FNDA:0,(anonymous_44)
FNDA:0,(anonymous_45)
FNDA:0,(anonymous_46)
FNDA:0,(anonymous_47)
FNDA:0,(anonymous_48)
FNDA:0,(anonymous_49)
FNDA:0,(anonymous_50)
FNDA:0,(anonymous_51)
FNDA:0,(anonymous_52)
FNDA:0,(anonymous_53)
FNDA:0,(anonymous_54)
FNDA:0,(anonymous_55)
FNDA:0,(anonymous_56)
FNDA:0,(anonymous_57)
FNDA:0,(anonymous_58)
FNDA:0,(anonymous_59)
FNDA:0,(anonymous_60)
FNDA:0,(anonymous_61)
FNDA:0,(anonymous_62)
FNDA:0,(anonymous_63)
FNDA:0,(anonymous_64)
FNDA:0,(anonymous_65)
FNDA:0,(anonymous_66)
FNDA:0,(anonymous_67)
FNDA:0,(anonymous_68)
FNDA:0,(anonymous_69)
FNDA:0,(anonymous_70)
FNDA:0,(anonymous_71)
FNDA:0,(anonymous_72)
FNDA:0,(anonymous_73)
FNDA:0,(anonymous_74)
FNDA:0,(anonymous_75)
FNDA:0,(anonymous_76)
FNDA:0,(anonymous_77)
FNDA:0,(anonymous_78)
FNDA:0,(anonymous_79)
FNDA:0,(anonymous_80)
FNDA:0,(anonymous_81)
FNDA:0,(anonymous_82)
FNDA:0,(anonymous_83)
FNDA:0,(anonymous_84)
FNDA:0,(anonymous_85)
DA:2,0
DA:4,0
DA:5,0
DA:6,0
DA:7,0
DA:8,0
DA:9,0
DA:10,0
DA:11,0
DA:12,0
DA:13,0
DA:14,0
DA:15,0
DA:17,0
DA:18,0
DA:19,0
DA:20,0
DA:23,0
DA:24,0
DA:25,0
DA:26,0
DA:27,0
DA:28,0
DA:29,0
DA:30,0
DA:32,0
DA:33,0
DA:34,0
DA:35,0
DA:37,0
DA:38,0
DA:39,0
DA:40,0
DA:41,0
DA:42,0
DA:43,0
DA:44,0
DA:45,0
DA:46,0
DA:47,0
DA:48,0
DA:49,0
DA:50,0
DA:52,0
DA:53,0
DA:55,0
DA:56,0
DA:57,0
DA:58,0
DA:59,0
DA:60,0
DA:61,0
DA:62,0
DA:63,0
DA:65,0
DA:66,0
DA:67,0
DA:68,0
DA:69,0
DA:70,0
DA:71,0
DA:72,0
DA:73,0
DA:74,0
DA:75,0
DA:77,0
DA:78,0
DA:79,0
DA:80,0
DA:81,0
DA:83,0
DA:84,0
DA:85,0
LF:73
LH:0
BRF:0
BRH:0
end_of_record
TN:
SF:src\components\buttons\UACGroupChooseButton.tsx
FN:26,(anonymous_0)
FN:36,(anonymous_1)
FN:49,(anonymous_2)
FN:50,(anonymous_3)
FN:57,(anonymous_4)
FN:59,(anonymous_5)
FN:68,(anonymous_6)
FN:89,(anonymous_7)
FNF:8
FNH:4
FNDA:2,(anonymous_0)
FNDA:1,(anonymous_1)
FNDA:1,(anonymous_2)
FNDA:0,(anonymous_3)
FNDA:0,(anonymous_4)
FNDA:0,(anonymous_5)
FNDA:0,(anonymous_6)
FNDA:1,(anonymous_7)
DA:1,1
DA:3,1
DA:4,1
DA:5,1
DA:6,1
DA:7,1
DA:8,1
DA:26,1
DA:28,2
DA:29,2
DA:30,2
DA:31,2
DA:32,2
DA:35,2
DA:36,2
DA:37,1
DA:49,1
DA:51,0
DA:55,2
DA:58,0
DA:59,0
DA:68,0
DA:78,0
DA:79,0
DA:90,1
DA:97,1
LF:26
LH:20
BRDA:28,0,0,0
BRDA:28,0,1,2
BRDA:30,1,0,2
BRDA:30,1,1,0
BRDA:31,2,0,2
BRDA:31,2,1,0
BRDA:56,3,0,1
BRDA:56,3,1,1
BRDA:62,4,0,0
BRDA:62,4,1,0
BRDA:66,5,0,0
BRDA:66,5,1,0
BRDA:78,6,0,0
BRDA:78,6,1,0
BRDA:88,7,0,0
BRDA:88,7,1,1
BRDA:87,8,0,1
BRDA:87,8,1,0
BRDA:89,9,0,1
BRDA:89,9,1,0
BRDA:89,10,0,1
BRDA:89,10,1,0
BRDA:90,11,0,0
BRDA:90,11,1,1
BRF:24
BRH:10
end_of_record
TN:
SF:src\components\containers\CenteredContainer.tsx
FN:22,(anonymous_0)
FNF:1
FNH:1
FNDA:1,(anonymous_0)
DA:1,2
DA:2,2
DA:3,2
DA:22,2
DA:24,1
DA:25,1
DA:26,1
DA:27,1
DA:28,1
DA:29,1
DA:32,1
DA:33,1
DA:52,2
LF:13
LH:13
BRDA:24,0,0,1
BRDA:24,0,1,0
BRDA:25,1,0,1
BRDA:25,1,1,0
BRDA:26,2,0,1
BRDA:26,2,1,0
BRDA:27,3,0,0
BRDA:27,3,1,1
BRDA:28,4,0,1
BRDA:28,4,1,0
BRF:10
BRH:5
end_of_record
TN:
SF:src\components\containers\DataRow.tsx
FN:22,(anonymous_0)
FNF:1
FNH:1
FNDA:1,(anonymous_0)
DA:1,1
DA:2,1
DA:3,1
DA:22,1
DA:24,1
DA:25,1
DA:26,1
DA:27,1
DA:28,1
DA:31,1
DA:32,1
DA:49,1
LF:12
LH:12
BRDA:24,0,0,1
BRDA:24,0,1,0
BRDA:25,1,0,1
BRDA:25,1,1,0
BRDA:26,2,0,1
BRDA:26,2,1,0
BRDA:27,3,0,1
BRDA:27,3,1,0
BRDA:42,4,0,0
BRDA:42,4,1,1
BRDA:42,5,0,0
BRDA:42,5,1,0
BRDA:43,6,0,1
BRDA:43,6,1,0
BRF:14
BRH:6
end_of_record
TN:
SF:src\components\error-boundary\ErrorBoundary.tsx
FN:15,(anonymous_0)
FN:19,ErrorBoundary
FN:28,(anonymous_2)
FN:38,(anonymous_3)
FN:39,(anonymous_4)
FN:49,(anonymous_5)
FN:57,(anonymous_6)
FN:84,(anonymous_7)
FNF:8
FNH:3
FNDA:1,(anonymous_0)
FNDA:1,ErrorBoundary
FNDA:0,(anonymous_2)
FNDA:0,(anonymous_3)
FNDA:0,(anonymous_4)
FNDA:0,(anonymous_5)
FNDA:1,(anonymous_6)
FNDA:0,(anonymous_7)
DA:1,1
DA:2,1
DA:4,1
DA:5,1
DA:6,1
DA:15,1
DA:20,1
DA:21,1
DA:28,1
DA:30,0
DA:32,0
DA:38,1
DA:39,0
DA:40,0
DA:46,0
DA:49,1
DA:51,0
DA:57,1
DA:59,1
DA:60,1
DA:61,1
DA:65,2
DA:67,1
DA:68,1
DA:70,0
DA:85,0
DA:87,0
DA:98,1
DA:100,1
DA:102,1
LF:30
LH:21
BRDA:20,0,0,1
BRDA:20,0,1,1
BRDA:68,1,0,0
BRDA:68,1,1,1
BRDA:71,2,0,0
BRDA:71,2,1,0
BRDA:77,3,0,0
BRDA:77,3,1,0
BRF:8
BRH:3
end_of_record
TN:
SF:src\components\recharts-axis\RechartsAxis.tsx
FN:39,(anonymous_0)
FNF:1
FNH:1
FNDA:1,(anonymous_0)
DA:1,1
DA:2,1
DA:39,1
DA:40,1
DA:41,1
DA:42,1
DA:43,1
DA:44,1
DA:45,1
DA:46,1
DA:48,1
DA:56,1
DA:57,1
DA:69,1
LF:14
LH:14
BRDA:56,0,0,0
BRDA:56,0,1,1
BRF:2
BRH:1
end_of_record
TN:
SF:src\components\rerender\RefreshComponent.tsx
FN:16,(anonymous_0)
FNF:1
FNH:1
FNDA:1,(anonymous_0)
DA:1,1
DA:2,1
DA:16,1
DA:18,1
DA:19,1
DA:20,1
DA:21,1
DA:24,1
DA:25,1
DA:27,1
DA:34,1
LF:11
LH:11
BRDA:18,0,0,0
BRDA:18,0,1,1
BRDA:20,1,0,1
BRDA:20,1,1,0
BRF:4
BRH:2
end_of_record
TN:
SF:src\components\rerender\refresh.tsx
FN:10,(anonymous_0)
FN:10,(anonymous_1)
FNF:2
FNH:2
FNDA:1,(anonymous_0)
FNDA:1,(anonymous_1)
DA:1,1
DA:2,1
DA:10,1
DA:11,1
DA:12,1
DA:15,1
LF:6
LH:6
BRDA:10,0,0,0
BRDA:10,0,1,1
BRF:2
BRH:1
end_of_record
TN:
SF:src\components\rerender\rerender.tsx
FN:9,rerender
FN:10,(anonymous_1)
FN:12,(anonymous_2)
FNF:3
FNH:2
FNDA:1,rerender
FNDA:1,(anonymous_1)
FNDA:0,(anonymous_2)
DA:1,1
DA:2,1
DA:9,1
DA:10,1
DA:11,1
DA:12,1
DA:13,0
DA:15,1
LF:8
LH:7
BRF:0
BRH:0
end_of_record
TN:
SF:src\components\restricted-accordion\RestrictedAccordion.tsx
FN:17,(anonymous_0)
FNF:1
FNH:1
FNDA:1,(anonymous_0)
DA:1,1
DA:3,1
DA:4,1
DA:5,1
DA:17,1
DA:19,1
DA:20,1
DA:21,1
DA:22,1
DA:23,1
DA:24,1
DA:26,1
DA:40,1
LF:13
LH:13
BRDA:23,0,0,1
BRDA:23,0,1,0
BRDA:28,1,0,1
BRDA:28,1,1,0
BRDA:32,2,0,1
BRDA:32,2,1,1
BRF:6
BRH:4
end_of_record
TN:
SF:src\components\wait-cursor\CenteredWaitCursor.tsx
FN:22,(anonymous_0)
FNF:1
FNH:1
FNDA:1,(anonymous_0)
DA:1,2
DA:2,2
DA:4,2
DA:5,2
DA:22,2
DA:24,1
DA:25,1
DA:26,1
DA:27,1
DA:28,1
DA:29,1
DA:32,1
DA:33,1
DA:52,2
LF:14
LH:14
BRDA:24,0,0,1
BRDA:24,0,1,0
BRDA:25,1,0,1
BRDA:25,1,1,0
BRDA:26,2,0,1
BRDA:26,2,1,0
BRDA:27,3,0,1
BRDA:27,3,1,0
BRDA:28,4,0,1
BRDA:28,4,1,0
BRDA:47,5,0,0
BRDA:47,5,1,1
BRDA:47,6,0,1
BRDA:47,6,1,0
BRF:14
BRH:7
end_of_record
TN:
SF:src\components\wait-cursor\ResizableWaitCursor.tsx
FN:20,(anonymous_0)
FN:26,(anonymous_1)
FNF:2
FNH:2
FNDA:2,(anonymous_0)
FNDA:2,(anonymous_1)
DA:1,2
DA:2,2
DA:4,2
DA:5,2
DA:20,2
DA:21,2
DA:22,2
DA:23,2
DA:24,2
DA:26,2
DA:27,2
DA:29,0
DA:31,2
DA:33,0
DA:36,2
DA:50,2
LF:16
LH:14
BRDA:21,0,0,0
BRDA:21,0,1,2
BRDA:22,1,0,2
BRDA:22,1,1,0
BRDA:23,2,0,2
BRDA:23,2,1,0
BRDA:27,3,0,0
BRDA:27,3,1,2
BRDA:31,4,0,0
BRDA:31,4,1,2
BRF:10
BRH:5
end_of_record
TN:
SF:src\components\wait-cursor\SuspenseWaitCursor.tsx
FN:17,(anonymous_0)
FN:29,(anonymous_1)
FN:30,(anonymous_2)
FN:34,(anonymous_3)
FNF:4
FNH:1
FNDA:1,(anonymous_0)
FNDA:0,(anonymous_1)
FNDA:0,(anonymous_2)
FNDA:0,(anonymous_3)
DA:1,1
DA:2,1
DA:3,1
DA:17,1
DA:23,1
DA:25,1
DA:29,1
DA:30,0
DA:31,0
DA:32,0
DA:34,0
DA:36,0
LF:12
LH:7
BRDA:17,0,0,1
BRDA:17,0,1,0
BRDA:29,1,0,0
BRDA:29,1,1,0
BRDA:31,2,0,0
BRDA:31,2,1,0
BRDA:36,3,0,0
BRDA:36,3,1,0
BRF:8
BRH:1
end_of_record
TN:
SF:src\constants\statusAnimations.ts
FNF:0
FNH:0
DA:4,0
DA:63,0
LF:2
LH:0
BRF:0
BRH:0
end_of_record
TN:
SF:src\constants\time.ts
FNF:0
FNH:0
DA:9,4
DA:16,4
LF:2
LH:2
BRF:0
BRH:0
end_of_record
TN:
SF:src\functions\copyToClipboard.ts
FN:4,(anonymous_0)
FNF:1
FNH:1
FNDA:1,(anonymous_0)
DA:4,1
DA:5,1
DA:6,1
DA:7,1
DA:8,1
DA:9,1
DA:10,1
DA:11,1
DA:12,1
DA:15,1
LF:10
LH:10
BRF:0
BRH:0
end_of_record
TN:
SF:src\functions\generateGuid.ts
FN:5,generateGuid
FN:10,(anonymous_1)
FNF:2
FNH:2
FNDA:9,generateGuid
FNDA:279,(anonymous_1)
DA:5,4
DA:6,9
DA:7,9
DA:8,9
DA:10,9
DA:12,279
DA:13,279
DA:15,279
LF:8
LH:8
BRDA:7,0,0,9
BRDA:7,0,1,0
BRDA:7,1,0,9
BRDA:7,1,1,9
BRDA:7,1,2,9
BRDA:15,2,0,270
BRDA:15,2,1,9
BRF:7
BRH:6
end_of_record
TN:
SF:src\functions\generateRechartsAxis.ts
FN:30,generateRechartsAxis
FN:46,(anonymous_1)
FN:50,(anonymous_2)
FN:101,(anonymous_3)
FN:117,(anonymous_4)
FNF:5
FNH:5
FNDA:5,generateRechartsAxis
FNDA:28,(anonymous_1)
FNDA:4,(anonymous_2)
FNDA:1,(anonymous_3)
FNDA:1,(anonymous_4)
DA:1,2
DA:30,2
DA:31,5
DA:32,5
DA:33,5
DA:34,5
DA:35,5
DA:36,5
DA:46,28
DA:48,5
DA:49,5
DA:50,4
DA:51,2
DA:52,6
DA:53,6
DA:54,2
DA:55,2
DA:58,2
DA:60,3
DA:63,5
DA:64,5
DA:65,5
DA:67,5
DA:68,5
DA:69,23
DA:72,5
DA:101,2
DA:103,1
DA:104,1
DA:105,1
DA:106,1
DA:107,1
DA:108,1
DA:117,1
DA:121,2
LF:35
LH:35
BRDA:46,0,0,5
BRDA:46,0,1,0
BRDA:49,1,0,2
BRDA:49,1,1,3
BRDA:53,2,0,2
BRDA:53,2,1,4
BRDA:58,3,0,0
BRDA:58,3,1,2
BRDA:107,4,0,0
BRDA:107,4,1,1
BRF:10
BRH:7
end_of_record
TN:
SF:src\functions\getHookState.ts
FN:6,(anonymous_0)
FN:6,(anonymous_1)
FN:7,(anonymous_2)
FNF:3
FNH:3
FNDA:3,(anonymous_0)
FNDA:3,(anonymous_1)
FNDA:3,(anonymous_2)
DA:6,3
DA:7,3
DA:8,3
DA:9,3
DA:13,1
LF:5
LH:5
BRF:0
BRH:0
end_of_record
TN:
SF:src\functions\getJsonSettings.ts
FN:3,(anonymous_0)
FN:21,getJsonSettings
FN:29,replacer
FN:43,(anonymous_3)
FNF:4
FNH:3
FNDA:3,(anonymous_0)
FNDA:4,getJsonSettings
FNDA:28,replacer
FNDA:0,(anonymous_3)
DA:1,3
DA:3,3
DA:4,3
DA:5,3
DA:6,3
DA:21,3
DA:23,4
DA:24,4
DA:25,4
DA:26,4
DA:27,4
DA:28,20
DA:29,4
DA:32,28
DA:33,28
DA:34,2
DA:36,26
DA:37,2
DA:39,24
DA:40,2
DA:42,22
DA:43,0
DA:45,22
DA:48,2
DA:49,2
DA:50,2
DA:51,2
DA:54,20
DA:55,6
DA:63,2
DA:66,18
DA:67,2
DA:69,16
LF:33
LH:32
BRDA:3,0,0,3
BRDA:3,0,1,3
BRDA:23,1,0,2
BRDA:23,1,1,2
BRDA:24,2,0,2
BRDA:24,2,1,2
BRDA:25,3,0,2
BRDA:25,3,1,2
BRDA:26,4,0,2
BRDA:26,4,1,2
BRDA:27,5,0,2
BRDA:27,5,1,2
BRDA:32,6,0,28
BRDA:32,6,1,0
BRDA:33,7,0,2
BRDA:33,7,1,26
BRDA:36,8,0,2
BRDA:36,8,1,24
BRDA:36,9,0,26
BRDA:36,9,1,12
BRDA:39,10,0,2
BRDA:39,10,1,22
BRDA:39,11,0,24
BRDA:39,11,1,10
BRDA:42,12,0,0
BRDA:42,12,1,22
BRDA:45,13,0,2
BRDA:45,13,1,20
BRDA:45,14,0,22
BRDA:45,14,1,8
BRDA:52,15,0,2
BRDA:52,15,1,0
BRDA:54,16,0,6
BRDA:54,16,1,14
BRDA:55,17,0,2
BRDA:55,17,1,4
BRDA:55,18,0,6
BRDA:55,18,1,4
BRDA:55,18,2,4
BRDA:55,18,3,4
BRDA:55,18,4,2
BRDA:55,18,5,2
BRDA:55,18,6,2
BRDA:66,19,0,2
BRDA:66,19,1,16
BRDA:66,20,0,18
BRDA:66,20,1,14
BRDA:66,20,2,6
BRDA:66,20,3,2
BRF:49
BRH:46
end_of_record
TN:
SF:src\functions\getJwtPayload.ts
FN:7,decodeUtf8
FN:37,getJwtPayload
FNF:2
FNH:2
FNDA:2,decodeUtf8
FNDA:3,getJwtPayload
DA:8,2
DA:9,2
DA:11,2
DA:12,84
DA:13,84
DA:14,84
DA:15,84
DA:16,0
DA:17,0
DA:18,0
DA:19,0
DA:21,0
DA:22,0
DA:23,0
DA:24,0
DA:28,2
DA:37,3
DA:38,3
DA:39,3
DA:40,3
DA:41,2
DA:42,2
DA:43,2
DA:45,0
DA:49,1
LF:25
LH:16
BRDA:13,0,0,84
BRDA:13,0,1,0
BRDA:16,1,0,0
BRDA:16,1,1,0
BRDA:16,2,0,0
BRDA:16,2,1,0
BRDA:38,3,0,3
BRDA:38,3,1,0
BRDA:38,4,0,3
BRDA:38,4,1,3
BRDA:38,4,2,3
BRDA:40,5,0,2
BRDA:40,5,1,1
BRDA:40,6,0,3
BRDA:40,6,1,3
BRF:15
BRH:9
end_of_record
TN:
SF:src\functions\isPagemakerIFrame.ts
FN:4,isPagemakerIFrame
FN:12,isCustomTappIFrame
FNF:2
FNH:0
FNDA:0,isPagemakerIFrame
FNDA:0,isCustomTappIFrame
DA:4,0
DA:5,0
DA:6,0
DA:12,0
DA:13,0
DA:14,0
LF:6
LH:0
BRDA:6,0,0,0
BRDA:6,0,1,0
BRDA:14,1,0,0
BRDA:14,1,1,0
BRF:4
BRH:0
end_of_record
TN:
SF:src\functions\shallowEqual.ts
FN:1,is
FN:9,checkSimpleEquality
FN:27,shallowEqual
FN:47,deepEqual
FNF:4
FNH:4
FNDA:15,is
FNDA:11,checkSimpleEquality
FNDA:3,shallowEqual
FNDA:8,deepEqual
DA:2,15
DA:3,9
DA:6,6
DA:10,11
DA:12,5
DA:16,0
DA:18,5
DA:27,1
DA:28,3
DA:29,3
DA:31,2
DA:32,2
DA:33,2
DA:35,2
DA:36,4
DA:40,1
DA:44,1
DA:47,1
DA:48,8
DA:49,8
DA:51,3
DA:52,3
DA:53,3
DA:55,3
DA:56,6
DA:60,0
DA:64,3
LF:27
LH:25
BRDA:2,0,0,9
BRDA:2,0,1,6
BRDA:3,1,0,9
BRDA:3,1,1,0
BRDA:3,1,2,0
BRDA:6,2,0,6
BRDA:6,2,1,0
BRDA:10,3,0,6
BRDA:10,3,1,5
BRDA:12,4,0,0
BRDA:12,4,1,5
BRDA:12,5,0,5
BRDA:12,5,1,5
BRDA:12,5,2,5
BRDA:12,5,3,5
BRDA:29,6,0,1
BRDA:29,6,1,2
BRDA:33,7,0,0
BRDA:33,7,1,2
BRDA:36,8,0,1
BRDA:36,8,1,3
BRDA:37,9,0,4
BRDA:37,9,1,4
BRDA:49,10,0,5
BRDA:49,10,1,3
BRDA:53,11,0,0
BRDA:53,11,1,3
BRDA:56,12,0,0
BRDA:56,12,1,6
BRDA:57,13,0,6
BRDA:57,13,1,6
BRF:31
BRH:24
end_of_record
TN:
SF:src\functions\types.ts
FN:1,(anonymous_0)
FN:2,(anonymous_1)
FN:3,(anonymous_2)
FN:5,(anonymous_3)
FN:6,(anonymous_4)
FN:7,(anonymous_5)
FN:8,(anonymous_6)
FN:9,(anonymous_7)
FN:11,(anonymous_8)
FN:13,(anonymous_9)
FN:15,(anonymous_10)
FN:18,(anonymous_11)
FN:40,(anonymous_12)
FN:50,(anonymous_13)
FN:52,(anonymous_14)
FN:53,(anonymous_15)
FN:66,(anonymous_16)
FN:74,(anonymous_17)
FN:95,(anonymous_18)
FN:121,(anonymous_19)
FN:135,(anonymous_20)
FN:151,(anonymous_21)
FN:172,(anonymous_22)
FNF:23
FNH:0
FNDA:0,(anonymous_0)
FNDA:0,(anonymous_1)
FNDA:0,(anonymous_2)
FNDA:0,(anonymous_3)
FNDA:0,(anonymous_4)
FNDA:0,(anonymous_5)
FNDA:0,(anonymous_6)
FNDA:0,(anonymous_7)
FNDA:0,(anonymous_8)
FNDA:0,(anonymous_9)
FNDA:0,(anonymous_10)
FNDA:0,(anonymous_11)
FNDA:0,(anonymous_12)
FNDA:0,(anonymous_13)
FNDA:0,(anonymous_14)
FNDA:0,(anonymous_15)
FNDA:0,(anonymous_16)
FNDA:0,(anonymous_17)
FNDA:0,(anonymous_18)
FNDA:0,(anonymous_19)
FNDA:0,(anonymous_20)
FNDA:0,(anonymous_21)
FNDA:0,(anonymous_22)
DA:1,0
DA:2,0
DA:3,0
DA:5,0
DA:6,0
DA:7,0
DA:8,0
DA:9,0
DA:11,0
DA:13,0
DA:15,0
DA:18,0
DA:24,0
DA:40,0
DA:41,0
DA:42,0
DA:43,0
DA:44,0
DA:50,0
DA:51,0
DA:52,0
DA:53,0
DA:54,0
DA:55,0
DA:56,0
DA:57,0
DA:59,0
DA:66,0
DA:74,0
DA:75,0
DA:76,0
DA:77,0
DA:79,0
DA:81,0
DA:83,0
DA:85,0
DA:87,0
DA:95,0
DA:96,0
DA:97,0
DA:100,0
DA:102,0
DA:104,0
DA:106,0
DA:110,0
DA:112,0
DA:121,0
DA:125,0
DA:126,0
DA:127,0
DA:128,0
DA:135,0
DA:139,0
DA:140,0
DA:141,0
DA:142,0
DA:143,0
DA:145,0
DA:151,0
DA:154,0
DA:156,0
DA:157,0
DA:158,0
DA:159,0
DA:160,0
DA:162,0
DA:172,0
DA:176,0
DA:178,0
DA:179,0
DA:180,0
DA:181,0
DA:182,0
DA:183,0
DA:185,0
DA:186,0
DA:188,0
DA:191,0
DA:202,0
DA:228,0
LF:80
LH:0
BRDA:3,0,0,0
BRDA:3,0,1,0
BRDA:5,1,0,0
BRDA:5,1,1,0
BRDA:11,2,0,0
BRDA:11,2,1,0
BRDA:13,3,0,0
BRDA:13,3,1,0
BRDA:13,3,2,0
BRDA:15,4,0,0
BRDA:15,4,1,0
BRDA:15,4,2,0
BRDA:15,4,3,0
BRDA:41,5,0,0
BRDA:41,5,1,0
BRDA:42,6,0,0
BRDA:42,6,1,0
BRDA:43,7,0,0
BRDA:43,7,1,0
BRDA:43,8,0,0
BRDA:43,8,1,0
BRDA:44,9,0,0
BRDA:44,9,1,0
BRDA:51,10,0,0
BRDA:51,10,1,0
BRDA:51,11,0,0
BRDA:51,11,1,0
BRDA:54,12,0,0
BRDA:54,12,1,0
BRDA:75,13,0,0
BRDA:75,13,1,0
BRDA:75,14,0,0
BRDA:75,14,1,0
BRDA:75,14,2,0
BRDA:75,14,3,0
BRDA:78,15,0,0
BRDA:78,15,1,0
BRDA:78,15,2,0
BRDA:78,15,3,0
BRDA:78,15,4,0
BRDA:79,16,0,0
BRDA:79,16,1,0
BRDA:81,17,0,0
BRDA:81,17,1,0
BRDA:83,18,0,0
BRDA:83,18,1,0
BRDA:85,19,0,0
BRDA:85,19,1,0
BRDA:98,20,0,0
BRDA:98,20,1,0
BRDA:98,20,2,0
BRDA:98,20,3,0
BRDA:98,20,4,0
BRDA:98,20,5,0
BRDA:98,20,6,0
BRDA:98,20,7,0
BRDA:98,20,8,0
BRDA:125,21,0,0
BRDA:125,21,1,0
BRDA:125,22,0,0
BRDA:125,22,1,0
BRDA:139,23,0,0
BRDA:139,23,1,0
BRDA:139,24,0,0
BRDA:139,24,1,0
BRDA:154,25,0,0
BRDA:154,25,1,0
BRDA:156,26,0,0
BRDA:156,26,1,0
BRDA:156,27,0,0
BRDA:156,27,1,0
BRDA:176,28,0,0
BRDA:176,28,1,0
BRDA:182,29,0,0
BRDA:182,29,1,0
BRF:75
BRH:0
end_of_record
TN:
SF:src\functions\waitCursor.ts
FN:20,showWaitCursor
FN:26,(anonymous_1)
FN:27,(anonymous_2)
FN:30,(anonymous_3)
FN:41,(anonymous_5)
FN:45,(anonymous_6)
FN:53,(anonymous_7)
FNF:7
FNH:0
FNDA:0,showWaitCursor
FNDA:0,(anonymous_1)
FNDA:0,(anonymous_2)
FNDA:0,(anonymous_3)
FNDA:0,(anonymous_5)
FNDA:0,(anonymous_6)
FNDA:0,(anonymous_7)
DA:20,3
DA:22,0
DA:23,0
DA:24,0
DA:26,0
DA:27,0
DA:29,0
DA:30,0
DA:31,0
DA:33,0
DA:34,0
DA:35,0
DA:36,0
DA:37,0
DA:39,0
DA:40,0
DA:41,0
DA:42,0
DA:45,0
DA:46,0
DA:50,0
DA:53,0
DA:54,0
DA:55,0
DA:57,0
LF:25
LH:1
BRDA:23,0,0,0
BRDA:23,0,1,0
BRDA:22,1,0,0
BRDA:22,1,1,0
BRDA:22,2,0,0
BRDA:22,2,1,0
BRDA:22,3,0,0
BRDA:22,3,1,0
BRDA:22,4,0,0
BRDA:22,4,1,0
BRDA:25,5,0,0
BRDA:25,5,1,0
BRDA:36,6,0,0
BRDA:36,6,1,0
BRDA:40,7,0,0
BRDA:40,7,1,0
BRF:16
BRH:0
end_of_record
TN:
SF:src\functions\chaynsCalls\hideCwFooter.ts
FN:4,(anonymous_0)
FNF:1
FNH:0
FNDA:0,(anonymous_0)
DA:4,0
DA:9,0
LF:2
LH:0
BRF:0
BRH:0
end_of_record
TN:
SF:src\functions\chaynsCalls\setReloadOnLogin.ts
FN:7,setReload
FN:19,setReloadOnLogin
FN:30,(anonymous_2)
FN:36,(anonymous_3)
FN:57,(anonymous_4)
FN:58,(anonymous_5)
FN:60,(anonymous_6)
FNF:7
FNH:0
FNDA:0,setReload
FNDA:0,setReloadOnLogin
FNDA:0,(anonymous_2)
FNDA:0,(anonymous_3)
FNDA:0,(anonymous_4)
FNDA:0,(anonymous_5)
FNDA:0,(anonymous_6)
DA:1,0
DA:7,0
DA:8,0
DA:19,0
DA:20,0
DA:21,0
DA:30,0
DA:31,0
DA:32,0
DA:33,0
DA:36,0
DA:37,0
DA:38,0
DA:39,0
DA:40,0
DA:42,0
DA:45,0
DA:47,0
DA:49,0
DA:57,0
DA:58,0
DA:59,0
DA:60,0
DA:61,0
DA:62,0
DA:63,0
DA:65,0
DA:66,0
DA:68,0
LF:29
LH:0
BRDA:7,0,0,0
BRDA:7,0,1,0
BRDA:19,1,0,0
BRDA:19,1,1,0
BRDA:30,2,0,0
BRDA:30,2,1,0
BRDA:32,3,0,0
BRDA:32,3,1,0
BRDA:32,4,0,0
BRDA:32,4,1,0
BRDA:36,5,0,0
BRDA:36,5,1,0
BRDA:39,6,0,0
BRDA:39,6,1,0
BRDA:39,7,0,0
BRDA:39,7,1,0
BRDA:59,8,0,0
BRDA:59,8,1,0
BRDA:62,9,0,0
BRDA:62,9,1,0
BRDA:62,10,0,0
BRDA:62,10,1,0
BRF:22
BRH:0
end_of_record
TN:
SF:src\functions\chaynsCalls\setViewMode.ts
FN:4,(anonymous_0)
FNF:1
FNH:0
FNDA:0,(anonymous_0)
DA:4,0
DA:5,0
DA:6,0
DA:8,0
DA:9,0
DA:11,0
DA:20,0
LF:7
LH:0
BRDA:5,0,0,0
BRDA:5,0,1,0
BRDA:5,1,0,0
BRDA:5,1,1,0
BRDA:5,2,0,0
BRDA:5,2,1,0
BRDA:5,3,0,0
BRDA:5,3,1,0
BRDA:6,4,0,0
BRDA:6,4,1,0
BRDA:6,5,0,0
BRDA:6,5,1,0
BRDA:6,6,0,0
BRDA:6,6,1,0
BRDA:6,7,0,0
BRDA:6,7,1,0
BRF:16
BRH:0
end_of_record
TN:
SF:src\functions\chaynsDialogs\DialogPromise.ts
FN:7,(anonymous_0)
FN:10,DialogPromise
FN:11,(anonymous_2)
FN:12,(anonymous_3)
FN:14,(anonymous_4)
FN:17,(anonymous_5)
FN:28,(anonymous_6)
FN:29,(anonymous_7)
FN:41,(anonymous_8)
FN:42,(anonymous_9)
FN:54,(anonymous_10)
FN:55,(anonymous_11)
FN:68,(anonymous_12)
FN:69,(anonymous_13)
FN:81,(anonymous_14)
FNF:15
FNH:0
FNDA:0,(anonymous_0)
FNDA:0,DialogPromise
FNDA:0,(anonymous_2)
FNDA:0,(anonymous_3)
FNDA:0,(anonymous_4)
FNDA:0,(anonymous_5)
FNDA:0,(anonymous_6)
FNDA:0,(anonymous_7)
FNDA:0,(anonymous_8)
FNDA:0,(anonymous_9)
FNDA:0,(anonymous_10)
FNDA:0,(anonymous_11)
FNDA:0,(anonymous_12)
FNDA:0,(anonymous_13)
FNDA:0,(anonymous_14)
DA:7,0
DA:8,0
DA:11,0
DA:12,0
DA:13,0
DA:15,0
DA:16,0
DA:18,0
DA:19,0
DA:28,0
DA:29,0
DA:30,0
DA:31,0
DA:34,0
DA:41,0
DA:42,0
DA:43,0
DA:44,0
DA:47,0
DA:54,0
DA:55,0
DA:56,0
DA:57,0
DA:60,0
DA:68,0
DA:69,0
DA:70,0
DA:71,0
DA:74,0
DA:81,0
DA:82,0
DA:83,0
DA:84,0
DA:86,0
DA:88,0
LF:35
LH:0
BRDA:11,0,0,0
BRDA:11,0,1,0
BRDA:30,1,0,0
BRDA:30,1,1,0
BRDA:43,2,0,0
BRDA:43,2,1,0
BRDA:56,3,0,0
BRDA:56,3,1,0
BRDA:70,4,0,0
BRDA:70,4,1,0
BRDA:82,5,0,0
BRDA:82,5,1,0
BRF:12
BRH:0
end_of_record
TN:
SF:src\functions\chaynsDialogs\IFrameDialogPromise.ts
FN:7,(anonymous_0)
FN:12,(anonymous_2)
FN:14,(anonymous_3)
FN:25,(anonymous_4)
FN:27,(anonymous_5)
FNF:5
FNH:0
FNDA:0,(anonymous_0)
FNDA:0,(anonymous_2)
FNDA:0,(anonymous_3)
FNDA:0,(anonymous_4)
FNDA:0,(anonymous_5)
DA:1,0
DA:7,0
DA:12,0
DA:13,0
DA:14,0
DA:15,0
DA:17,0
DA:25,0
DA:26,0
DA:27,0
DA:28,0
DA:30,0
DA:32,0
LF:13
LH:0
BRF:0
BRH:0
end_of_record
TN:
SF:src\functions\chaynsDialogs\chaynsDialogs.ts
FNF:0
FNH:0
DA:2,0
DA:3,0
DA:4,0
DA:5,0
DA:6,0
DA:7,0
DA:8,0
DA:9,0
DA:10,0
DA:15,0
DA:35,0
LF:11
LH:0
BRF:0
BRH:0
end_of_record
TN:
SF:src\functions\chaynsDialogs\statusDialog.ts
FN:17,(anonymous_0)
FN:24,(anonymous_1)
FN:44,(anonymous_2)
FNF:3
FNH:0
FNDA:0,(anonymous_0)
FNDA:0,(anonymous_1)
FNDA:0,(anonymous_2)
DA:1,0
DA:2,0
DA:3,0
DA:4,0
DA:6,0
DA:12,0
DA:17,0
DA:19,0
DA:24,0
DA:25,0
DA:27,0
DA:28,0
DA:29,0
DA:30,0
DA:35,0
DA:36,0
DA:40,0
DA:43,0
DA:45,0
DA:49,0
LF:20
LH:0
BRDA:19,0,0,0
BRDA:19,0,1,0
BRDA:25,1,0,0
BRDA:25,1,1,0
BRDA:27,2,0,0
BRDA:27,2,1,0
BRDA:28,3,0,0
BRDA:28,3,1,0
BRDA:32,4,0,0
BRDA:32,4,1,0
BRDA:35,5,0,0
BRDA:35,5,1,0
BRDA:38,6,0,0
BRDA:38,6,1,0
BRDA:40,7,0,0
BRDA:40,7,1,0
BRDA:43,8,0,0
BRDA:43,8,1,0
BRF:18
BRH:0
end_of_record
TN:
SF:src\functions\chaynsDialogs\utils.ts
FN:1,(anonymous_0)
FN:20,(anonymous_1)
FNF:2
FNH:0
FNDA:0,(anonymous_0)
FNDA:0,(anonymous_1)
DA:1,0
DA:2,0
DA:3,0
DA:4,0
DA:20,0
LF:5
LH:0
BRDA:1,0,0,0
BRDA:1,0,1,0
BRF:2
BRH:0
end_of_record
TN:
SF:src\functions\chaynsDialogs\dialogs\advancedDate.ts
FN:4,(anonymous_0)
FN:47,(anonymous_1)
FN:48,(anonymous_2)
FN:55,(anonymous_3)
FN:67,(anonymous_4)
FN:73,(anonymous_5)
FN:79,(anonymous_6)
FN:159,advancedDate
FN:163,(anonymous_8)
FN:228,(anonymous_9)
FN:236,(anonymous_10)
FNF:11
FNH:0
FNDA:0,(anonymous_0)
FNDA:0,(anonymous_1)
FNDA:0,(anonymous_2)
FNDA:0,(anonymous_3)
FNDA:0,(anonymous_4)
FNDA:0,(anonymous_5)
FNDA:0,(anonymous_6)
FNDA:0,advancedDate
FNDA:0,(anonymous_8)
FNDA:0,(anonymous_9)
FNDA:0,(anonymous_10)
DA:1,0
DA:2,0
DA:4,0
DA:5,0
DA:6,0
DA:7,0
DA:9,0
DA:10,0
DA:11,0
DA:14,0
DA:15,0
DA:18,0
DA:19,0
DA:20,0
DA:21,0
DA:23,0
DA:24,0
DA:27,0
DA:28,0
DA:31,0
DA:32,0
DA:33,0
DA:36,0
DA:37,0
DA:41,0
DA:44,0
DA:47,0
DA:48,0
DA:55,0
DA:56,0
DA:57,0
DA:58,0
DA:67,0
DA:68,0
DA:69,0
DA:70,0
DA:73,0
DA:74,0
DA:75,0
DA:76,0
DA:79,0
DA:159,0
DA:163,0
DA:165,0
DA:166,0
DA:167,0
DA:168,0
DA:169,0
DA:170,0
DA:171,0
DA:172,0
DA:173,0
DA:174,0
DA:175,0
DA:176,0
DA:177,0
DA:178,0
DA:179,0
DA:180,0
DA:181,0
DA:182,0
DA:183,0
DA:184,0
DA:186,0
DA:199,0
DA:234,0
DA:236,0
DA:241,0
DA:242,0
DA:243,0
DA:244,0
DA:245,0
DA:251,0
DA:252,0
DA:253,0
LF:75
LH:0
BRDA:4,0,0,0
BRDA:4,0,1,0
BRDA:5,1,0,0
BRDA:5,1,1,0
BRDA:5,2,0,0
BRDA:5,2,1,0
BRDA:5,2,2,0
BRDA:6,3,0,0
BRDA:6,3,1,0
BRDA:9,4,0,0
BRDA:9,4,1,0
BRDA:18,5,0,0
BRDA:18,5,1,0
BRDA:21,6,0,0
BRDA:21,6,1,0
BRDA:31,7,0,0
BRDA:31,7,1,0
BRDA:47,8,0,0
BRDA:47,8,1,0
BRDA:47,9,0,0
BRDA:47,9,1,0
BRDA:48,10,0,0
BRDA:48,10,1,0
BRDA:48,11,0,0
BRDA:48,11,1,0
BRDA:55,12,0,0
BRDA:55,12,1,0
BRDA:67,13,0,0
BRDA:67,13,1,0
BRDA:73,14,0,0
BRDA:73,14,1,0
BRDA:96,15,0,0
BRDA:96,15,1,0
BRDA:184,16,0,0
BRDA:184,16,1,0
BRDA:165,17,0,0
BRDA:165,17,1,0
BRDA:166,18,0,0
BRDA:166,18,1,0
BRDA:167,19,0,0
BRDA:167,19,1,0
BRDA:168,20,0,0
BRDA:168,20,1,0
BRDA:169,21,0,0
BRDA:169,21,1,0
BRDA:170,22,0,0
BRDA:170,22,1,0
BRDA:171,23,0,0
BRDA:171,23,1,0
BRDA:172,24,0,0
BRDA:172,24,1,0
BRDA:173,25,0,0
BRDA:173,25,1,0
BRDA:174,26,0,0
BRDA:174,26,1,0
BRDA:175,27,0,0
BRDA:175,27,1,0
BRDA:176,28,0,0
BRDA:176,28,1,0
BRDA:177,29,0,0
BRDA:177,29,1,0
BRDA:178,30,0,0
BRDA:178,30,1,0
BRDA:179,31,0,0
BRDA:179,31,1,0
BRDA:180,32,0,0
BRDA:180,32,1,0
BRDA:181,33,0,0
BRDA:181,33,1,0
BRDA:182,34,0,0
BRDA:182,34,1,0
BRDA:183,35,0,0
BRDA:183,35,1,0
BRDA:197,36,0,0
BRDA:197,36,1,0
BRDA:186,37,0,0
BRDA:186,37,1,0
BRDA:193,38,0,0
BRDA:193,38,1,0
BRDA:186,39,0,0
BRDA:186,39,1,0
BRDA:189,40,0,0
BRDA:189,40,1,0
BRDA:186,41,0,0
BRDA:186,41,1,0
BRDA:188,42,0,0
BRDA:188,42,1,0
BRDA:187,43,0,0
BRDA:187,43,1,0
BRDA:191,44,0,0
BRDA:191,44,1,0
BRDA:195,45,0,0
BRDA:195,45,1,0
BRDA:208,46,0,0
BRDA:208,46,1,0
BRDA:212,47,0,0
BRDA:212,47,1,0
BRDA:209,48,0,0
BRDA:209,48,1,0
BRDA:209,48,2,0
BRDA:210,49,0,0
BRDA:210,49,1,0
BRDA:210,50,0,0
BRDA:210,50,1,0
BRDA:211,51,0,0
BRDA:211,51,1,0
BRDA:211,52,0,0
BRDA:211,52,1,0
BRDA:213,53,0,0
BRDA:213,53,1,0
BRDA:213,54,0,0
BRDA:213,54,1,0
BRDA:214,55,0,0
BRDA:214,55,1,0
BRDA:214,56,0,0
BRDA:214,56,1,0
BRDA:236,57,0,0
BRDA:236,57,1,0
BRDA:237,58,0,0
BRDA:237,58,1,0
BRDA:237,59,0,0
BRDA:237,59,1,0
BRDA:238,60,0,0
BRDA:238,60,1,0
BRDA:238,61,0,0
BRDA:238,61,1,0
BRDA:238,62,0,0
BRDA:238,62,1,0
BRDA:238,63,0,0
BRDA:238,63,1,0
BRDA:238,64,0,0
BRDA:238,64,1,0
BRDA:241,65,0,0
BRDA:241,65,1,0
BRDA:242,66,0,0
BRDA:242,66,1,0
BRDA:242,67,0,0
BRDA:242,67,1,0
BRDA:244,68,0,0
BRDA:244,68,1,0
BRF:140
BRH:0
end_of_record
TN:
SF:src\functions\chaynsDialogs\dialogs\alert.ts
FN:9,(anonymous_0)
FN:10,(anonymous_1)
FN:12,(anonymous_2)
FNF:3
FNH:0
FNDA:0,(anonymous_0)
FNDA:0,(anonymous_1)
FNDA:0,(anonymous_2)
DA:1,0
DA:2,0
DA:9,0
DA:11,0
DA:13,0
DA:17,0
LF:6
LH:0
BRDA:11,0,0,0
BRDA:11,0,1,0
BRDA:11,1,0,0
BRDA:11,1,1,0
BRDA:11,2,0,0
BRDA:11,2,1,0
BRDA:11,3,0,0
BRDA:11,3,1,0
BRDA:11,4,0,0
BRDA:11,4,1,0
BRF:10
BRH:0
end_of_record
TN:
SF:src\functions\chaynsDialogs\dialogs\confirm.ts
FN:10,(anonymous_0)
FN:14,(anonymous_1)
FN:16,(anonymous_2)
FNF:3
FNH:0
FNDA:0,(anonymous_0)
FNDA:0,(anonymous_1)
FNDA:0,(anonymous_2)
DA:1,0
DA:2,0
DA:10,0
DA:14,0
DA:15,0
DA:17,0
DA:21,0
LF:7
LH:0
BRDA:15,0,0,0
BRDA:15,0,1,0
BRDA:15,1,0,0
BRDA:15,1,1,0
BRDA:15,2,0,0
BRDA:15,2,1,0
BRDA:15,3,0,0
BRDA:15,3,1,0
BRDA:15,4,0,0
BRDA:15,4,1,0
BRF:10
BRH:0
end_of_record
TN:
SF:src\functions\chaynsDialogs\dialogs\fileSelect.ts
FN:46,fileSelect
FN:49,(anonymous_1)
FN:67,(anonymous_2)
FNF:3
FNH:0
FNDA:0,fileSelect
FNDA:0,(anonymous_1)
FNDA:0,(anonymous_2)
DA:1,0
DA:2,0
DA:8,0
DA:46,0
DA:49,0
DA:51,0
DA:52,0
DA:53,0
DA:54,0
DA:55,0
DA:56,0
DA:57,0
DA:58,0
DA:68,0
LF:14
LH:0
BRDA:57,0,0,0
BRDA:57,0,1,0
BRDA:51,1,0,0
BRDA:51,1,1,0
BRDA:52,2,0,0
BRDA:52,2,1,0
BRDA:53,3,0,0
BRDA:53,3,1,0
BRDA:54,4,0,0
BRDA:54,4,1,0
BRDA:55,5,0,0
BRDA:55,5,1,0
BRDA:56,6,0,0
BRDA:56,6,1,0
BRDA:68,7,0,0
BRDA:68,7,1,0
BRDA:68,8,0,0
BRDA:68,8,1,0
BRDA:68,9,0,0
BRDA:68,9,1,0
BRDA:68,10,0,0
BRDA:68,10,1,0
BRF:22
BRH:0
end_of_record
TN:
SF:src\functions\chaynsDialogs\dialogs\iFrame.ts
FN:20,iFrame
FN:21,(anonymous_1)
FN:42,(anonymous_2)
FNF:3
FNH:0
FNDA:0,iFrame
FNDA:0,(anonymous_1)
FNDA:0,(anonymous_2)
DA:1,0
DA:2,0
DA:20,0
DA:21,0
DA:23,0
DA:24,0
DA:25,0
DA:26,0
DA:27,0
DA:28,0
DA:29,0
DA:30,0
DA:31,0
DA:32,0
DA:43,0
LF:15
LH:0
BRDA:31,0,0,0
BRDA:31,0,1,0
BRDA:24,1,0,0
BRDA:24,1,1,0
BRDA:25,2,0,0
BRDA:25,2,1,0
BRDA:26,3,0,0
BRDA:26,3,1,0
BRDA:27,4,0,0
BRDA:27,4,1,0
BRDA:28,5,0,0
BRDA:28,5,1,0
BRDA:29,6,0,0
BRDA:29,6,1,0
BRDA:30,7,0,0
BRDA:30,7,1,0
BRDA:35,8,0,0
BRDA:35,8,1,0
BRDA:35,9,0,0
BRDA:35,9,1,0
BRDA:43,10,0,0
BRDA:43,10,1,0
BRDA:43,11,0,0
BRDA:43,11,1,0
BRF:24
BRH:0
end_of_record
TN:
SF:src\functions\chaynsDialogs\dialogs\input.ts
FN:4,(anonymous_0)
FN:30,input
FN:31,(anonymous_2)
FN:45,(anonymous_3)
FNF:4
FNH:0
FNDA:0,(anonymous_0)
FNDA:0,input
FNDA:0,(anonymous_2)
FNDA:0,(anonymous_3)
DA:1,0
DA:2,0
DA:4,0
DA:5,0
DA:6,0
DA:7,0
DA:8,0
DA:9,0
DA:30,0
DA:31,0
DA:32,0
DA:45,0
DA:46,0
DA:51,0
LF:14
LH:0
BRDA:4,0,0,0
BRDA:4,0,1,0
BRDA:33,1,0,0
BRDA:33,1,1,0
BRDA:33,2,0,0
BRDA:33,2,1,0
BRDA:34,3,0,0
BRDA:34,3,1,0
BRDA:34,4,0,0
BRDA:34,4,1,0
BRDA:34,5,0,0
BRDA:34,5,1,0
BRDA:34,6,0,0
BRDA:34,6,1,0
BRDA:35,7,0,0
BRDA:35,7,1,0
BRDA:35,8,0,0
BRDA:35,8,1,0
BRDA:36,9,0,0
BRDA:36,9,1,0
BRDA:36,10,0,0
BRDA:36,10,1,0
BRDA:37,11,0,0
BRDA:37,11,1,0
BRDA:37,12,0,0
BRDA:37,12,1,0
BRDA:39,13,0,0
BRDA:39,13,1,0
BRDA:39,14,0,0
BRDA:39,14,1,0
BRDA:40,15,0,0
BRDA:40,15,1,0
BRDA:40,16,0,0
BRDA:40,16,1,0
BRDA:41,17,0,0
BRDA:41,17,1,0
BRDA:41,18,0,0
BRDA:41,18,1,0
BRDA:42,19,0,0
BRDA:42,19,1,0
BRDA:42,20,0,0
BRDA:42,20,1,0
BRDA:43,21,0,0
BRDA:43,21,1,0
BRDA:43,22,0,0
BRDA:43,22,1,0
BRF:46
BRH:0
end_of_record
TN:
SF:src\functions\chaynsDialogs\dialogs\mediaSelect.ts
FN:15,mediaSelect
FN:16,(anonymous_1)
FN:28,(anonymous_2)
FNF:3
FNH:0
FNDA:0,mediaSelect
FNDA:0,(anonymous_1)
FNDA:0,(anonymous_2)
DA:1,0
DA:2,0
DA:15,0
DA:16,0
DA:18,0
DA:19,0
DA:20,0
DA:21,0
DA:22,0
DA:29,0
LF:10
LH:0
BRDA:21,0,0,0
BRDA:21,0,1,0
BRDA:18,1,0,0
BRDA:18,1,1,0
BRDA:19,2,0,0
BRDA:19,2,1,0
BRDA:20,3,0,0
BRDA:20,3,1,0
BRDA:29,4,0,0
BRDA:29,4,1,0
BRDA:29,5,0,0
BRDA:29,5,1,0
BRDA:29,6,0,0
BRDA:29,6,1,0
BRDA:29,7,0,0
BRDA:29,7,1,0
BRF:16
BRH:0
end_of_record
TN:
SF:src\functions\chaynsDialogs\dialogs\select.ts
FN:4,(anonymous_0)
FN:39,select
FN:43,(anonymous_2)
FN:65,(anonymous_3)
FNF:4
FNH:0
FNDA:0,(anonymous_0)
FNDA:0,select
FNDA:0,(anonymous_2)
FNDA:0,(anonymous_3)
DA:1,0
DA:2,0
DA:4,0
DA:5,0
DA:6,0
DA:39,0
DA:43,0
DA:45,0
DA:46,0
DA:47,0
DA:48,0
DA:49,0
DA:50,0
DA:51,0
DA:52,0
DA:53,0
DA:54,0
DA:66,0
DA:67,0
DA:68,0
DA:69,0
DA:70,0
DA:71,0
DA:73,0
DA:74,0
DA:76,0
DA:82,0
LF:27
LH:0
BRDA:4,0,0,0
BRDA:4,0,1,0
BRDA:53,1,0,0
BRDA:53,1,1,0
BRDA:45,2,0,0
BRDA:45,2,1,0
BRDA:46,3,0,0
BRDA:46,3,1,0
BRDA:48,4,0,0
BRDA:48,4,1,0
BRDA:49,5,0,0
BRDA:49,5,1,0
BRDA:50,6,0,0
BRDA:50,6,1,0
BRDA:51,7,0,0
BRDA:51,7,1,0
BRDA:52,8,0,0
BRDA:52,8,1,0
BRDA:59,9,0,0
BRDA:59,9,1,0
BRDA:59,10,0,0
BRDA:59,10,1,0
BRDA:67,11,0,0
BRDA:67,11,1,0
BRDA:67,12,0,0
BRDA:67,12,1,0
BRDA:67,12,2,0
BRDA:67,13,0,0
BRDA:67,13,1,0
BRDA:67,14,0,0
BRDA:67,14,1,0
BRDA:70,15,0,0
BRDA:70,15,1,0
BRDA:73,16,0,0
BRDA:73,16,1,0
BRDA:73,17,0,0
BRDA:73,17,1,0
BRDA:73,17,2,0
BRDA:73,18,0,0
BRDA:73,18,1,0
BRDA:73,19,0,0
BRDA:73,19,1,0
BRF:42
BRH:0
end_of_record
TN:
SF:src\functions\colors\hexToRgb.ts
FN:14,(anonymous_0)
FN:22,(anonymous_1)
FNF:2
FNH:2
FNDA:4,(anonymous_0)
FNDA:2,(anonymous_1)
DA:14,2
DA:15,4
DA:16,4
DA:17,4
DA:23,2
DA:24,2
DA:31,2
LF:7
LH:7
BRDA:16,0,0,0
BRDA:16,0,1,4
BRDA:25,1,0,0
BRDA:25,1,1,2
BRF:4
BRH:2
end_of_record
TN:
SF:src\functions\colors\stringToColor.ts
FN:6,(anonymous_0)
FN:25,(anonymous_1)
FNF:2
FNH:2
FNDA:11,(anonymous_0)
FNDA:1,(anonymous_1)
DA:1,1
DA:6,1
DA:11,11
DA:12,11
DA:13,115
DA:14,115
DA:16,11
DA:17,11
DA:18,33
DA:19,33
DA:21,11
DA:23,11
DA:25,11
DA:26,1
DA:27,1
DA:28,1
DA:30,11
DA:33,1
LF:18
LH:18
BRDA:21,0,0,0
BRDA:21,0,1,11
BRDA:27,1,0,0
BRDA:27,1,1,1
BRF:4
BRH:2
end_of_record
TN:
SF:src\functions\colors\toHslColor.ts
FN:3,(anonymous_0)
FN:20,(anonymous_1)
FN:32,(anonymous_2)
FNF:3
FNH:3
FNDA:2,(anonymous_0)
FNDA:2,(anonymous_1)
FNDA:1,(anonymous_2)
DA:3,1
DA:4,2
DA:5,2
DA:6,2
DA:7,42
DA:8,42
DA:10,2
DA:20,1
DA:25,2
DA:26,2
DA:28,2
DA:33,1
DA:39,1
LF:13
LH:13
BRDA:5,0,0,0
BRDA:5,0,1,2
BRDA:25,1,0,0
BRDA:25,1,1,2
BRDA:30,2,0,1
BRDA:30,2,1,1
BRDA:30,3,0,2
BRDA:30,3,1,2
BRDA:31,4,0,1
BRDA:31,4,1,1
BRDA:31,5,0,2
BRDA:31,5,1,2
BRF:12
BRH:10
end_of_record
TN:
SF:src\functions\httpRequest\ChaynsError.ts
FN:17,(anonymous_0)
FN:49,ChaynsError
FN:28,(anonymous_2)
FNF:3
FNH:3
FNDA:2,(anonymous_0)
FNDA:2,ChaynsError
FNDA:3,(anonymous_2)
DA:1,2
DA:2,2
DA:17,2
DA:18,2
DA:20,2
DA:22,2
DA:24,2
DA:28,2
DA:29,6
DA:30,0
DA:31,0
DA:33,0
DA:35,0
DA:36,0
DA:39,6
DA:40,0
DA:41,0
DA:43,3
DA:44,2
DA:46,1
DA:50,2
DA:51,2
DA:52,2
DA:53,2
DA:54,2
DA:55,2
DA:56,2
DA:57,2
DA:59,2
LF:29
LH:22
BRDA:50,0,0,2
BRDA:50,0,1,0
BRDA:50,1,0,0
BRDA:50,1,1,2
BRDA:50,2,0,2
BRDA:50,2,1,2
BRDA:29,3,0,3
BRDA:29,3,1,0
BRDA:35,4,0,0
BRDA:35,4,1,0
BRDA:39,5,0,3
BRDA:39,5,1,0
BRDA:39,6,0,3
BRDA:39,6,1,3
BRDA:39,7,0,0
BRDA:39,7,1,3
BRDA:39,8,0,3
BRDA:39,8,1,3
BRDA:43,9,0,2
BRDA:43,9,1,1
BRF:20
BRH:13
end_of_record
TN:
SF:src\functions\httpRequest\HttpMethod.ts
FN:4,(anonymous_0)
FNF:1
FNH:1
FNDA:2,(anonymous_0)
DA:4,2
DA:5,2
DA:6,2
DA:7,2
DA:8,2
DA:9,2
LF:6
LH:6
BRDA:4,0,0,2
BRDA:4,0,1,2
BRF:2
BRH:2
end_of_record
TN:
SF:src\functions\httpRequest\HttpStatusCodes.ts
FN:8,(anonymous_0)
FNF:1
FNH:0
FNDA:0,(anonymous_0)
DA:8,0
DA:13,0
DA:23,0
DA:28,0
DA:35,0
DA:43,0
DA:48,0
DA:54,0
DA:61,0
DA:66,0
DA:72,0
DA:79,0
DA:85,0
DA:91,0
DA:98,0
DA:105,0
DA:110,0
DA:120,0
DA:128,0
DA:135,0
DA:143,0
DA:148,0
DA:157,0
DA:164,0
DA:171,0
DA:180,0
DA:187,0
DA:193,0
DA:199,0
DA:206,0
DA:212,0
DA:217,0
DA:225,0
DA:231,0
DA:241,0
DA:246,0
DA:251,0
DA:257,0
DA:264,0
DA:271,0
DA:278,0
DA:283,0
DA:291,0
DA:297,0
DA:302,0
DA:307,0
DA:312,0
DA:317,0
DA:325,0
DA:330,0
DA:336,0
DA:342,0
DA:348,0
DA:354,0
DA:359,0
DA:365,0
DA:370,0
DA:375,0
DA:380,0
DA:385,0
DA:390,0
DA:395,0
DA:402,0
LF:63
LH:0
BRDA:8,0,0,0
BRDA:8,0,1,0
BRF:2
BRH:0
end_of_record
TN:
SF:src\functions\httpRequest\LogLevel.ts
FN:4,(anonymous_0)
FNF:1
FNH:1
FNDA:2,(anonymous_0)
DA:4,2
DA:5,2
DA:6,2
DA:7,2
DA:8,2
DA:9,2
LF:6
LH:6
BRDA:4,0,0,2
BRDA:4,0,1,2
BRF:2
BRH:2
end_of_record
TN:
SF:src\functions\httpRequest\RequestError.ts
FN:6,(anonymous_0)
FN:13,RequestError
FNF:2
FNH:2
FNDA:2,(anonymous_0)
FNDA:2,RequestError
DA:6,2
DA:7,2
DA:14,2
DA:15,2
DA:16,2
DA:17,2
DA:19,2
LF:7
LH:7
BRDA:14,0,0,2
BRDA:14,0,1,0
BRF:2
BRH:1
end_of_record
TN:
SF:src\functions\httpRequest\ResponseType.ts
FN:9,(anonymous_0)
FNF:1
FNH:1
FNDA:2,(anonymous_0)
DA:9,2
DA:10,2
DA:11,2
DA:12,2
DA:13,2
DA:14,2
DA:15,2
DA:16,2
DA:17,2
DA:18,2
DA:19,2
DA:20,2
DA:21,2
DA:22,2
DA:25,2
LF:15
LH:15
BRDA:9,0,0,2
BRDA:9,0,1,2
BRF:2
BRH:2
end_of_record
TN:
SF:src\functions\httpRequest\getChaynsErrorCode.ts
FN:5,getChaynsErrorCodeFromObject
FN:20,getChaynsErrorCode
FNF:2
FNH:2
FNDA:3,getChaynsErrorCodeFromObject
FNDA:3,getChaynsErrorCode
DA:1,2
DA:2,2
DA:6,3
DA:7,2
DA:10,2
DA:12,0
DA:20,2
DA:22,6
DA:23,0
DA:24,0
DA:26,0
DA:28,0
DA:30,6
DA:31,0
DA:32,0
DA:34,3
DA:36,0
DA:43,0
LF:18
LH:9
BRDA:6,0,0,1
BRDA:6,0,1,2
BRDA:7,1,0,2
BRDA:7,1,1,0
BRDA:7,2,0,2
BRDA:7,2,1,2
BRDA:28,3,0,0
BRDA:28,3,1,3
BRDA:22,4,0,3
BRDA:22,4,1,0
BRDA:30,5,0,3
BRDA:30,5,1,0
BRDA:30,6,0,3
BRDA:30,6,1,3
BRDA:30,7,0,0
BRDA:30,7,1,3
BRDA:30,8,0,3
BRDA:30,8,1,3
BRF:18
BRH:13
end_of_record
TN:
SF:src\functions\httpRequest\httpRequest.ts
FN:114,httpRequest
FN:163,(anonymous_1)
FN:164,(anonymous_2)
FN:210,(anonymous_5)
FN:214,(anonymous_6)
FN:215,(anonymous_7)
FN:216,(anonymous_8)
FN:294,(anonymous_9)
FN:297,(anonymous_10)
FN:307,(anonymous_11)
FN:318,(anonymous_12)
FN:330,(anonymous_13)
FN:539,(anonymous_14)
FN:646,(anonymous_15)
FNF:14
FNH:9
FNDA:5,httpRequest
FNDA:5,(anonymous_1)
FNDA:10,(anonymous_2)
FNDA:5,(anonymous_5)
FNDA:5,(anonymous_6)
FNDA:0,(anonymous_7)
FNDA:0,(anonymous_8)
FNDA:6,(anonymous_9)
FNDA:0,(anonymous_10)
FNDA:8,(anonymous_11)
FNDA:5,(anonymous_12)
FNDA:2,(anonymous_13)
FNDA:0,(anonymous_14)
FNDA:0,(anonymous_15)
DA:1,2
DA:2,2
DA:3,2
DA:4,2
DA:5,2
DA:6,2
DA:7,2
DA:8,2
DA:9,2
DA:16,2
DA:17,2
DA:18,2
DA:19,2
DA:20,2
DA:22,2
DA:23,2
DA:24,2
DA:114,7
DA:118,5
DA:120,5
DA:122,5
DA:124,5
DA:129,5
DA:130,5
DA:131,5
DA:132,5
DA:133,5
DA:134,5
DA:135,5
DA:136,5
DA:149,5
DA:150,2
DA:154,2
DA:157,5
DA:158,0
DA:163,5
DA:164,5
DA:166,5
DA:174,5
DA:178,5
DA:182,5
DA:184,5
DA:189,5
DA:199,5
DA:200,5
DA:201,5
DA:202,5
DA:203,0
DA:207,5
DA:208,0
DA:210,5
DA:212,5
DA:214,5
DA:216,0
DA:220,5
DA:221,5
DA:222,0
DA:226,0
DA:227,0
DA:231,5
DA:237,5
DA:238,0
DA:244,5
DA:250,5
DA:255,5
DA:258,5
DA:259,5
DA:260,5
DA:267,5
DA:269,5
DA:272,5
DA:275,5
DA:277,0
DA:279,5
DA:280,5
DA:281,5
DA:282,25
DA:283,25
DA:284,25
DA:286,0
DA:294,5
DA:296,6
DA:297,6
DA:298,0
DA:304,6
DA:305,6
DA:306,6
DA:307,6
DA:308,8
DA:312,6
DA:318,5
DA:319,5
DA:320,5
DA:330,5
DA:335,2
DA:336,2
DA:337,2
DA:338,2
DA:339,0
DA:341,2
DA:342,2
DA:344,0
DA:345,0
DA:346,0
DA:351,5
DA:356,5
DA:362,3
DA:364,0
DA:371,2
DA:372,2
DA:398,2
DA:399,2
DA:400,2
DA:401,2
DA:405,4
DA:406,0
DA:407,0
DA:416,0
DA:417,4
DA:418,0
DA:419,0
DA:428,0
DA:430,2
DA:431,2
DA:432,2
DA:434,0
DA:435,0
DA:437,0
DA:438,0
DA:443,2
DA:447,2
DA:449,0
DA:450,0
DA:454,0
DA:455,0
DA:457,0
DA:458,0
DA:463,0
DA:464,0
DA:466,0
DA:467,0
DA:469,2
DA:471,0
DA:472,0
DA:473,0
DA:478,3
DA:480,3
DA:483,3
DA:485,3
DA:487,3
DA:489,0
DA:495,3
DA:532,3
DA:533,3
DA:534,3
DA:535,3
DA:537,3
DA:538,3
DA:539,2
DA:540,0
DA:545,3
DA:546,0
DA:549,5
DA:550,1
DA:554,4
DA:555,0
DA:558,0
DA:562,0
DA:563,0
DA:567,0
DA:569,0
DA:570,0
DA:571,0
DA:572,0
DA:573,0
DA:585,0
DA:588,0
DA:591,0
DA:594,2
DA:597,2
DA:601,2
DA:602,2
DA:606,2
DA:622,3
DA:624,4
DA:626,2
DA:627,2
DA:628,2
DA:638,2
DA:639,2
DA:640,2
DA:644,0
DA:645,0
DA:646,0
DA:651,0
DA:652,0
DA:653,0
DA:663,0
DA:664,0
DA:665,0
DA:672,2
DA:673,0
DA:674,0
DA:683,0
DA:684,0
DA:685,0
DA:689,2
DA:690,0
DA:691,0
DA:692,0
DA:701,0
DA:702,0
DA:703,0
DA:709,1
DA:710,2
DA:721,5
DA:722,0
DA:724,5
DA:727,2
DA:736,2
LF:220
LH:144
BRDA:118,0,0,0
BRDA:118,0,1,5
BRDA:120,1,0,0
BRDA:120,1,1,5
BRDA:122,2,0,0
BRDA:122,2,1,5
BRDA:126,3,0,5
BRDA:126,3,1,0
BRDA:127,4,0,5
BRDA:127,4,1,0
BRDA:124,5,0,0
BRDA:124,5,1,5
BRDA:143,6,0,5
BRDA:143,6,1,0
BRDA:144,7,0,5
BRDA:144,7,1,0
BRDA:131,8,0,0
BRDA:131,8,1,5
BRDA:132,9,0,0
BRDA:132,9,1,5
BRDA:133,10,0,0
BRDA:133,10,1,5
BRDA:134,11,0,5
BRDA:134,11,1,0
BRDA:135,12,0,5
BRDA:135,12,1,0
BRDA:136,13,0,0
BRDA:136,13,1,5
BRDA:149,14,0,2
BRDA:149,14,1,3
BRDA:157,15,0,0
BRDA:157,15,1,5
BRDA:159,16,0,0
BRDA:159,16,1,0
BRDA:160,17,0,0
BRDA:160,17,1,0
BRDA:159,18,0,0
BRDA:159,18,1,0
BRDA:175,19,0,5
BRDA:175,19,1,5
BRDA:175,20,0,0
BRDA:175,20,1,5
BRDA:175,21,0,5
BRDA:175,21,1,5
BRDA:176,22,0,5
BRDA:176,22,1,5
BRDA:176,23,0,0
BRDA:176,23,1,5
BRDA:176,24,0,5
BRDA:176,24,1,5
BRDA:176,25,0,0
BRDA:176,25,1,5
BRDA:176,26,0,5
BRDA:176,26,1,5
BRDA:179,27,0,5
BRDA:179,27,1,3
BRDA:179,28,0,0
BRDA:179,28,1,5
BRDA:179,29,0,5
BRDA:179,29,1,5
BRDA:180,30,0,5
BRDA:180,30,1,5
BRDA:180,31,0,0
BRDA:180,31,1,5
BRDA:180,32,0,5
BRDA:180,32,1,5
BRDA:180,33,0,0
BRDA:180,33,1,5
BRDA:180,34,0,5
BRDA:180,34,1,5
BRDA:182,35,0,5
BRDA:182,35,1,5
BRDA:182,36,0,0
BRDA:182,36,1,5
BRDA:182,37,0,5
BRDA:182,37,1,5
BRDA:182,38,0,5
BRDA:182,38,1,5
BRDA:182,39,0,0
BRDA:182,39,1,5
BRDA:182,40,0,5
BRDA:182,40,1,5
BRDA:182,41,0,0
BRDA:182,41,1,5
BRDA:182,42,0,5
BRDA:182,42,1,5
BRDA:186,43,0,0
BRDA:186,43,1,5
BRDA:184,44,0,5
BRDA:184,44,1,0
BRDA:195,45,0,5
BRDA:195,45,1,5
BRDA:195,46,0,0
BRDA:195,46,1,5
BRDA:195,47,0,5
BRDA:195,47,1,5
BRDA:195,48,0,0
BRDA:195,48,1,5
BRDA:195,49,0,5
BRDA:195,49,1,5
BRDA:196,50,0,5
BRDA:196,50,1,5
BRDA:196,51,0,0
BRDA:196,51,1,5
BRDA:196,52,0,5
BRDA:196,52,1,5
BRDA:199,53,0,0
BRDA:199,53,1,5
BRDA:199,54,0,5
BRDA:199,54,1,5
BRDA:200,55,0,0
BRDA:200,55,1,5
BRDA:200,56,0,5
BRDA:200,56,1,5
BRDA:200,57,0,0
BRDA:200,57,1,5
BRDA:200,58,0,5
BRDA:200,58,1,5
BRDA:202,59,0,0
BRDA:202,59,1,5
BRDA:202,60,0,5
BRDA:202,60,1,0
BRDA:204,61,0,0
BRDA:204,61,1,0
BRDA:203,62,0,0
BRDA:203,62,1,0
BRDA:205,63,0,0
BRDA:205,63,1,0
BRDA:205,64,0,0
BRDA:205,64,1,0
BRDA:207,65,0,0
BRDA:207,65,1,5
BRDA:207,66,0,5
BRDA:207,66,1,5
BRDA:210,67,0,5
BRDA:210,67,1,5
BRDA:214,68,0,5
BRDA:214,68,1,0
BRDA:216,69,0,0
BRDA:216,69,1,0
BRDA:220,70,0,5
BRDA:220,70,1,0
BRDA:221,71,0,0
BRDA:221,71,1,5
BRDA:221,72,0,5
BRDA:221,72,1,5
BRDA:234,73,0,5
BRDA:234,73,1,0
BRDA:235,74,0,5
BRDA:235,74,1,0
BRDA:237,75,0,0
BRDA:237,75,1,5
BRDA:251,76,0,0
BRDA:251,76,1,5
BRDA:250,77,0,5
BRDA:250,77,1,0
BRDA:255,78,0,0
BRDA:255,78,1,5
BRDA:255,79,0,5
BRDA:255,79,1,0
BRDA:258,80,0,0
BRDA:258,80,1,5
BRDA:258,81,0,5
BRDA:258,81,1,0
BRDA:259,82,0,0
BRDA:259,82,1,5
BRDA:262,83,0,5
BRDA:262,83,1,5
BRDA:262,84,0,0
BRDA:262,84,1,5
BRDA:262,85,0,5
BRDA:262,85,1,5
BRDA:262,86,0,0
BRDA:262,86,1,5
BRDA:262,87,0,5
BRDA:262,87,1,5
BRDA:272,88,0,5
BRDA:272,88,1,0
BRDA:272,89,0,5
BRDA:272,89,1,5
BRDA:272,89,2,5
BRDA:279,90,0,5
BRDA:279,90,1,0
BRDA:279,91,0,5
BRDA:279,91,1,5
BRDA:282,92,0,25
BRDA:282,92,1,0
BRDA:298,93,0,0
BRDA:298,93,1,0
BRDA:298,93,2,0
BRDA:298,93,3,0
BRDA:305,94,0,6
BRDA:305,94,1,6
BRDA:306,95,0,0
BRDA:306,95,1,6
BRDA:308,96,0,8
BRDA:308,96,1,0
BRDA:308,96,2,0
BRDA:308,96,3,0
BRDA:308,96,4,0
BRDA:323,97,0,5
BRDA:323,97,1,0
BRDA:338,98,0,0
BRDA:338,98,1,2
BRDA:338,99,0,2
BRDA:338,99,1,2
BRDA:341,100,0,2
BRDA:341,100,1,0
BRDA:341,101,0,2
BRDA:341,101,1,0
BRDA:341,101,2,0
BRDA:341,101,3,0
BRDA:360,102,0,5
BRDA:360,102,1,0
BRDA:362,103,0,0
BRDA:362,103,1,3
BRDA:379,104,0,0
BRDA:379,104,1,2
BRDA:390,105,0,0
BRDA:390,105,1,2
BRDA:390,106,0,2
BRDA:390,106,1,2
BRDA:390,107,0,2
BRDA:390,107,1,0
BRDA:390,108,0,2
BRDA:390,108,1,2
BRDA:390,109,0,0
BRDA:390,109,1,2
BRDA:390,110,0,2
BRDA:390,110,1,2
BRDA:394,111,0,0
BRDA:394,111,1,2
BRDA:401,112,0,0
BRDA:401,112,1,2
BRDA:401,113,0,2
BRDA:401,113,1,2
BRDA:405,114,0,2
BRDA:405,114,1,0
BRDA:417,115,0,2
BRDA:417,115,1,0
BRDA:430,116,0,2
BRDA:430,116,1,0
BRDA:430,117,0,2
BRDA:430,117,1,0
BRDA:430,117,2,0
BRDA:430,117,3,0
BRDA:433,118,0,0
BRDA:433,118,1,0
BRDA:433,118,2,0
BRDA:433,118,3,0
BRDA:433,118,4,2
BRDA:433,118,5,2
BRDA:433,118,6,0
BRDA:433,118,7,0
BRDA:433,118,8,0
BRDA:433,118,9,0
BRDA:433,118,10,0
BRDA:433,118,11,0
BRDA:433,118,12,0
BRDA:457,119,0,0
BRDA:457,119,1,0
BRDA:466,120,0,0
BRDA:466,120,1,0
BRDA:481,121,0,0
BRDA:481,121,1,3
BRDA:480,122,0,3
BRDA:480,122,1,3
BRDA:501,123,0,0
BRDA:501,123,1,3
BRDA:507,124,0,0
BRDA:507,124,1,3
BRDA:504,125,0,3
BRDA:504,125,1,0
BRDA:504,126,0,0
BRDA:504,126,1,3
BRDA:504,127,0,3
BRDA:504,127,1,3
BRDA:505,128,0,0
BRDA:505,128,1,0
BRDA:505,129,0,0
BRDA:505,129,1,0
BRDA:517,130,0,3
BRDA:517,130,1,0
BRDA:522,131,0,0
BRDA:522,131,1,3
BRDA:522,132,0,3
BRDA:522,132,1,3
BRDA:522,133,0,3
BRDA:522,133,1,0
BRDA:522,134,0,3
BRDA:522,134,1,3
BRDA:522,135,0,0
BRDA:522,135,1,3
BRDA:522,136,0,3
BRDA:522,136,1,3
BRDA:526,137,0,0
BRDA:526,137,1,3
BRDA:533,138,0,1
BRDA:533,138,1,2
BRDA:534,139,0,0
BRDA:534,139,1,3
BRDA:538,140,0,2
BRDA:538,140,1,1
BRDA:540,141,0,0
BRDA:540,141,1,0
BRDA:540,141,2,0
BRDA:545,142,0,0
BRDA:545,142,1,3
BRDA:545,143,0,3
BRDA:545,143,1,2
BRDA:545,144,0,0
BRDA:545,144,1,2
BRDA:545,145,0,2
BRDA:545,145,1,2
BRDA:549,146,0,2
BRDA:549,146,1,1
BRDA:549,147,0,3
BRDA:549,147,1,3
BRDA:554,148,0,2
BRDA:554,148,1,0
BRDA:554,149,0,2
BRDA:554,149,1,2
BRDA:556,150,0,0
BRDA:556,150,1,0
BRDA:563,151,0,0
BRDA:563,151,1,0
BRDA:563,152,0,0
BRDA:563,152,1,0
BRDA:567,153,0,0
BRDA:567,153,1,0
BRDA:567,154,0,0
BRDA:567,154,1,0
BRDA:571,155,0,0
BRDA:571,155,1,0
BRDA:585,156,0,0
BRDA:585,156,1,0
BRDA:588,157,0,0
BRDA:588,157,1,0
BRDA:591,158,0,0
BRDA:591,158,1,0
BRDA:595,159,0,2
BRDA:595,159,1,0
BRDA:602,160,0,0
BRDA:602,160,1,2
BRDA:602,161,0,2
BRDA:602,161,1,2
BRDA:622,162,0,1
BRDA:622,162,1,2
BRDA:622,163,0,3
BRDA:622,163,1,2
BRDA:624,164,0,1
BRDA:624,164,1,2
BRDA:626,165,0,0
BRDA:626,165,1,2
BRDA:638,166,0,2
BRDA:638,166,1,0
BRDA:644,167,0,0
BRDA:644,167,1,0
BRDA:644,168,0,0
BRDA:644,168,1,0
BRDA:647,169,0,0
BRDA:647,169,1,0
BRDA:652,170,0,0
BRDA:652,170,1,0
BRDA:663,171,0,0
BRDA:663,171,1,0
BRDA:672,172,0,1
BRDA:672,172,1,0
BRDA:672,173,0,1
BRDA:672,173,1,1
BRDA:683,174,0,0
BRDA:683,174,1,0
BRDA:689,175,0,1
BRDA:689,175,1,0
BRDA:689,176,0,1
BRDA:689,176,1,1
BRDA:691,177,0,0
BRDA:691,177,1,0
BRDA:701,178,0,0
BRDA:701,178,1,0
BRDA:711,179,0,1
BRDA:711,179,1,0
BRDA:721,180,0,0
BRDA:721,180,1,5
BRF:384
BRH:208
end_of_record
TN:
SF:src\functions\httpRequest\httpRequestUtils.ts
FN:11,(anonymous_0)
FN:21,getLogFunctionByStatus
FN:29,(anonymous_4)
FN:32,(anonymous_5)
FN:40,(anonymous_6)
FN:71,getStatusHandlerByStatusRegex
FN:89,(anonymous_8)
FN:115,(anonymous_11)
FN:140,(anonymous_14)
FN:165,(anonymous_17)
FN:190,(anonymous_20)
FN:217,resolveWithHandler
FN:315,(anonymous_26)
FNF:13
FNH:5
FNDA:17,(anonymous_0)
FNDA:5,getLogFunctionByStatus
FNDA:0,(anonymous_4)
FNDA:0,(anonymous_5)
FNDA:0,(anonymous_6)
FNDA:0,getStatusHandlerByStatusRegex
FNDA:2,(anonymous_8)
FNDA:0,(anonymous_11)
FNDA:0,(anonymous_14)
FNDA:0,(anonymous_17)
FNDA:0,(anonymous_20)
FNDA:3,resolveWithHandler
FNDA:15,(anonymous_26)
DA:1,2
DA:2,2
DA:3,2
DA:4,2
DA:5,2
DA:6,2
DA:7,2
DA:8,2
DA:9,2
DA:11,2
DA:12,17
DA:13,17
DA:14,17
DA:15,8
DA:16,8
DA:18,17
DA:21,2
DA:27,5
DA:28,5
DA:29,5
DA:32,5
DA:34,5
DA:35,7
DA:36,3
DA:39,5
DA:40,0
DA:48,5
DA:49,0
DA:51,0
DA:53,0
DA:55,0
DA:57,0
DA:59,0
DA:61,0
DA:65,0
DA:68,5
DA:71,2
DA:75,0
DA:76,0
DA:77,0
DA:78,0
DA:83,0
DA:86,0
DA:89,2
DA:94,2
DA:96,2
DA:98,2
DA:99,2
DA:101,0
DA:106,0
DA:111,0
DA:115,2
DA:120,0
DA:122,0
DA:124,0
DA:125,0
DA:127,0
DA:132,0
DA:136,0
DA:140,2
DA:145,0
DA:147,0
DA:149,0
DA:150,0
DA:152,0
DA:157,0
DA:161,0
DA:165,2
DA:170,0
DA:172,0
DA:174,0
DA:175,0
DA:177,0
DA:182,0
DA:186,0
DA:190,2
DA:192,0
DA:194,0
DA:196,0
DA:198,0
DA:201,0
DA:206,0
DA:210,0
DA:217,2
DA:225,4
DA:227,5
DA:229,1
DA:230,1
DA:232,2
DA:234,2
DA:235,0
DA:239,0
DA:241,2
DA:242,1
DA:243,1
DA:244,4
DA:251,2
DA:252,0
DA:253,0
DA:254,0
DA:261,0
DA:262,0
DA:263,0
DA:264,0
DA:271,0
DA:272,0
DA:273,0
DA:274,0
DA:281,0
DA:282,0
DA:283,0
DA:284,0
DA:285,0
DA:286,0
DA:287,0
DA:288,0
DA:289,0
DA:292,0
DA:293,0
DA:294,0
DA:295,0
DA:297,0
DA:298,0
DA:301,0
DA:311,0
DA:315,2
DA:317,15
DA:318,15
DA:319,15
DA:320,15
DA:321,4
DA:324,15
DA:325,15
DA:326,0
DA:327,0
DA:330,15
LF:136
LH:58
BRDA:29,0,0,0
BRDA:29,0,1,0
BRDA:29,0,2,0
BRDA:35,1,0,2
BRDA:35,1,1,3
BRDA:41,2,0,0
BRDA:41,2,1,0
BRDA:41,2,2,0
BRDA:41,2,3,0
BRDA:41,2,4,0
BRDA:41,2,5,0
BRDA:41,2,6,0
BRDA:48,3,0,0
BRDA:48,3,1,5
BRDA:48,4,0,5
BRDA:48,4,1,0
BRDA:50,5,0,0
BRDA:50,5,1,0
BRDA:50,5,2,0
BRDA:50,5,3,0
BRDA:50,5,4,0
BRDA:50,5,5,0
BRDA:78,6,0,0
BRDA:78,6,1,0
BRDA:78,7,0,0
BRDA:78,7,1,0
BRDA:78,7,2,0
BRDA:78,8,0,0
BRDA:78,8,1,0
BRDA:78,9,0,0
BRDA:78,9,1,0
BRDA:94,10,0,0
BRDA:94,10,1,2
BRDA:99,11,0,1
BRDA:99,11,1,1
BRDA:120,12,0,0
BRDA:120,12,1,0
BRDA:125,13,0,0
BRDA:125,13,1,0
BRDA:145,14,0,0
BRDA:145,14,1,0
BRDA:150,15,0,0
BRDA:150,15,1,0
BRDA:170,16,0,0
BRDA:170,16,1,0
BRDA:175,17,0,0
BRDA:175,17,1,0
BRDA:192,18,0,0
BRDA:192,18,1,0
BRDA:225,19,0,1
BRDA:225,19,1,2
BRDA:244,20,0,2
BRDA:244,20,1,0
BRDA:244,20,2,0
BRDA:244,20,3,0
BRDA:227,21,0,2
BRDA:227,21,1,1
BRDA:229,22,0,1
BRDA:229,22,1,0
BRDA:229,23,0,1
BRDA:229,23,1,1
BRDA:232,24,0,0
BRDA:232,24,1,2
BRDA:234,25,0,0
BRDA:234,25,1,2
BRDA:242,26,0,1
BRDA:242,26,1,1
BRDA:242,26,2,0
BRDA:242,26,3,0
BRDA:242,26,4,0
BRDA:242,26,5,0
BRDA:242,26,6,0
BRDA:242,26,7,0
BRDA:242,26,8,0
BRDA:242,26,9,0
BRDA:242,26,10,0
BRDA:242,26,11,0
BRDA:290,27,0,0
BRDA:290,27,1,0
BRDA:317,28,0,0
BRDA:317,28,1,15
BRDA:318,29,0,15
BRDA:318,29,1,0
BRDA:326,30,0,0
BRDA:326,30,1,0
BRF:85
BRH:21
end_of_record
TN:
SF:src\functions\httpRequest\isChaynsError.ts
FN:9,isChaynsErrorObject
FN:22,isChaynsError
FNF:2
FNH:1
FNDA:6,isChaynsErrorObject
FNDA:0,isChaynsError
DA:1,2
DA:3,2
DA:9,2
DA:10,6
DA:22,2
DA:24,0
DA:25,0
DA:26,0
DA:28,0
DA:30,0
DA:32,0
DA:33,0
DA:34,0
DA:36,0
DA:38,0
DA:45,0
LF:16
LH:5
BRDA:10,0,0,6
BRDA:10,0,1,6
BRDA:10,0,2,6
BRDA:10,0,3,4
BRDA:10,0,4,4
BRDA:10,0,5,4
BRDA:14,1,0,0
BRDA:14,1,1,4
BRDA:14,2,0,4
BRDA:14,2,1,4
BRDA:30,3,0,0
BRDA:30,3,1,0
BRDA:24,4,0,0
BRDA:24,4,1,0
BRDA:32,5,0,0
BRDA:32,5,1,0
BRDA:32,6,0,0
BRDA:32,6,1,0
BRDA:32,7,0,0
BRDA:32,7,1,0
BRDA:32,8,0,0
BRDA:32,8,1,0
BRF:22
BRH:9
end_of_record
TN:
SF:src\functions\httpRequest\setRequestDefaults.ts
FN:16,setRequestDefaults
FNF:1
FNH:1
FNDA:1,setRequestDefaults
DA:3,2
DA:16,2
DA:17,1
DA:18,1
DA:19,1
LF:5
LH:5
BRDA:17,0,0,1
BRDA:17,0,1,0
BRDA:18,1,0,1
BRDA:18,1,1,0
BRDA:19,2,0,1
BRDA:19,2,1,0
BRF:6
BRH:3
end_of_record
TN:
SF:src\functions\timeHelper\fnsFormat.ts
FN:12,(anonymous_0)
FNF:1
FNH:0
FNDA:0,(anonymous_0)
DA:1,0
DA:2,0
DA:3,0
DA:12,0
DA:18,0
DA:19,0
DA:20,0
DA:21,0
DA:22,0
DA:23,0
DA:25,0
DA:26,0
DA:27,0
DA:29,0
DA:33,0
DA:35,0
DA:36,0
DA:37,0
DA:38,0
DA:41,0
DA:44,0
DA:45,0
DA:51,0
DA:55,0
DA:56,0
DA:57,0
DA:60,0
DA:63,0
LF:28
LH:0
BRDA:21,0,0,0
BRDA:21,0,1,0
BRDA:25,1,0,0
BRDA:25,1,1,0
BRDA:26,2,0,0
BRDA:26,2,1,0
BRDA:33,3,0,0
BRDA:33,3,1,0
BRDA:35,4,0,0
BRDA:35,4,1,0
BRDA:35,5,0,0
BRDA:35,5,1,0
BRDA:36,6,0,0
BRDA:36,6,1,0
BRDA:37,7,0,0
BRDA:37,7,1,0
BRDA:37,8,0,0
BRDA:37,8,1,0
BRDA:38,9,0,0
BRDA:38,9,1,0
BRDA:52,10,0,0
BRDA:52,10,1,0
BRDA:53,11,0,0
BRDA:53,11,1,0
BRDA:54,12,0,0
BRDA:54,12,1,0
BRDA:55,13,0,0
BRDA:55,13,1,0
BRDA:55,14,0,0
BRDA:55,14,1,0
BRDA:56,15,0,0
BRDA:56,15,1,0
BRDA:56,16,0,0
BRDA:56,16,1,0
BRDA:57,17,0,0
BRDA:57,17,1,0
BRF:36
BRH:0
end_of_record
TN:
SF:src\functions\timeHelper\roundDate.ts
FN:9,(anonymous_0)
FNF:1
FNH:1
FNDA:1,(anonymous_0)
DA:1,1
DA:9,1
DA:11,2
DA:12,2
DA:14,1
DA:15,1
DA:16,1
DA:19,1
LF:8
LH:8
BRDA:11,0,0,1
BRDA:11,0,1,0
BRDA:12,1,0,1
BRDA:12,1,1,0
BRF:4
BRH:2
end_of_record
TN:
SF:src\hooks\useClampLines.ts
FN:8,(anonymous_0)
FN:12,(anonymous_1)
FN:13,(anonymous_2)
FN:22,(anonymous_3)
FN:34,(anonymous_4)
FN:40,formatShortString
FN:45,(anonymous_6)
FN:73,(anonymous_7)
FN:86,(anonymous_8)
FNF:9
FNH:0
FNDA:0,(anonymous_0)
FNDA:0,(anonymous_1)
FNDA:0,(anonymous_2)
FNDA:0,(anonymous_3)
FNDA:0,(anonymous_4)
FNDA:0,formatShortString
FNDA:0,(anonymous_6)
FNDA:0,(anonymous_7)
FNDA:0,(anonymous_8)
DA:1,0
DA:4,0
DA:5,0
DA:8,0
DA:9,0
DA:10,0
DA:12,0
DA:13,0
DA:19,0
DA:22,0
DA:23,0
DA:24,0
DA:26,0
DA:30,0
DA:31,0
DA:34,0
DA:40,0
DA:41,0
DA:42,0
DA:45,0
DA:46,0
DA:47,0
DA:73,0
DA:75,0
DA:76,0
DA:77,0
DA:78,0
DA:79,0
DA:80,0
DA:81,0
DA:83,0
DA:84,0
DA:86,0
DA:87,0
DA:88,0
DA:89,0
DA:90,0
DA:91,0
DA:92,0
DA:93,0
DA:95,0
DA:96,0
DA:98,0
DA:99,0
DA:101,0
DA:102,0
DA:103,0
DA:105,0
DA:106,0
DA:107,0
DA:108,0
DA:110,0
DA:112,0
DA:114,0
DA:115,0
DA:118,0
DA:119,0
DA:121,0
DA:124,0
DA:127,0
DA:128,0
DA:130,0
DA:131,0
DA:135,0
DA:138,0
LF:65
LH:0
BRDA:10,0,0,0
BRDA:10,0,1,0
BRDA:23,1,0,0
BRDA:23,1,1,0
BRDA:40,2,0,0
BRDA:40,2,1,0
BRDA:45,3,0,0
BRDA:45,3,1,0
BRDA:81,4,0,0
BRDA:81,4,1,0
BRDA:75,5,0,0
BRDA:75,5,1,0
BRDA:76,6,0,0
BRDA:76,6,1,0
BRDA:78,7,0,0
BRDA:78,7,1,0
BRDA:79,8,0,0
BRDA:79,8,1,0
BRDA:80,9,0,0
BRDA:80,9,1,0
BRDA:87,10,0,0
BRDA:87,10,1,0
BRDA:88,11,0,0
BRDA:88,11,1,0
BRDA:92,12,0,0
BRDA:92,12,1,0
BRDA:95,13,0,0
BRDA:95,13,1,0
BRDA:95,14,0,0
BRDA:95,14,1,0
BRDA:107,15,0,0
BRDA:107,15,1,0
BRDA:112,16,0,0
BRDA:112,16,1,0
BRDA:112,17,0,0
BRDA:112,17,1,0
BRDA:112,18,0,0
BRDA:112,18,1,0
BRDA:112,19,0,0
BRDA:112,19,1,0
BRDA:113,20,0,0
BRDA:113,20,1,0
BRDA:118,21,0,0
BRDA:118,21,1,0
BRDA:125,22,0,0
BRDA:125,22,1,0
BRDA:126,23,0,0
BRDA:126,23,1,0
BRDA:127,24,0,0
BRDA:127,24,1,0
BRF:50
BRH:0
end_of_record
TN:
SF:src\hooks\useComparingSelector.ts
FN:9,(anonymous_0)
FNF:1
FNH:0
FNDA:0,(anonymous_0)
DA:1,0
DA:2,0
DA:9,0
DA:11,0
DA:13,0
LF:5
LH:0
BRDA:9,0,0,0
BRDA:9,0,1,0
BRDA:11,1,0,0
BRDA:11,1,1,0
BRF:4
BRH:0
end_of_record
TN:
SF:src\hooks\useExtendedState.ts
FN:9,useExtendedState
FN:15,(anonymous_1)
FN:15,(anonymous_4)
FN:16,(anonymous_5)
FN:23,(anonymous_6)
FN:26,(anonymous_7)
FNF:6
FNH:0
FNDA:0,useExtendedState
FNDA:0,(anonymous_1)
FNDA:0,(anonymous_4)
FNDA:0,(anonymous_5)
FNDA:0,(anonymous_6)
FNDA:0,(anonymous_7)
DA:1,0
DA:9,0
DA:13,0
DA:15,0
DA:16,0
DA:17,0
DA:18,0
DA:22,0
DA:23,0
DA:24,0
DA:26,0
DA:28,0
LF:12
LH:0
BRDA:25,0,0,0
BRDA:25,0,1,0
BRDA:26,1,0,0
BRDA:26,1,1,0
BRF:4
BRH:0
end_of_record
TN:
SF:src\hooks\usePrevious.ts
FN:8,usePrevious
FN:10,(anonymous_1)
FN:13,(anonymous_2)
FNF:3
FNH:0
FNDA:0,usePrevious
FNDA:0,(anonymous_1)
FNDA:0,(anonymous_2)
DA:1,0
DA:8,0
DA:9,0
DA:10,0
DA:11,0
DA:13,0
LF:6
LH:0
BRF:0
BRH:0
end_of_record
TN:
SF:src\hooks\usePreviousEffect.ts
FN:8,usePreviousEffect
FN:10,(anonymous_1)
FN:13,(anonymous_2)
FN:14,(anonymous_3)
FNF:4
FNH:0
FNDA:0,usePreviousEffect
FNDA:0,(anonymous_1)
FNDA:0,(anonymous_2)
FNDA:0,(anonymous_3)
DA:1,0
DA:8,0
DA:9,0
DA:10,0
DA:11,0
DA:13,0
DA:14,0
LF:7
LH:0
BRF:0
BRH:0
end_of_record
TN:
SF:src\hooks\useUpdateEffect.ts
FN:8,useUpdateEffect
FN:10,(anonymous_1)
FN:13,(anonymous_2)
FN:15,(anonymous_3)
FNF:4
FNH:0
FNDA:0,useUpdateEffect
FNDA:0,(anonymous_1)
FNDA:0,(anonymous_2)
FNDA:0,(anonymous_3)
DA:1,0
DA:8,0
DA:9,0
DA:10,0
DA:11,0
DA:12,0
DA:13,0
DA:15,0
LF:8
LH:0
BRDA:11,0,0,0
BRDA:11,0,1,0
BRDA:15,1,0,0
BRDA:15,1,1,0
BRF:4
BRH:0
end_of_record
TN:
SF:src\hooks\useUser.ts
FN:27,(anonymous_0)
FN:30,(anonymous_1)
FN:33,(anonymous_2)
FN:41,(anonymous_3)
FNF:4
FNH:0
FNDA:0,(anonymous_0)
FNDA:0,(anonymous_1)
FNDA:0,(anonymous_2)
FNDA:0,(anonymous_3)
DA:1,0
DA:2,0
DA:3,0
DA:21,0
DA:27,0
DA:28,0
DA:29,0
DA:30,0
DA:31,0
DA:32,0
DA:33,0
DA:35,0
DA:36,0
DA:37,0
DA:40,0
DA:42,0
DA:43,0
DA:44,0
DA:48,0
DA:51,0
LF:20
LH:0
BRDA:31,0,0,0
BRDA:31,0,1,0
BRDA:31,1,0,0
BRDA:31,1,1,0
BRDA:32,2,0,0
BRDA:32,2,1,0
BRDA:33,3,0,0
BRDA:33,3,1,0
BRDA:33,3,2,0
BRDA:33,3,3,0
BRDA:35,4,0,0
BRDA:35,4,1,0
BRF:12
BRH:0
end_of_record
TN:
SF:src\hooks\useWebsocketService.ts
FN:40,(anonymous_0)
FN:55,(anonymous_1)
FN:56,(anonymous_2)
FN:59,(anonymous_3)
FN:61,(anonymous_4)
FN:92,(anonymous_5)
FN:114,(anonymous_6)
FN:130,(anonymous_7)
FN:151,(anonymous_8)
FN:166,(anonymous_9)
FN:181,(anonymous_10)
FN:192,(anonymous_11)
FN:200,(anonymous_12)
FNF:13
FNH:0
FNDA:0,(anonymous_0)
FNDA:0,(anonymous_1)
FNDA:0,(anonymous_2)
FNDA:0,(anonymous_3)
FNDA:0,(anonymous_4)
FNDA:0,(anonymous_5)
FNDA:0,(anonymous_6)
FNDA:0,(anonymous_7)
FNDA:0,(anonymous_8)
FNDA:0,(anonymous_9)
FNDA:0,(anonymous_10)
FNDA:0,(anonymous_11)
FNDA:0,(anonymous_12)
DA:1,0
DA:2,0
DA:3,0
DA:4,0
DA:6,0
DA:8,0
DA:40,0
DA:45,0
DA:46,0
DA:47,0
DA:48,0
DA:49,0
DA:50,0
DA:51,0
DA:52,0
DA:54,0
DA:55,0
DA:56,0
DA:59,0
DA:60,0
DA:61,0
DA:63,0
DA:68,0
DA:70,0
DA:71,0
DA:75,0
DA:76,0
DA:78,0
DA:81,0
DA:84,0
DA:85,0
DA:88,0
DA:90,0
DA:92,0
DA:93,0
DA:95,0
DA:101,0
DA:114,0
DA:116,0
DA:118,0
DA:130,0
DA:132,0
DA:133,0
DA:138,0
DA:151,0
DA:153,0
DA:154,0
DA:166,0
DA:167,0
DA:168,0
DA:169,0
DA:170,0
DA:171,0
DA:172,0
DA:173,0
DA:181,0
DA:182,0
DA:183,0
DA:184,0
DA:186,0
DA:187,0
DA:188,0
DA:192,0
DA:193,0
DA:194,0
DA:195,0
DA:200,0
DA:204,0
DA:207,0
LF:69
LH:0
BRDA:52,0,0,0
BRDA:52,0,1,0
BRDA:48,1,0,0
BRDA:48,1,1,0
BRDA:49,2,0,0
BRDA:49,2,1,0
BRDA:50,3,0,0
BRDA:50,3,1,0
BRDA:51,4,0,0
BRDA:51,4,1,0
BRDA:60,5,0,0
BRDA:60,5,1,0
BRDA:60,6,0,0
BRDA:60,6,1,0
BRDA:61,7,0,0
BRDA:61,7,1,0
BRDA:63,8,0,0
BRDA:63,8,1,0
BRDA:70,9,0,0
BRDA:70,9,1,0
BRDA:75,10,0,0
BRDA:75,10,1,0
BRDA:81,11,0,0
BRDA:81,11,1,0
BRDA:84,12,0,0
BRDA:84,12,1,0
BRDA:90,13,0,0
BRDA:90,13,1,0
BRDA:93,14,0,0
BRDA:93,14,1,0
BRDA:132,15,0,0
BRDA:132,15,1,0
BRDA:167,16,0,0
BRDA:167,16,1,0
BRDA:168,17,0,0
BRDA:168,17,1,0
BRDA:170,18,0,0
BRDA:170,18,1,0
BRDA:170,19,0,0
BRDA:170,19,1,0
BRDA:170,19,2,0
BRDA:172,20,0,0
BRDA:172,20,1,0
BRDA:178,21,0,0
BRDA:178,21,1,0
BRDA:182,22,0,0
BRDA:182,22,1,0
BRDA:183,23,0,0
BRDA:183,23,1,0
BRDA:187,24,0,0
BRDA:187,24,1,0
BRDA:187,25,0,0
BRDA:187,25,1,0
BRDA:194,26,0,0
BRDA:194,26,1,0
BRDA:194,27,0,0
BRDA:194,27,1,0
BRDA:202,28,0,0
BRDA:202,28,1,0
BRDA:202,29,0,0
BRDA:202,29,1,0
BRDA:204,30,0,0
BRDA:204,30,1,0
BRF:63
BRH:0
end_of_record
TN:
SF:src\hooks\uniques\useTimeoutState.ts
FN:11,(anonymous_0)
FN:20,(anonymous_1)
FN:24,(anonymous_2)
FN:28,(anonymous_3)
FN:32,(anonymous_4)
FNF:5
FNH:0
FNDA:0,(anonymous_0)
FNDA:0,(anonymous_1)
FNDA:0,(anonymous_2)
FNDA:0,(anonymous_3)
FNDA:0,(anonymous_4)
DA:1,0
DA:2,0
DA:3,0
DA:11,0
DA:14,0
DA:16,0
DA:17,0
DA:18,0
DA:20,0
DA:21,0
DA:24,0
DA:25,0
DA:26,0
DA:28,0
DA:29,0
DA:32,0
DA:35,0
DA:41,0
LF:18
LH:0
BRDA:14,0,0,0
BRDA:14,0,1,0
BRDA:21,1,0,0
BRDA:21,1,1,0
BRDA:22,2,0,0
BRDA:22,2,1,0
BRDA:21,3,0,0
BRDA:21,3,1,0
BRDA:27,4,0,0
BRDA:27,4,1,0
BRDA:27,5,0,0
BRDA:27,5,1,0
BRF:12
BRH:0
end_of_record
TN:
SF:src\textstring\TextStringComplex.tsx
FN:36,(anonymous_0)
FN:48,(anonymous_1)
FN:49,(anonymous_2)
FN:59,(anonymous_5)
FN:72,(anonymous_8)
FN:152,(anonymous_9)
FN:169,(anonymous_10)
FN:173,(anonymous_11)
FNF:8
FNH:0
FNDA:0,(anonymous_0)
FNDA:0,(anonymous_1)
FNDA:0,(anonymous_2)
FNDA:0,(anonymous_5)
FNDA:0,(anonymous_8)
FNDA:0,(anonymous_9)
FNDA:0,(anonymous_10)
FNDA:0,(anonymous_11)
DA:1,0
DA:3,0
DA:5,0
DA:6,0
DA:7,0
DA:8,0
DA:9,0
DA:36,0
DA:37,0
DA:38,0
DA:39,0
DA:40,0
DA:41,0
DA:42,0
DA:43,0
DA:44,0
DA:45,0
DA:48,0
DA:49,0
DA:50,0
DA:51,0
DA:59,0
DA:60,0
DA:70,0
DA:71,0
DA:72,0
DA:73,0
DA:96,0
DA:97,0
DA:117,0
DA:152,0
DA:153,0
DA:154,0
DA:155,0
DA:156,0
DA:157,0
DA:158,0
DA:159,0
DA:160,0
DA:163,0
DA:164,0
DA:169,0
DA:173,0
DA:174,0
DA:183,0
DA:188,0
LF:46
LH:0
BRDA:39,0,0,0
BRDA:39,0,1,0
BRDA:40,1,0,0
BRDA:40,1,1,0
BRDA:41,2,0,0
BRDA:41,2,1,0
BRDA:42,3,0,0
BRDA:42,3,1,0
BRDA:43,4,0,0
BRDA:43,4,1,0
BRDA:44,5,0,0
BRDA:44,5,1,0
BRDA:51,6,0,0
BRDA:51,6,1,0
BRDA:51,7,0,0
BRDA:51,7,1,0
BRDA:51,7,2,0
BRDA:51,7,3,0
BRDA:51,7,4,0
BRDA:51,7,5,0
BRDA:51,7,6,0
BRDA:54,8,0,0
BRDA:54,8,1,0
BRDA:54,9,0,0
BRDA:54,9,1,0
BRDA:60,10,0,0
BRDA:71,11,0,0
BRDA:71,11,1,0
BRDA:71,12,0,0
BRDA:71,12,1,0
BRDA:71,12,2,0
BRDA:71,12,3,0
BRDA:96,13,0,0
BRDA:96,13,1,0
BRDA:96,14,0,0
BRDA:96,14,1,0
BRDA:133,15,0,0
BRDA:133,15,1,0
BRDA:133,16,0,0
BRDA:133,16,1,0
BRDA:133,17,0,0
BRDA:133,17,1,0
BRDA:133,18,0,0
BRDA:133,18,1,0
BRDA:163,19,0,0
BRDA:163,19,1,0
BRDA:165,20,0,0
BRDA:165,20,1,0
BRDA:176,21,0,0
BRDA:176,21,1,0
BRDA:184,22,0,0
BRDA:184,22,1,0
BRDA:183,23,0,0
BRDA:183,23,1,0
BRF:54
BRH:0
end_of_record
TN:
SF:src\textstring\getTextStrings.ts
FN:44,getTextStrings
FNF:1
FNH:1
FNDA:12,getTextStrings
DA:2,1
DA:3,1
DA:4,1
DA:49,12
DA:50,12
DA:51,12
DA:52,12
DA:57,12
DA:58,14
DA:59,14
DA:64,14
DA:71,14
DA:73,14
DA:75,12
DA:78,1
LF:15
LH:15
BRDA:53,0,0,4
BRDA:53,0,1,8
BRDA:55,1,0,4
BRDA:55,1,1,4
BRDA:60,2,0,9
BRDA:60,2,1,5
BRDA:61,3,0,5
BRDA:61,3,1,4
BRDA:67,4,0,4
BRDA:67,4,1,10
BRDA:66,5,0,14
BRDA:66,5,1,9
BRDA:71,6,0,1
BRDA:71,6,1,13
BRDA:73,7,0,1
BRDA:73,7,1,13
BRDA:75,8,0,4
BRDA:75,8,1,8
BRDA:75,9,0,12
BRDA:75,9,1,8
BRF:20
BRH:20
end_of_record
TN:
SF:src\textstring\jsxReplace.tsx
FN:31,jsxReplace
FN:50,(anonymous_2)
FN:63,(anonymous_3)
FN:119,(anonymous_4)
FN:122,(anonymous_5)
FNF:5
FNH:0
FNDA:0,jsxReplace
FNDA:0,(anonymous_2)
FNDA:0,(anonymous_3)
FNDA:0,(anonymous_4)
FNDA:0,(anonymous_5)
DA:1,0
DA:2,0
DA:3,0
DA:4,0
DA:5,0
DA:19,0
DA:31,0
DA:33,0
DA:34,0
DA:35,0
DA:36,0
DA:37,0
DA:40,0
DA:41,0
DA:42,0
DA:44,0
DA:46,0
DA:47,0
DA:49,0
DA:51,0
DA:54,0
DA:55,0
DA:63,0
DA:64,0
DA:66,0
DA:67,0
DA:68,0
DA:69,0
DA:70,0
DA:71,0
DA:72,0
DA:73,0
DA:74,0
DA:75,0
DA:77,0
DA:78,0
DA:79,0
DA:81,0
DA:82,0
DA:88,0
DA:89,0
DA:91,0
DA:92,0
DA:95,0
DA:96,0
DA:116,0
DA:117,0
DA:118,0
DA:120,0
DA:121,0
DA:122,0
DA:123,0
DA:124,0
DA:125,0
DA:131,0
LF:55
LH:0
BRDA:35,0,0,0
BRDA:35,0,1,0
BRDA:36,1,0,0
BRDA:36,1,1,0
BRDA:37,2,0,0
BRDA:37,2,1,0
BRDA:50,3,0,0
BRDA:50,3,1,0
BRDA:51,4,0,0
BRDA:51,4,1,0
BRDA:51,5,0,0
BRDA:51,5,1,0
BRDA:54,6,0,0
BRDA:54,6,1,0
BRDA:64,7,0,0
BRDA:64,7,1,0
BRDA:64,8,0,0
BRDA:64,8,1,0
BRDA:71,9,0,0
BRDA:71,9,1,0
BRDA:81,10,0,0
BRDA:81,10,1,0
BRDA:84,11,0,0
BRDA:84,11,1,0
BRDA:85,12,0,0
BRDA:85,12,1,0
BRDA:88,13,0,0
BRDA:88,13,1,0
BRDA:89,14,0,0
BRDA:89,14,1,0
BRDA:91,15,0,0
BRDA:91,15,1,0
BRDA:91,16,0,0
BRDA:91,16,1,0
BRDA:99,17,0,0
BRDA:99,17,1,0
BRDA:98,18,0,0
BRDA:98,18,1,0
BRDA:103,19,0,0
BRDA:103,19,1,0
BRDA:116,20,0,0
BRDA:116,20,1,0
BRDA:120,21,0,0
BRDA:120,21,1,0
BRDA:120,22,0,0
BRDA:120,22,1,0
BRDA:122,23,0,0
BRDA:122,23,1,0
BRDA:123,24,0,0
BRDA:123,24,1,0
BRF:50
BRH:0
end_of_record
TN:
SF:src\textstring\textstringConfig.ts
FN:21,(anonymous_0)
FNF:1
FNH:0
FNDA:0,(anonymous_0)
DA:1,1
DA:21,1
DA:23,0
DA:24,0
DA:25,0
DA:26,0
DA:27,0
DA:30,1
LF:8
LH:3
BRDA:25,0,0,0
BRDA:25,0,1,0
BRDA:23,1,0,0
BRDA:23,1,1,0
BRDA:24,2,0,0
BRDA:24,2,1,0
BRF:6
BRH:0
end_of_record
TN:
SF:src\textstring\useTextStrings.ts
FN:30,useTextStrings
FN:34,(anonymous_1)
FNF:2
FNH:0
FNDA:0,useTextStrings
FNDA:0,(anonymous_1)
DA:1,0
DA:2,0
DA:34,0
DA:35,0
DA:39,0
LF:5
LH:0
BRF:0
BRH:0
end_of_record
TN:
SF:src\utils\colorLog.ts
FN:7,createColorLog
FN:28,(anonymous_1)
FN:29,(anonymous_2)
FNF:3
FNH:2
FNDA:6,createColorLog
FNDA:6,(anonymous_1)
FNDA:0,(anonymous_2)
DA:2,2
DA:4,2
DA:7,2
DA:8,6
DA:9,0
DA:10,0
DA:11,0
DA:12,0
DA:13,0
DA:14,0
DA:17,0
DA:26,2
DA:28,6
DA:29,0
DA:32,2
LF:15
LH:7
BRDA:8,0,0,6
BRDA:8,0,1,0
BRDA:8,1,0,6
BRDA:8,1,1,6
BRF:4
BRH:3
end_of_record
TN:
SF:src\utils\isNullOrWhiteSpace.ts
FN:1,isNullOrWhiteSpace
FNF:1
FNH:1
FNDA:33,isNullOrWhiteSpace
DA:1,3
DA:2,33
LF:2
LH:2
BRDA:2,0,0,33
BRDA:2,0,1,33
BRDA:2,0,2,33
BRDA:2,0,3,33
BRF:4
BRH:4
end_of_record
TN:
SF:src\utils\requireChaynsLogger.ts
FN:40,setCustomLogger
FNF:1
FNH:1
FNDA:25,setCustomLogger
DA:28,25
DA:40,25
DA:41,25
DA:45,25
DA:46,25
DA:47,25
DA:48,25
DA:49,25
DA:52,25
DA:53,25
DA:60,25
LF:11
LH:11
BRF:0
BRH:0
end_of_record
TN:
SF:src\utils\requireUseSelector.ts
FN:5,(anonymous_0)
FNF:1
FNH:0
FNDA:0,(anonymous_0)
DA:5,0
DA:6,0
DA:9,0
DA:11,0
DA:16,0
LF:5
LH:0
BRDA:11,0,0,0
BRDA:11,0,1,0
BRDA:11,1,0,0
BRDA:11,1,1,0
BRF:4
BRH:0
end_of_record
TN:
SF:src\utils\stringToRegex.ts
FN:8,(anonymous_0)
FNF:1
FNH:1
FNDA:25,(anonymous_0)
DA:1,2
DA:2,2
DA:8,50
DA:9,25
DA:10,0
DA:12,25
DA:13,25
DA:14,25
DA:17,2
LF:9
LH:8
BRDA:8,0,0,25
BRDA:8,0,1,0
BRDA:9,1,0,0
BRDA:9,1,1,25
BRDA:10,2,0,0
BRDA:10,2,1,0
BRDA:14,3,0,0
BRDA:14,3,1,25
BRF:8
BRH:3
end_of_record
TN:
SF:src\utils\useRefresh.ts
FN:8,(anonymous_0)
FN:11,(anonymous_1)
FN:15,(anonymous_2)
FN:18,(anonymous_3)
FN:22,(anonymous_4)
FNF:5
FNH:2
FNDA:2,(anonymous_0)
FNDA:0,(anonymous_1)
FNDA:2,(anonymous_2)
FNDA:0,(anonymous_3)
FNDA:0,(anonymous_4)
DA:1,2
DA:8,2
DA:9,2
DA:11,2
DA:12,0
DA:15,2
DA:17,2
DA:18,2
DA:19,0
DA:22,2
DA:23,0
DA:27,2
DA:30,2
LF:13
LH:10
BRDA:17,0,0,2
BRDA:17,0,1,0
BRDA:23,1,0,0
BRDA:23,1,1,0
BRF:4
BRH:1
end_of_record
